Log file open, 08/31/19 03:58:20
LogWindows: Failed to load 'aqProf.dll' (GetLastError=126)
LogWindows: File 'aqProf.dll' does not exist
LogWindows: Failed to load 'VtuneApi.dll' (GetLastError=126)
LogWindows: File 'VtuneApi.dll' does not exist
LogWindows: Failed to load 'VtuneApi32e.dll' (GetLastError=126)
LogWindows: File 'VtuneApi32e.dll' does not exist
LogConsoleResponse: Display: Failed to find resolution value strings in scalability ini. Falling back to default.
LogInit: Display: Running engine for game: Project_Nezha
LogPakFile: Registered encryption key '00000000000000000000000000000000': 0 pak files mounted, 0 remain pending
LogPlatformFile: Not using cached read wrapper
LogTaskGraph: Started task graph with 5 named threads and 14 total threads with 3 sets of task threads.
LogStats: Stats thread started at 6.968932
LogD3D11RHI: Loaded GFSDK_Aftermath_Lib.x64.dll
LogICUInternationalization: ICU TimeZone Detection - Raw Offset: +10:00, Platform Override: ''
LogPluginManager: Mounting plugin Paper2D
LogPluginManager: Mounting plugin AISupport
LogPluginManager: Mounting plugin LightPropagationVolume
LogPluginManager: Mounting plugin ActorLayerUtilities
LogPluginManager: Mounting plugin AnimationSharing
LogPluginManager: Mounting plugin CLionSourceCodeAccess
LogPluginManager: Mounting plugin CodeLiteSourceCodeAccess
LogPluginManager: Mounting plugin GitSourceControl
LogPluginManager: Mounting plugin KDevelopSourceCodeAccess
LogPluginManager: Mounting plugin NullSourceCodeAccess
LogPluginManager: Mounting plugin PerforceSourceControl
LogPluginManager: Mounting plugin SubversionSourceControl
LogPluginManager: Mounting plugin UObjectPlugin
LogPluginManager: Mounting plugin VisualStudioCodeSourceCodeAccess
LogPluginManager: Mounting plugin VisualStudioSourceCodeAccess
LogPluginManager: Mounting plugin XCodeSourceCodeAccess
LogPluginManager: Mounting plugin AssetManagerEditor
LogPluginManager: Mounting plugin CryptoKeys
LogPluginManager: Mounting plugin DataValidation
LogPluginManager: Mounting plugin FacialAnimation
LogPluginManager: Mounting plugin GameplayTagsEditor
LogPluginManager: Mounting plugin MacGraphicsSwitching
LogPluginManager: Mounting plugin MaterialAnalyzer
LogPluginManager: Mounting plugin MobileLauncherProfileWizard
LogPluginManager: Mounting plugin PluginBrowser
LogPluginManager: Mounting plugin SpeedTreeImporter
LogPluginManager: Mounting plugin DatasmithContent
LogPluginManager: Mounting plugin VariantManagerContent
LogPluginManager: Mounting plugin AlembicImporter
LogPluginManager: Mounting plugin AppleImageUtils
LogPluginManager: Mounting plugin AppleVision
LogPluginManager: Mounting plugin BackChannel
LogPluginManager: Mounting plugin CharacterAI
LogPluginManager: Mounting plugin GeometryCache
LogPluginManager: Mounting plugin HTML5Networking
LogPluginManager: Mounting plugin ProxyLODPlugin
LogPluginManager: Mounting plugin SkeletalReduction
LogPluginManager: Mounting plugin MagicLeap
LogPluginManager: Mounting plugin MagicLeapMedia
LogPluginManager: Mounting plugin AndroidMedia
LogPluginManager: Mounting plugin AvfMedia
LogPluginManager: Mounting plugin ImgMedia
LogPluginManager: Mounting plugin LinearTimecode
LogPluginManager: Mounting plugin MediaCompositing
LogPluginManager: Mounting plugin MediaPlayerEditor
LogPluginManager: Mounting plugin WebMMedia
LogPluginManager: Mounting plugin WmfMedia
LogPluginManager: Mounting plugin TcpMessaging
LogPluginManager: Mounting plugin UdpMessaging
LogPluginManager: Mounting plugin ActorSequence
LogPluginManager: Mounting plugin LevelSequenceEditor
LogPluginManager: Mounting plugin MatineeToLevelSequence
LogPluginManager: Mounting plugin NetcodeUnitTest
LogPluginManager: Mounting plugin NUTUnrealEngine4
LogPluginManager: Mounting plugin OnlineSubsystemGooglePlay
LogPluginManager: Mounting plugin OnlineSubsystemIOS
LogPluginManager: Mounting plugin OnlineSubsystem
LogPluginManager: Mounting plugin OnlineSubsystemNull
LogPluginManager: Mounting plugin OnlineSubsystemUtils
LogPluginManager: Mounting plugin LauncherChunkInstaller
LogPluginManager: Mounting plugin AndroidDeviceProfileSelector
LogPluginManager: Mounting plugin AndroidMoviePlayer
LogPluginManager: Mounting plugin AndroidPermission
LogPluginManager: Mounting plugin AppleMoviePlayer
LogPluginManager: Mounting plugin ArchVisCharacter
LogPluginManager: Mounting plugin AudioCapture
LogPluginManager: Mounting plugin CableComponent
LogPluginManager: Mounting plugin CustomMeshComponent
LogPluginManager: Mounting plugin EditableMesh
LogPluginManager: Mounting plugin ExampleDeviceProfileSelector
LogPluginManager: Mounting plugin Firebase
LogPluginManager: Mounting plugin GoogleCloudMessaging
LogPluginManager: Mounting plugin IOSDeviceProfileSelector
LogPluginManager: Mounting plugin LinuxDeviceProfileSelector
LogPluginManager: Mounting plugin LocationServicesBPLibrary
LogPluginManager: Mounting plugin MobilePatchingUtils
LogPluginManager: Mounting plugin OculusVR
LogPluginManager: Mounting plugin PhysXVehicles
LogPluginManager: Mounting plugin ProceduralMeshComponent
LogPluginManager: Mounting plugin RuntimePhysXCooking
LogPluginManager: Mounting plugin SignificanceManager
LogPluginManager: Mounting plugin SteamVR
LogPluginManager: Mounting plugin WebMMoviePlayer
LogPluginManager: Mounting plugin WindowsMoviePlayer
LogInit: Using libcurl 7.55.1-DEV
LogInit:  - built for x86_64-pc-win32
LogInit:  - supports SSL with OpenSSL/1.1.1
LogInit:  - supports HTTP deflate (compression) using libz 1.2.8
LogInit:  - other features:
LogInit:      CURL_VERSION_SSL
LogInit:      CURL_VERSION_LIBZ
LogInit:      CURL_VERSION_IPV6
LogInit:      CURL_VERSION_ASYNCHDNS
LogInit:      CURL_VERSION_LARGEFILE
LogInit:      CURL_VERSION_IDN
LogInit:  CurlRequestOptions (configurable via config and command line):
LogInit:  - bVerifyPeer = true  - Libcurl will verify peer certificate
LogInit:  - bUseHttpProxy = false  - Libcurl will NOT use HTTP proxy
LogInit:  - bDontReuseConnections = false  - Libcurl will reuse connections
LogInit:  - MaxHostConnections = 16  - Libcurl will limit the number of connections to a host
LogInit:  - LocalHostAddr = Default
LogInit:  - BufferSize = 65536
LogInit: WinSock: version 1.1 (2.2), MaxSocks=32767, MaxUdp=65467
LogInit: Build: ++UE4+Release-4.22-CL-7053642
LogInit: Engine Version: 4.22.3-7053642+++UE4+Release-4.22
LogInit: Compatible Engine Version: 4.22.0-5660361+++UE4+Release-4.22
LogInit: Net CL: 5660361
LogInit: OS: Windows 10 (Release 1607) (), CPU: Intel(R) Core(TM) i5-6300HQ CPU @ 2.30GHz, GPU: Intel(R) HD Graphics 530
LogInit: Compiled (64-bit): Jun 18 2019 03:09:11
LogInit: Compiled with Visual C++: 19.16.27025.01
LogInit: Build Configuration: Development
LogInit: Branch Name: ++UE4+Release-4.22
LogInit: Command Line: 
LogInit: Base Directory: E:/unreal-engine/UE_4.22/Engine/Binaries/Win64/
LogInit: Installed Engine Build: 1
LogDevObjectVersion: Number of dev versions registered: 23
LogDevObjectVersion:   Dev-Blueprints (B0D832E4-1F89-4F0D-ACCF-7EB736FD4AA2): 10
LogDevObjectVersion:   Dev-Build (E1C64328-A22C-4D53-A36C-8E866417BD8C): 0
LogDevObjectVersion:   Dev-Core (375EC13C-06E4-48FB-B500-84F0262A717E): 3
LogDevObjectVersion:   Dev-Editor (E4B068ED-F494-42E9-A231-DA0B2E46BB41): 30
LogDevObjectVersion:   Dev-Framework (CFFC743F-43B0-4480-9391-14DF171D2073): 35
LogDevObjectVersion:   Dev-Mobile (B02B49B5-BB20-44E9-A304-32B752E40360): 2
LogDevObjectVersion:   Dev-Networking (A4E4105C-59A1-49B5-A7C5-40C4547EDFEE): 0
LogDevObjectVersion:   Dev-Online (39C831C9-5AE6-47DC-9A44-9C173E1C8E7C): 0
LogDevObjectVersion:   Dev-Physics (78F01B33-EBEA-4F98-B9B4-84EACCB95AA2): 0
LogDevObjectVersion:   Dev-Platform (6631380F-2D4D-43E0-8009-CF276956A95A): 0
LogDevObjectVersion:   Dev-Rendering (12F88B9F-8875-4AFC-A67C-D90C383ABD29): 28
LogDevObjectVersion:   Dev-Sequencer (7B5AE74C-D270-4C10-A958-57980B212A5A): 11
LogDevObjectVersion:   Dev-VR (D7296918-1DD6-4BDD-9DE2-64A83CC13884): 2
LogDevObjectVersion:   Dev-LoadTimes (C2A15278-BFE7-4AFE-6C17-90FF531DF755): 1
LogDevObjectVersion:   Private-Geometry (6EACA3D4-40EC-4CC1-B786-8BED09428FC5): 3
LogDevObjectVersion:   Dev-AnimPhys (29E575DD-E0A3-4627-9D10-D276232CDCEA): 17
LogDevObjectVersion:   Dev-Anim (AF43A65D-7FD3-4947-9873-3E8ED9C1BB05): 2
LogDevObjectVersion:   Dev-ReflectionCapture (6B266CEC-1EC7-4B8F-A30B-E4D90942FC07): 1
LogDevObjectVersion:   Dev-Automation (0DF73D61-A23F-47EA-B727-89E90C41499A): 1
LogDevObjectVersion:   FortniteMain (601D1886-AC64-4F84-AA16-D3DE0DEAC7D6): 25
LogDevObjectVersion:   Dev-Enterprise (9DFFBCD6-494F-0158-E221-12823C92A888): 6
LogDevObjectVersion:   Dev-Niagara (F2AED0AC-9AFE-416F-8664-AA7FFA26D6FC): 1
LogDevObjectVersion:   Dev-Destruction (174F1F0B-B4C6-45A5-B13F-2EE8D0FB917D): 2
LogInit: Presizing for max 16777216 objects, including 0 objects not considered by GC, pre-allocating 0 bytes for permanent pool.
LogInit: Object subsystem initialized
LogConfig: Setting CVar [[con.DebugEarlyDefault:1]]
LogConfig: Setting CVar [[r.setres:1280x720]]
[2019.08.30-17.58.24:492][  0]LogConfig: Setting CVar [[r.VSync:0]]
[2019.08.30-17.58.24:492][  0]LogConfig: Setting CVar [[r.RHICmdBypass:0]]
[2019.08.30-17.58.24:492][  0]LogConfig: Applying CVar settings from Section [/Script/Engine.RendererSettings] File [E:/university/github_file/Project-Nezha/Project_Nezha/Saved/Config/Windows/Engine.ini]
[2019.08.30-17.58.24:492][  0]LogConfig: Setting CVar [[r.GPUCrashDebugging:0]]
[2019.08.30-17.58.24:492][  0]LogConfig: Applying CVar settings from Section [/Script/Engine.RendererOverrideSettings] File [E:/university/github_file/Project-Nezha/Project_Nezha/Saved/Config/Windows/Engine.ini]
[2019.08.30-17.58.24:492][  0]LogConfig: Applying CVar settings from Section [/Script/Engine.StreamingSettings] File [E:/university/github_file/Project-Nezha/Project_Nezha/Saved/Config/Windows/Engine.ini]
[2019.08.30-17.58.24:492][  0]LogConfig: Setting CVar [[s.MinBulkDataSizeForAsyncLoading:131072]]
[2019.08.30-17.58.24:492][  0]LogConfig: Setting CVar [[s.AsyncLoadingThreadEnabled:0]]
[2019.08.30-17.58.24:492][  0]LogConfig: Setting CVar [[s.EventDrivenLoaderEnabled:1]]
[2019.08.30-17.58.24:492][  0]LogConfig: Setting CVar [[s.WarnIfTimeLimitExceeded:0]]
[2019.08.30-17.58.24:492][  0]LogConfig: Setting CVar [[s.TimeLimitExceededMultiplier:1.5]]
[2019.08.30-17.58.24:492][  0]LogConfig: Setting CVar [[s.TimeLimitExceededMinTime:0.005]]
[2019.08.30-17.58.24:492][  0]LogConfig: Setting CVar [[s.UseBackgroundLevelStreaming:1]]
[2019.08.30-17.58.24:492][  0]LogConfig: Setting CVar [[s.PriorityAsyncLoadingExtraTime:15.0]]
[2019.08.30-17.58.24:492][  0]LogConfig: Setting CVar [[s.LevelStreamingActorsUpdateTimeLimit:5.0]]
[2019.08.30-17.58.24:492][  0]LogConfig: Setting CVar [[s.PriorityLevelStreamingActorsUpdateExtraTime:5.0]]
[2019.08.30-17.58.24:492][  0]LogConfig: Setting CVar [[s.LevelStreamingComponentsRegistrationGranularity:10]]
[2019.08.30-17.58.24:492][  0]LogConfig: Setting CVar [[s.UnregisterComponentsTimeLimit:1.0]]
[2019.08.30-17.58.24:492][  0]LogConfig: Setting CVar [[s.LevelStreamingComponentsUnregistrationGranularity:5]]
[2019.08.30-17.58.24:492][  0]LogConfig: Applying CVar settings from Section [/Script/Engine.GarbageCollectionSettings] File [E:/university/github_file/Project-Nezha/Project_Nezha/Saved/Config/Windows/Engine.ini]
[2019.08.30-17.58.24:492][  0]LogConfig: Setting CVar [[gc.MaxObjectsNotConsideredByGC:1]]
[2019.08.30-17.58.24:492][  0]LogConfig: Setting CVar [[gc.SizeOfPermanentObjectPool:0]]
[2019.08.30-17.58.24:492][  0]LogConfig: Setting CVar [[gc.FlushStreamingOnGC:0]]
[2019.08.30-17.58.24:492][  0]LogConfig: Setting CVar [[gc.NumRetriesBeforeForcingGC:10]]
[2019.08.30-17.58.24:492][  0]LogConfig: Setting CVar [[gc.AllowParallelGC:1]]
[2019.08.30-17.58.24:492][  0]LogConfig: Setting CVar [[gc.TimeBetweenPurgingPendingKillObjects:61.1]]
[2019.08.30-17.58.24:492][  0]LogConfig: Setting CVar [[gc.MaxObjectsInEditor:16777216]]
[2019.08.30-17.58.24:492][  0]LogConfig: Setting CVar [[gc.IncrementalBeginDestroyEnabled:1]]
[2019.08.30-17.58.24:492][  0]LogConfig: Setting CVar [[gc.CreateGCClusters:1]]
[2019.08.30-17.58.24:492][  0]LogConfig: Setting CVar [[gc.MinGCClusterSize:5]]
[2019.08.30-17.58.24:492][  0]LogConfig: Setting CVar [[gc.ActorClusteringEnabled:0]]
[2019.08.30-17.58.24:492][  0]LogConfig: Setting CVar [[gc.BlueprintClusteringEnabled:0]]
[2019.08.30-17.58.24:492][  0]LogConfig: Setting CVar [[gc.UseDisregardForGCOnDedicatedServers:0]]
[2019.08.30-17.58.24:492][  0]LogConfig: Applying CVar settings from Section [/Script/Engine.NetworkSettings] File [E:/university/github_file/Project-Nezha/Project_Nezha/Saved/Config/Windows/Engine.ini]
[2019.08.30-17.58.24:492][  0]LogConfig: Applying CVar settings from Section [/Script/UnrealEd.CookerSettings] File [E:/university/github_file/Project-Nezha/Project_Nezha/Saved/Config/Windows/Engine.ini]
[2019.08.30-17.58.24:638][  0]LogConfig: Applying CVar settings from Section [ViewDistanceQuality@3] File [E:/university/github_file/Project-Nezha/Project_Nezha/Saved/Config/Windows/Scalability.ini]
[2019.08.30-17.58.24:638][  0]LogConfig: Setting CVar [[r.SkeletalMeshLODBias:0]]
[2019.08.30-17.58.24:638][  0]LogConfig: Setting CVar [[r.ViewDistanceScale:1.0]]
[2019.08.30-17.58.24:638][  0]LogConfig: Applying CVar settings from Section [AntiAliasingQuality@3] File [E:/university/github_file/Project-Nezha/Project_Nezha/Saved/Config/Windows/Scalability.ini]
[2019.08.30-17.58.24:638][  0]LogConfig: Setting CVar [[r.PostProcessAAQuality:4]]
[2019.08.30-17.58.24:638][  0]LogConfig: Applying CVar settings from Section [ShadowQuality@3] File [E:/university/github_file/Project-Nezha/Project_Nezha/Saved/Config/Windows/Scalability.ini]
[2019.08.30-17.58.24:638][  0]LogConfig: Setting CVar [[r.LightFunctionQuality:1]]
[2019.08.30-17.58.24:638][  0]LogConfig: Setting CVar [[r.ShadowQuality:5]]
[2019.08.30-17.58.24:638][  0]LogConfig: Setting CVar [[r.Shadow.CSM.MaxCascades:10]]
[2019.08.30-17.58.24:638][  0]LogConfig: Setting CVar [[r.Shadow.MaxResolution:2048]]
[2019.08.30-17.58.24:639][  0]LogConfig: Setting CVar [[r.Shadow.MaxCSMResolution:2048]]
[2019.08.30-17.58.24:639][  0]LogConfig: Setting CVar [[r.Shadow.RadiusThreshold:0.01]]
[2019.08.30-17.58.24:639][  0]LogConfig: Setting CVar [[r.Shadow.DistanceScale:1.0]]
[2019.08.30-17.58.24:639][  0]LogConfig: Setting CVar [[r.Shadow.CSM.TransitionScale:1.0]]
[2019.08.30-17.58.24:639][  0]LogConfig: Setting CVar [[r.Shadow.PreShadowResolutionFactor:1.0]]
[2019.08.30-17.58.24:639][  0]LogConfig: Setting CVar [[r.DistanceFieldShadowing:1]]
[2019.08.30-17.58.24:639][  0]LogConfig: Setting CVar [[r.DistanceFieldAO:1]]
[2019.08.30-17.58.24:639][  0]LogConfig: Setting CVar [[r.AOQuality:2]]
[2019.08.30-17.58.24:639][  0]LogConfig: Setting CVar [[r.VolumetricFog:1]]
[2019.08.30-17.58.24:639][  0]LogConfig: Setting CVar [[r.VolumetricFog.GridPixelSize:8]]
[2019.08.30-17.58.24:639][  0]LogConfig: Setting CVar [[r.VolumetricFog.GridSizeZ:128]]
[2019.08.30-17.58.24:639][  0]LogConfig: Setting CVar [[r.VolumetricFog.HistoryMissSupersampleCount:4]]
[2019.08.30-17.58.24:639][  0]LogConfig: Setting CVar [[r.LightMaxDrawDistanceScale:1]]
[2019.08.30-17.58.24:639][  0]LogConfig: Setting CVar [[r.CapsuleShadows:1]]
[2019.08.30-17.58.24:639][  0]LogConfig: Applying CVar settings from Section [PostProcessQuality@3] File [E:/university/github_file/Project-Nezha/Project_Nezha/Saved/Config/Windows/Scalability.ini]
[2019.08.30-17.58.24:639][  0]LogConfig: Setting CVar [[r.MotionBlurQuality:4]]
[2019.08.30-17.58.24:639][  0]LogConfig: Setting CVar [[r.AmbientOcclusionMipLevelFactor:0.4]]
[2019.08.30-17.58.24:639][  0]LogConfig: Setting CVar [[r.AmbientOcclusionMaxQuality:100]]
[2019.08.30-17.58.24:639][  0]LogConfig: Setting CVar [[r.AmbientOcclusionLevels:-1]]
[2019.08.30-17.58.24:639][  0]LogConfig: Setting CVar [[r.AmbientOcclusionRadiusScale:1.0]]
[2019.08.30-17.58.24:639][  0]LogConfig: Setting CVar [[r.DepthOfFieldQuality:2]]
[2019.08.30-17.58.24:639][  0]LogConfig: Setting CVar [[r.RenderTargetPoolMin:400]]
[2019.08.30-17.58.24:639][  0]LogConfig: Setting CVar [[r.LensFlareQuality:2]]
[2019.08.30-17.58.24:639][  0]LogConfig: Setting CVar [[r.SceneColorFringeQuality:1]]
[2019.08.30-17.58.24:639][  0]LogConfig: Setting CVar [[r.EyeAdaptationQuality:2]]
[2019.08.30-17.58.24:639][  0]LogConfig: Setting CVar [[r.BloomQuality:5]]
[2019.08.30-17.58.24:639][  0]LogConfig: Setting CVar [[r.FastBlurThreshold:100]]
[2019.08.30-17.58.24:639][  0]LogConfig: Setting CVar [[r.Upscale.Quality:3]]
[2019.08.30-17.58.24:639][  0]LogConfig: Setting CVar [[r.Tonemapper.GrainQuantization:1]]
[2019.08.30-17.58.24:639][  0]LogConfig: Setting CVar [[r.LightShaftQuality:1]]
[2019.08.30-17.58.24:639][  0]LogConfig: Setting CVar [[r.Filter.SizeScale:1]]
[2019.08.30-17.58.24:639][  0]LogConfig: Setting CVar [[r.Tonemapper.Quality:5]]
[2019.08.30-17.58.24:639][  0]LogConfig: Setting CVar [[r.DOF.Gather.AccumulatorQuality:1        ; higher gathering accumulator quality]]
[2019.08.30-17.58.24:639][  0]LogConfig: Setting CVar [[r.DOF.Gather.PostfilterMethod:1          ; Median3x3 postfilering method]]
[2019.08.30-17.58.24:639][  0]LogConfig: Setting CVar [[r.DOF.Gather.EnableBokehSettings:0       ; no bokeh simulation when gathering]]
[2019.08.30-17.58.24:639][  0]LogConfig: Setting CVar [[r.DOF.Gather.RingCount:4                 ; medium number of samples when gathering]]
[2019.08.30-17.58.24:639][  0]LogConfig: Setting CVar [[r.DOF.Scatter.ForegroundCompositing:1    ; additive foreground scattering]]
[2019.08.30-17.58.24:639][  0]LogConfig: Setting CVar [[r.DOF.Scatter.BackgroundCompositing:2    ; additive background scattering]]
[2019.08.30-17.58.24:639][  0]LogConfig: Setting CVar [[r.DOF.Scatter.EnableBokehSettings:1      ; bokeh simulation when scattering]]
[2019.08.30-17.58.24:639][  0]LogConfig: Setting CVar [[r.DOF.Scatter.MaxSpriteRatio:0.1         ; only a maximum of 10% of scattered bokeh]]
[2019.08.30-17.58.24:639][  0]LogConfig: Setting CVar [[r.DOF.Recombine.Quality:1                ; cheap slight out of focus]]
[2019.08.30-17.58.24:639][  0]LogConfig: Setting CVar [[r.DOF.Recombine.EnableBokehSettings:0    ; no bokeh simulation on slight out of focus]]
[2019.08.30-17.58.24:639][  0]LogConfig: Setting CVar [[r.DOF.TemporalAAQuality:1                ; more stable temporal accumulation]]
[2019.08.30-17.58.24:639][  0]LogConfig: Setting CVar [[r.DOF.Kernel.MaxForegroundRadius:0.025]]
[2019.08.30-17.58.24:639][  0]LogConfig: Setting CVar [[r.DOF.Kernel.MaxBackgroundRadius:0.025]]
[2019.08.30-17.58.24:639][  0]LogConfig: Applying CVar settings from Section [TextureQuality@3] File [E:/university/github_file/Project-Nezha/Project_Nezha/Saved/Config/Windows/Scalability.ini]
[2019.08.30-17.58.24:639][  0]LogConfig: Setting CVar [[r.Streaming.MipBias:0]]
[2019.08.30-17.58.24:639][  0]LogConfig: Setting CVar [[r.Streaming.AmortizeCPUToGPUCopy:0]]
[2019.08.30-17.58.24:639][  0]LogConfig: Setting CVar [[r.Streaming.MaxNumTexturesToStreamPerFrame:0]]
[2019.08.30-17.58.24:640][  0]LogConfig: Setting CVar [[r.Streaming.Boost:1]]
[2019.08.30-17.58.24:640][  0]LogConfig: Setting CVar [[r.MaxAnisotropy:8]]
[2019.08.30-17.58.24:640][  0]LogConfig: Setting CVar [[r.Streaming.LimitPoolSizeToVRAM:0]]
[2019.08.30-17.58.24:640][  0]LogConfig: Setting CVar [[r.Streaming.PoolSize:1000]]
[2019.08.30-17.58.24:640][  0]LogConfig: Setting CVar [[r.Streaming.MaxEffectiveScreenSize:0]]
[2019.08.30-17.58.24:640][  0]LogConfig: Applying CVar settings from Section [EffectsQuality@3] File [E:/university/github_file/Project-Nezha/Project_Nezha/Saved/Config/Windows/Scalability.ini]
[2019.08.30-17.58.24:640][  0]LogConfig: Setting CVar [[r.TranslucencyLightingVolumeDim:64]]
[2019.08.30-17.58.24:640][  0]LogConfig: Setting CVar [[r.RefractionQuality:2]]
[2019.08.30-17.58.24:640][  0]LogConfig: Setting CVar [[r.SSR.Quality:3]]
[2019.08.30-17.58.24:640][  0]LogConfig: Setting CVar [[r.SceneColorFormat:4]]
[2019.08.30-17.58.24:640][  0]LogConfig: Setting CVar [[r.DetailMode:2]]
[2019.08.30-17.58.24:640][  0]LogConfig: Setting CVar [[r.TranslucencyVolumeBlur:1]]
[2019.08.30-17.58.24:640][  0]LogConfig: Setting CVar [[r.MaterialQualityLevel:1 ; High quality]]
[2019.08.30-17.58.24:640][  0]LogConfig: Setting CVar [[r.SSS.Scale:1]]
[2019.08.30-17.58.24:640][  0]LogConfig: Setting CVar [[r.SSS.SampleSet:2]]
[2019.08.30-17.58.24:640][  0]LogConfig: Setting CVar [[r.SSS.Quality:1]]
[2019.08.30-17.58.24:640][  0]LogConfig: Setting CVar [[r.SSS.HalfRes:1]]
[2019.08.30-17.58.24:640][  0]LogConfig: Setting CVar [[r.EmitterSpawnRateScale:1.0]]
[2019.08.30-17.58.24:640][  0]LogConfig: Setting CVar [[r.ParticleLightQuality:2]]
[2019.08.30-17.58.24:640][  0]LogConfig: Applying CVar settings from Section [FoliageQuality@3] File [E:/university/github_file/Project-Nezha/Project_Nezha/Saved/Config/Windows/Scalability.ini]
[2019.08.30-17.58.24:640][  0]LogConfig: Setting CVar [[foliage.DensityScale:1.0]]
[2019.08.30-17.58.24:640][  0]LogConfig: Setting CVar [[grass.DensityScale:1.0]]
[2019.08.30-17.58.24:667][  0]LogInit: Selected Device Profile: [Windows]
[2019.08.30-17.58.24:667][  0]LogInit: Applying CVar settings loaded from the selected device profile: [Windows]
[2019.08.30-17.58.24:724][  0]LogHAL: Display: Platform has ~ 8 GB [8475213824 / 8589934592 / 8], which maps to Default [LargestMinGB=32, LargerMinGB=12, DefaultMinGB=8, SmallerMinGB=6, SmallestMinGB=0)
[2019.08.30-17.58.24:728][  0]LogConfig: Setting CVar [[r.Vulkan.UseRealUBs:0		; Required until we fix HLR fall-out]]
[2019.08.30-17.58.24:728][  0]LogInit: Going up to parent DeviceProfile []
[2019.08.30-17.58.24:747][  0]LogConfig: Applying CVar settings from Section [ViewDistanceQuality@3] File [E:/university/github_file/Project-Nezha/Project_Nezha/Saved/Config/Windows/Scalability.ini]
[2019.08.30-17.58.24:747][  0]LogConfig: Setting CVar [[r.SkeletalMeshLODBias:0]]
[2019.08.30-17.58.24:747][  0]LogConfig: Setting CVar [[r.ViewDistanceScale:1.0]]
[2019.08.30-17.58.24:747][  0]LogConfig: Applying CVar settings from Section [AntiAliasingQuality@3] File [E:/university/github_file/Project-Nezha/Project_Nezha/Saved/Config/Windows/Scalability.ini]
[2019.08.30-17.58.24:747][  0]LogConfig: Setting CVar [[r.PostProcessAAQuality:4]]
[2019.08.30-17.58.24:747][  0]LogConfig: Applying CVar settings from Section [ShadowQuality@3] File [E:/university/github_file/Project-Nezha/Project_Nezha/Saved/Config/Windows/Scalability.ini]
[2019.08.30-17.58.24:747][  0]LogConfig: Setting CVar [[r.LightFunctionQuality:1]]
[2019.08.30-17.58.24:747][  0]LogConfig: Setting CVar [[r.ShadowQuality:5]]
[2019.08.30-17.58.24:747][  0]LogConfig: Setting CVar [[r.Shadow.CSM.MaxCascades:10]]
[2019.08.30-17.58.24:747][  0]LogConfig: Setting CVar [[r.Shadow.MaxResolution:2048]]
[2019.08.30-17.58.24:747][  0]LogConfig: Setting CVar [[r.Shadow.MaxCSMResolution:2048]]
[2019.08.30-17.58.24:747][  0]LogConfig: Setting CVar [[r.Shadow.RadiusThreshold:0.01]]
[2019.08.30-17.58.24:747][  0]LogConfig: Setting CVar [[r.Shadow.DistanceScale:1.0]]
[2019.08.30-17.58.24:747][  0]LogConfig: Setting CVar [[r.Shadow.CSM.TransitionScale:1.0]]
[2019.08.30-17.58.24:747][  0]LogConfig: Setting CVar [[r.Shadow.PreShadowResolutionFactor:1.0]]
[2019.08.30-17.58.24:747][  0]LogConfig: Setting CVar [[r.DistanceFieldShadowing:1]]
[2019.08.30-17.58.24:747][  0]LogConfig: Setting CVar [[r.DistanceFieldAO:1]]
[2019.08.30-17.58.24:747][  0]LogConfig: Setting CVar [[r.AOQuality:2]]
[2019.08.30-17.58.24:747][  0]LogConfig: Setting CVar [[r.VolumetricFog:1]]
[2019.08.30-17.58.24:747][  0]LogConfig: Setting CVar [[r.VolumetricFog.GridPixelSize:8]]
[2019.08.30-17.58.24:747][  0]LogConfig: Setting CVar [[r.VolumetricFog.GridSizeZ:128]]
[2019.08.30-17.58.24:747][  0]LogConfig: Setting CVar [[r.VolumetricFog.HistoryMissSupersampleCount:4]]
[2019.08.30-17.58.24:747][  0]LogConfig: Setting CVar [[r.LightMaxDrawDistanceScale:1]]
[2019.08.30-17.58.24:747][  0]LogConfig: Setting CVar [[r.CapsuleShadows:1]]
[2019.08.30-17.58.24:747][  0]LogConfig: Applying CVar settings from Section [PostProcessQuality@3] File [E:/university/github_file/Project-Nezha/Project_Nezha/Saved/Config/Windows/Scalability.ini]
[2019.08.30-17.58.24:747][  0]LogConfig: Setting CVar [[r.MotionBlurQuality:4]]
[2019.08.30-17.58.24:747][  0]LogConfig: Setting CVar [[r.AmbientOcclusionMipLevelFactor:0.4]]
[2019.08.30-17.58.24:747][  0]LogConfig: Setting CVar [[r.AmbientOcclusionMaxQuality:100]]
[2019.08.30-17.58.24:747][  0]LogConfig: Setting CVar [[r.AmbientOcclusionLevels:-1]]
[2019.08.30-17.58.24:747][  0]LogConfig: Setting CVar [[r.AmbientOcclusionRadiusScale:1.0]]
[2019.08.30-17.58.24:747][  0]LogConfig: Setting CVar [[r.DepthOfFieldQuality:2]]
[2019.08.30-17.58.24:747][  0]LogConfig: Setting CVar [[r.RenderTargetPoolMin:400]]
[2019.08.30-17.58.24:747][  0]LogConfig: Setting CVar [[r.LensFlareQuality:2]]
[2019.08.30-17.58.24:747][  0]LogConfig: Setting CVar [[r.SceneColorFringeQuality:1]]
[2019.08.30-17.58.24:747][  0]LogConfig: Setting CVar [[r.EyeAdaptationQuality:2]]
[2019.08.30-17.58.24:747][  0]LogConfig: Setting CVar [[r.BloomQuality:5]]
[2019.08.30-17.58.24:747][  0]LogConfig: Setting CVar [[r.FastBlurThreshold:100]]
[2019.08.30-17.58.24:747][  0]LogConfig: Setting CVar [[r.Upscale.Quality:3]]
[2019.08.30-17.58.24:747][  0]LogConfig: Setting CVar [[r.Tonemapper.GrainQuantization:1]]
[2019.08.30-17.58.24:747][  0]LogConfig: Setting CVar [[r.LightShaftQuality:1]]
[2019.08.30-17.58.24:747][  0]LogConfig: Setting CVar [[r.Filter.SizeScale:1]]
[2019.08.30-17.58.24:747][  0]LogConfig: Setting CVar [[r.Tonemapper.Quality:5]]
[2019.08.30-17.58.24:748][  0]LogConfig: Setting CVar [[r.DOF.Gather.AccumulatorQuality:1        ; higher gathering accumulator quality]]
[2019.08.30-17.58.24:748][  0]LogConfig: Setting CVar [[r.DOF.Gather.PostfilterMethod:1          ; Median3x3 postfilering method]]
[2019.08.30-17.58.24:748][  0]LogConfig: Setting CVar [[r.DOF.Gather.EnableBokehSettings:0       ; no bokeh simulation when gathering]]
[2019.08.30-17.58.24:748][  0]LogConfig: Setting CVar [[r.DOF.Gather.RingCount:4                 ; medium number of samples when gathering]]
[2019.08.30-17.58.24:748][  0]LogConfig: Setting CVar [[r.DOF.Scatter.ForegroundCompositing:1    ; additive foreground scattering]]
[2019.08.30-17.58.24:748][  0]LogConfig: Setting CVar [[r.DOF.Scatter.BackgroundCompositing:2    ; additive background scattering]]
[2019.08.30-17.58.24:748][  0]LogConfig: Setting CVar [[r.DOF.Scatter.EnableBokehSettings:1      ; bokeh simulation when scattering]]
[2019.08.30-17.58.24:748][  0]LogConfig: Setting CVar [[r.DOF.Scatter.MaxSpriteRatio:0.1         ; only a maximum of 10% of scattered bokeh]]
[2019.08.30-17.58.24:748][  0]LogConfig: Setting CVar [[r.DOF.Recombine.Quality:1                ; cheap slight out of focus]]
[2019.08.30-17.58.24:748][  0]LogConfig: Setting CVar [[r.DOF.Recombine.EnableBokehSettings:0    ; no bokeh simulation on slight out of focus]]
[2019.08.30-17.58.24:748][  0]LogConfig: Setting CVar [[r.DOF.TemporalAAQuality:1                ; more stable temporal accumulation]]
[2019.08.30-17.58.24:748][  0]LogConfig: Setting CVar [[r.DOF.Kernel.MaxForegroundRadius:0.025]]
[2019.08.30-17.58.24:748][  0]LogConfig: Setting CVar [[r.DOF.Kernel.MaxBackgroundRadius:0.025]]
[2019.08.30-17.58.24:748][  0]LogConfig: Applying CVar settings from Section [TextureQuality@3] File [E:/university/github_file/Project-Nezha/Project_Nezha/Saved/Config/Windows/Scalability.ini]
[2019.08.30-17.58.24:748][  0]LogConfig: Setting CVar [[r.Streaming.MipBias:0]]
[2019.08.30-17.58.24:748][  0]LogConfig: Setting CVar [[r.Streaming.AmortizeCPUToGPUCopy:0]]
[2019.08.30-17.58.24:748][  0]LogConfig: Setting CVar [[r.Streaming.MaxNumTexturesToStreamPerFrame:0]]
[2019.08.30-17.58.24:748][  0]LogConfig: Setting CVar [[r.Streaming.Boost:1]]
[2019.08.30-17.58.24:748][  0]LogConfig: Setting CVar [[r.MaxAnisotropy:8]]
[2019.08.30-17.58.24:748][  0]LogConfig: Setting CVar [[r.Streaming.LimitPoolSizeToVRAM:0]]
[2019.08.30-17.58.24:748][  0]LogConfig: Setting CVar [[r.Streaming.PoolSize:1000]]
[2019.08.30-17.58.24:748][  0]LogConfig: Setting CVar [[r.Streaming.MaxEffectiveScreenSize:0]]
[2019.08.30-17.58.24:748][  0]LogConfig: Applying CVar settings from Section [EffectsQuality@3] File [E:/university/github_file/Project-Nezha/Project_Nezha/Saved/Config/Windows/Scalability.ini]
[2019.08.30-17.58.24:748][  0]LogConfig: Setting CVar [[r.TranslucencyLightingVolumeDim:64]]
[2019.08.30-17.58.24:748][  0]LogConfig: Setting CVar [[r.RefractionQuality:2]]
[2019.08.30-17.58.24:748][  0]LogConfig: Setting CVar [[r.SSR.Quality:3]]
[2019.08.30-17.58.24:748][  0]LogConfig: Setting CVar [[r.SceneColorFormat:4]]
[2019.08.30-17.58.24:748][  0]LogConfig: Setting CVar [[r.DetailMode:2]]
[2019.08.30-17.58.24:748][  0]LogConfig: Setting CVar [[r.TranslucencyVolumeBlur:1]]
[2019.08.30-17.58.24:748][  0]LogConfig: Setting CVar [[r.MaterialQualityLevel:1 ; High quality]]
[2019.08.30-17.58.24:748][  0]LogConfig: Setting CVar [[r.SSS.Scale:1]]
[2019.08.30-17.58.24:748][  0]LogConfig: Setting CVar [[r.SSS.SampleSet:2]]
[2019.08.30-17.58.24:748][  0]LogConfig: Setting CVar [[r.SSS.Quality:1]]
[2019.08.30-17.58.24:748][  0]LogConfig: Setting CVar [[r.SSS.HalfRes:1]]
[2019.08.30-17.58.24:748][  0]LogConfig: Setting CVar [[r.EmitterSpawnRateScale:1.0]]
[2019.08.30-17.58.24:748][  0]LogConfig: Setting CVar [[r.ParticleLightQuality:2]]
[2019.08.30-17.58.24:748][  0]LogConfig: Applying CVar settings from Section [FoliageQuality@3] File [E:/university/github_file/Project-Nezha/Project_Nezha/Saved/Config/Windows/Scalability.ini]
[2019.08.30-17.58.24:748][  0]LogConfig: Setting CVar [[foliage.DensityScale:1.0]]
[2019.08.30-17.58.24:748][  0]LogConfig: Setting CVar [[grass.DensityScale:1.0]]
[2019.08.30-17.58.24:748][  0]LogConfig: Applying CVar settings from Section [Startup] File [../../../Engine/Config/ConsoleVariables.ini]
[2019.08.30-17.58.24:773][  0]LogConfig: Setting CVar [[net.UseAdaptiveNetUpdateFrequency:0]]
[2019.08.30-17.58.24:773][  0]LogConfig: Setting CVar [[p.chaos.AllowCreatePhysxBodies:1]]
[2019.08.30-17.58.24:773][  0]LogConfig: Applying CVar settings from Section [ConsoleVariables] File [E:/university/github_file/Project-Nezha/Project_Nezha/Saved/Config/Windows/Engine.ini]
[2019.08.30-17.58.24:845][  0]LogInit: Computer: LIANG
[2019.08.30-17.58.24:846][  0]LogInit: User: Aliang
[2019.08.30-17.58.24:846][  0]LogInit: CPU Page size=4096, Cores=4
[2019.08.30-17.58.24:846][  0]LogInit: High frequency timer resolution =2.249997 MHz
[2019.08.30-17.58.24:861][  0]LogMemory: Memory total: Physical=7.9GB (8GB approx)
[2019.08.30-17.58.24:861][  0]LogMemory: Platform Memory Stats for Windows
[2019.08.30-17.58.24:861][  0]LogMemory: Process Physical Memory: 98.56 MB used, 98.56 MB peak
[2019.08.30-17.58.24:861][  0]LogMemory: Process Virtual Memory: 91.43 MB used, 91.43 MB peak
[2019.08.30-17.58.24:861][  0]LogMemory: Physical Memory: 3819.06 MB used,  4263.53 MB free, 8082.59 MB total
[2019.08.30-17.58.24:861][  0]LogMemory: Virtual Memory: 553.38 MB used,  134217176.00 MB free, 134217728.00 MB total
[2019.08.30-17.58.25:874][  0]LogInit: Overriding language with editor language configuration option (en).
[2019.08.30-17.58.25:875][  0]LogInit: Overriding locale with editor locale configuration option (en-AU).
[2019.08.30-17.58.26:655][  0]LogInit: Setting process to per monitor DPI aware
[2019.08.30-17.58.27:544][  0]LogSlate: New Slate User Created.  User Index 0, Is Virtual User: 0
[2019.08.30-17.58.27:544][  0]LogSlate: Slate User Registered.  User Index 0, Is Virtual User: 0
[2019.08.30-17.58.28:867][  0]LogHMD: Failed to initialize OpenVR with code 110
[2019.08.30-17.58.28:868][  0]LogD3D11RHI: D3D11 adapters:
[2019.08.30-17.58.29:231][  0]LogD3D11RHI:    0. 'NVIDIA GeForce GTX 950M' (Feature Level 11_0)
[2019.08.30-17.58.29:231][  0]LogD3D11RHI:       2010/0/4041 MB DedicatedVideo/DedicatedSystem/SharedSystem, Outputs:1, VendorId:0x10de
[2019.08.30-17.58.29:401][  0]LogD3D11RHI:    1. 'Intel(R) HD Graphics 530' (Feature Level 11_0)
[2019.08.30-17.58.29:401][  0]LogD3D11RHI:       128/0/4041 MB DedicatedVideo/DedicatedSystem/SharedSystem, Outputs:0, VendorId:0x8086
[2019.08.30-17.58.29:409][  0]LogD3D11RHI:    2. 'Microsoft Basic Render Driver' (Feature Level 11_0)
[2019.08.30-17.58.29:409][  0]LogD3D11RHI:       0/0/4041 MB DedicatedVideo/DedicatedSystem/SharedSystem, Outputs:0, VendorId:0x1414
[2019.08.30-17.58.29:409][  0]LogD3D11RHI: Chosen D3D11 Adapter: 0
[2019.08.30-17.58.29:425][  0]LogD3D11RHI: Creating new Direct3DDevice
[2019.08.30-17.58.29:425][  0]LogD3D11RHI:     GPU DeviceId: 0x139a (for the marketing name, search the web for "GPU Device Id")
[2019.08.30-17.58.29:425][  0]LogWindows: EnumDisplayDevices:
[2019.08.30-17.58.29:426][  0]LogWindows:    0. 'Intel(R) HD Graphics 530' (P:1 D:1)
[2019.08.30-17.58.29:426][  0]LogWindows:    1. 'Intel(R) HD Graphics 530' (P:0 D:0)
[2019.08.30-17.58.29:427][  0]LogWindows:    2. 'Intel(R) HD Graphics 530' (P:0 D:0)
[2019.08.30-17.58.29:427][  0]LogWindows: DebugString: PrimaryIsNotTheChoosenAdapter PrimaryIsNotTheChoosenAdapter PrimaryIsNotTheChoosenAdapter FoundDriverCount:0 
[2019.08.30-17.58.29:427][  0]LogD3D11RHI:     Adapter Name: NVIDIA GeForce GTX 950M
[2019.08.30-17.58.29:427][  0]LogD3D11RHI:   Driver Version: Unknown (internal:Unknown, unified:Unknown)
[2019.08.30-17.58.29:427][  0]LogD3D11RHI:      Driver Date: Unknown
[2019.08.30-17.58.29:427][  0]LogRHI: Texture pool is 1407 MB (70% of 2010 MB)
[2019.08.30-17.58.29:796][  0]LogD3D11RHI: Async texture creation enabled
[2019.08.30-17.58.30:071][  0]LogRendererCore: FGlobalReadBuffer::InitRHI
[2019.08.30-17.58.30:076][  0]LogRendererCore: FGlobalReadBuffer::InitRHI
[2019.08.30-17.58.30:077][  0]LogRendererCore: FGlobalReadBuffer::InitRHI
[2019.08.30-17.58.30:145][  0]LogD3D11RHI: GPU Timing Frequency: 1000.000000 (Debug: 2 5)
[2019.08.30-17.58.32:624][  0]LogTemp: Display: Module 'AllDesktopTargetPlatform' loaded TargetPlatform 'AllDesktop'
[2019.08.30-17.58.32:654][  0]LogTemp: Display: Module 'MacClientTargetPlatform' loaded TargetPlatform 'MacClient'
[2019.08.30-17.58.32:687][  0]LogTemp: Display: Module 'MacNoEditorTargetPlatform' loaded TargetPlatform 'MacNoEditor'
[2019.08.30-17.58.32:758][  0]LogTemp: Display: Module 'MacServerTargetPlatform' loaded TargetPlatform 'MacServer'
[2019.08.30-17.58.32:822][  0]LogTemp: Display: Module 'MacTargetPlatform' loaded TargetPlatform 'Mac'
[2019.08.30-17.58.32:873][  0]LogTemp: Display: Module 'WindowsClientTargetPlatform' loaded TargetPlatform 'WindowsClient'
[2019.08.30-17.58.32:912][  0]LogTemp: Display: Module 'WindowsNoEditorTargetPlatform' loaded TargetPlatform 'WindowsNoEditor'
[2019.08.30-17.58.32:936][  0]LogTemp: Display: Module 'WindowsServerTargetPlatform' loaded TargetPlatform 'WindowsServer'
[2019.08.30-17.58.32:977][  0]LogTemp: Display: Module 'WindowsTargetPlatform' loaded TargetPlatform 'Windows'
[2019.08.30-17.58.33:131][  0]LogTemp: Display: Module 'AndroidTargetPlatform' loaded TargetPlatform 'Android'
[2019.08.30-17.58.33:131][  0]LogTemp: Display: Module 'AndroidTargetPlatform' loaded TargetPlatform 'Android_ASTC'
[2019.08.30-17.58.33:131][  0]LogTemp: Display: Module 'AndroidTargetPlatform' loaded TargetPlatform 'Android_ATC'
[2019.08.30-17.58.33:131][  0]LogTemp: Display: Module 'AndroidTargetPlatform' loaded TargetPlatform 'Android_DXT'
[2019.08.30-17.58.33:131][  0]LogTemp: Display: Module 'AndroidTargetPlatform' loaded TargetPlatform 'Android_ETC1'
[2019.08.30-17.58.33:131][  0]LogTemp: Display: Module 'AndroidTargetPlatform' loaded TargetPlatform 'Android_ETC1a'
[2019.08.30-17.58.33:131][  0]LogTemp: Display: Module 'AndroidTargetPlatform' loaded TargetPlatform 'Android_ETC2'
[2019.08.30-17.58.33:131][  0]LogTemp: Display: Module 'AndroidTargetPlatform' loaded TargetPlatform 'Android_PVRTC'
[2019.08.30-17.58.33:131][  0]LogTemp: Display: Module 'AndroidTargetPlatform' loaded TargetPlatform 'AndroidClient'
[2019.08.30-17.58.33:131][  0]LogTemp: Display: Module 'AndroidTargetPlatform' loaded TargetPlatform 'Android_ASTCClient'
[2019.08.30-17.58.33:131][  0]LogTemp: Display: Module 'AndroidTargetPlatform' loaded TargetPlatform 'Android_ATCClient'
[2019.08.30-17.58.33:131][  0]LogTemp: Display: Module 'AndroidTargetPlatform' loaded TargetPlatform 'Android_DXTClient'
[2019.08.30-17.58.33:131][  0]LogTemp: Display: Module 'AndroidTargetPlatform' loaded TargetPlatform 'Android_ETC1Client'
[2019.08.30-17.58.33:131][  0]LogTemp: Display: Module 'AndroidTargetPlatform' loaded TargetPlatform 'Android_ETC1aClient'
[2019.08.30-17.58.33:131][  0]LogTemp: Display: Module 'AndroidTargetPlatform' loaded TargetPlatform 'Android_ETC2Client'
[2019.08.30-17.58.33:131][  0]LogTemp: Display: Module 'AndroidTargetPlatform' loaded TargetPlatform 'Android_PVRTCClient'
[2019.08.30-17.58.33:131][  0]LogTemp: Display: Module 'AndroidTargetPlatform' loaded TargetPlatform 'Android_Multi'
[2019.08.30-17.58.33:131][  0]LogTemp: Display: Module 'AndroidTargetPlatform' loaded TargetPlatform 'Android_MultiClient'
[2019.08.30-17.58.33:146][  0]LogTemp: Display: Module 'HTML5TargetPlatform' loaded TargetPlatform 'HTML5'
[2019.08.30-17.58.33:370][  0]LogTemp: Display: Module 'IOSTargetPlatform' loaded TargetPlatform 'IOSClient'
[2019.08.30-17.58.33:370][  0]LogTemp: Display: Module 'IOSTargetPlatform' loaded TargetPlatform 'IOS'
[2019.08.30-17.58.33:448][  0]LogTemp: Display: Module 'TVOSTargetPlatform' loaded TargetPlatform 'TVOSClient'
[2019.08.30-17.58.33:448][  0]LogTemp: Display: Module 'TVOSTargetPlatform' loaded TargetPlatform 'TVOS'
[2019.08.30-17.58.33:577][  0]LogTemp: Display: Module 'LinuxClientTargetPlatform' loaded TargetPlatform 'LinuxClient'
[2019.08.30-17.58.33:605][  0]LogTemp: Display: Module 'LinuxNoEditorTargetPlatform' loaded TargetPlatform 'LinuxNoEditor'
[2019.08.30-17.58.33:644][  0]LogTemp: Display: Module 'LinuxServerTargetPlatform' loaded TargetPlatform 'LinuxServer'
[2019.08.30-17.58.33:725][  0]LogTemp: Display: Module 'LinuxTargetPlatform' loaded TargetPlatform 'Linux'
[2019.08.30-17.58.33:879][  0]LogTemp: Display: Module 'LuminTargetPlatform' loaded TargetPlatform 'Lumin'
[2019.08.30-17.58.33:879][  0]LogTemp: Display: Module 'LuminTargetPlatform' loaded TargetPlatform 'LuminClient'
[2019.08.30-17.58.33:880][  0]LogTargetPlatformManager: Display: Building Assets For Windows
[2019.08.30-17.58.34:040][  0]LogAudioDebug: Display: Lib vorbis DLL was dynamically loaded.
[2019.08.30-17.58.34:861][  0]LogShaderCompilers: Guid format shader working directory is -12 characters bigger than the processId version (../../../../../university/github_file/Project-Nezha/Project_Nezha/Intermediate/Shaders/WorkingDirectory/12412/).
[2019.08.30-17.58.34:861][  0]LogShaderCompilers: Cleaned the shader compiler working directory 'C:/Users/Administrator/AppData/Local/Temp/UnrealShaderWorkingDir/9D725AAA49E3E6C3065B4A93BBCA5B3A/'.
[2019.08.30-17.58.34:881][  0]LogXGEController: Cleaning working directory: C:/Users/Administrator/AppData/Local/Temp/UnrealXGEWorkingDir/
[2019.08.30-17.58.34:882][  0]LogXGEController: Cannot use XGE Controller as Incredibuild is not installed on this machine.
[2019.08.30-17.58.34:882][  0]LogShaderCompilers: Cannot use XGE Shader Compiler as Incredibuild is not installed on this machine.
[2019.08.30-17.58.34:882][  0]LogShaderCompilers: Display: Using Local Shader Compiler.
[2019.08.30-17.58.39:897][  0]LogDerivedDataCache: Display: Max Cache Size: 512 MB
[2019.08.30-17.58.40:801][  0]LogDerivedDataCache: Loaded boot cache 0.90s 71MB C:/Users/Administrator/AppData/Local/UnrealEngine/4.22/DerivedDataCache/Boot.ddc.
[2019.08.30-17.58.40:802][  0]LogDerivedDataCache: Display: Loaded Boot cache: C:/Users/Administrator/AppData/Local/UnrealEngine/4.22/DerivedDataCache/Boot.ddc
[2019.08.30-17.58.40:802][  0]LogDerivedDataCache: FDerivedDataBackendGraph:  Pak pak cache file ../../../../../university/github_file/Project-Nezha/Project_Nezha/DerivedDataCache/DDC.ddp not found, will not use a pak cache.
[2019.08.30-17.58.40:802][  0]LogDerivedDataCache: Unable to find inner node Pak for hierarchical cache Hierarchy.
[2019.08.30-17.58.40:802][  0]LogDerivedDataCache: FDerivedDataBackendGraph:  CompressedPak pak cache file ../../../../../university/github_file/Project-Nezha/Project_Nezha/DerivedDataCache/Compressed.ddp not found, will not use a pak cache.
[2019.08.30-17.58.40:802][  0]LogDerivedDataCache: Unable to find inner node CompressedPak for hierarchical cache Hierarchy.
[2019.08.30-17.58.40:887][  0]LogDerivedDataCache: Display: Pak cache opened for reading ../../../Engine/DerivedDataCache/Compressed.ddp.
[2019.08.30-17.58.40:887][  0]LogDerivedDataCache: FDerivedDataBackendGraph:  EnterprisePak pak cache file ../../../Enterprise/DerivedDataCache/Compressed.ddp not found, will not use a pak cache.
[2019.08.30-17.58.40:887][  0]LogDerivedDataCache: Unable to find inner node EnterprisePak for hierarchical cache Hierarchy.
[2019.08.30-17.58.40:931][  0]LogDerivedDataCache: Using Local data cache path C:/Users/Administrator/AppData/Local/UnrealEngine/Common/DerivedDataCache: Writable
[2019.08.30-17.58.40:931][  0]LogDerivedDataCache: Shared data cache path not found in *engine.ini, will not use an Shared cache.
[2019.08.30-17.58.40:931][  0]LogDerivedDataCache: Unable to find inner node Shared for hierarchical cache Hierarchy.
[2019.08.30-17.58.41:009][  0]LogMaterial: Verifying Global Shaders for PCD3D_SM5
[2019.08.30-17.58.41:125][  0]LogSlate: Using FreeType 2.6.0
[2019.08.30-17.58.41:207][  0]LogSlate: SlateFontServices - WITH_FREETYPE: 1, WITH_HARFBUZZ: 1
[2019.08.30-17.58.42:985][  0]LogAssetRegistry: FAssetRegistry took 0.0450 seconds to start up
[2019.08.30-17.58.48:940][  0]LogInit: Selected Device Profile: [Windows]
[2019.08.30-17.58.52:154][  0]LogMeshReduction: Using QuadricMeshReduction for automatic static mesh reduction
[2019.08.30-17.58.52:154][  0]LogMeshReduction: Using SimplygonMeshReduction for automatic skeletal mesh reduction
[2019.08.30-17.58.52:154][  0]LogMeshReduction: Using ProxyLODMeshReduction for automatic mesh merging
[2019.08.30-17.58.52:154][  0]LogMeshReduction: No distributed automatic mesh merging module available
[2019.08.30-17.58.52:168][  0]LogMeshMerging: No distributed automatic mesh merging module available
[2019.08.30-17.58.52:695][  0]LogNetVersion: Project_Nezha 1.0.0, NetCL: 5660361, EngineNetVer: 10, GameNetVer: 0 (Checksum: 5268980)
[2019.08.30-17.58.59:108][  0]LogPackageLocalizationCache: Processed 10 localized package path(s) for 1 prioritized culture(s) in 0.218900 seconds
[2019.08.30-17.58.59:275][  0]LogUObjectArray: 42205 objects as part of root set at end of initial load.
[2019.08.30-17.58.59:275][  0]LogUObjectAllocator: 7325032 out of 0 bytes used by permanent object pool.
[2019.08.30-17.58.59:275][  0]LogUObjectArray: CloseDisregardForGC: 0/0 objects in disregard for GC pool
[2019.08.30-17.59.16:494][  0]LogTcpMessaging: Initializing TcpMessaging bridge
[2019.08.30-17.59.16:546][  0]LogUdpMessaging: Initializing bridge on interface 0.0.0.0:0 to multicast group 230.0.0.1:6666.
[2019.08.30-17.59.16:555][  0]FUdpSocketBuilder: Failed to bind UdpMessageMulticastSocket to 0.0.0.0:6666
[2019.08.30-17.59.16:555][  0]FUdpSocketBuilder: Failed to configure multicast for UdpMessageMulticastSocket (loopback: 1, ttl: 1)
[2019.08.30-17.59.16:555][  0]FUdpSocketBuilder: Failed to create and initialize socket UdpMessageMulticastSocket (last error: 0)
[2019.08.30-17.59.16:555][  0]LogUdpMessaging: Warning: StartTransport failed to create multicast socket on 0.0.0.0:0, joined to 230.0.0.1:6666 with TTL 1
[2019.08.30-17.59.19:623][  0]SourceControl: Source control is disabled
[2019.08.30-17.59.19:638][  0]SourceControl: Source control is disabled
[2019.08.30-17.59.20:269][  0]SourceControl: Source control is disabled
[2019.08.30-17.59.20:323][  0]SourceControl: Source control is disabled
[2019.08.30-17.59.22:455][  0]LogAndroidPermission: UAndroidPermissionCallbackProxy::GetInstance
[2019.08.30-17.59.23:345][  0]LogOcInput: OculusInput pre-init called
[2019.08.30-17.59.27:678][  0]LogEngine: Initializing Engine...
[2019.08.30-17.59.27:869][  0]LogHMD: Failed to initialize OpenVR with code 110
[2019.08.30-17.59.27:905][  0]LogStats: UGameplayTagsManager::InitializeManager -  0.012 s
[2019.08.30-17.59.29:191][  0]LogInit: Initializing FReadOnlyCVARCache
[2019.08.30-17.59.30:739][  0]LogAIModule: Creating AISystem for world Untitled
[2019.08.30-17.59.31:444][  0]LogInit: XAudio2 using '扬声器 (Realtek High Definition Audio)' : 2 channels at 48 kHz using 32 bits per sample (channel mask 0x3)
[2019.08.30-17.59.31:774][  0]LogInit: FAudioDevice initialized.
[2019.08.30-17.59.31:783][  0]LogNetVersion: Set ProjectVersion to 1.0.0.0. Version Checksum will be recalculated on next use.
[2019.08.30-17.59.32:652][  0]LogDerivedDataCache: Saved boot cache 0.87s 71MB C:/Users/Administrator/AppData/Local/UnrealEngine/4.22/DerivedDataCache/Boot.ddc.
[2019.08.30-17.59.32:658][  0]LogInit: Texture streaming: Enabled
[2019.08.30-17.59.33:124][  0]LogEngineSessionManager: EngineSessionManager initialized
[2019.08.30-17.59.36:142][  0]LogInit: Transaction tracking system initialized
[2019.08.30-17.59.36:976][  0]BlueprintLog: New page: Editor Load
[2019.08.30-17.59.39:289][  0]LocalizationService: Localization service is disabled
[2019.08.30-17.59.46:516][  0]LogFileCache: Scanning file cache for directory 'E:/university/github_file/Project-Nezha/Project_Nezha/Content/' took 0.07s
[2019.08.30-17.59.46:516][  0]LogCook: Display: Max memory allowance for cook 16384mb min free memory 0mb
[2019.08.30-17.59.46:540][  0]LogCook: Display: Mobile HDR setting 1
[2019.08.30-17.59.58:054][  0]SourceControl: Source control is disabled
[2019.08.30-17.59.58:141][  0]Cmd: MAP LOAD FILE="../../../../../university/github_file/Project-Nezha/Project_Nezha/Content/ThirdPersonBP/Maps/ThirdPersonExampleMap.umap" TEMPLATE=0 SHOWPROGRESS=1 FEATURELEVEL=3
[2019.08.30-17.59.58:570][  0]LightingResults: New page: Lighting Build
[2019.08.30-17.59.59:535][  0]MapCheck: New page: Map Check
[2019.08.30-17.59.59:535][  0]LightingResults: New page: Lighting Build
[2019.08.30-18.00.00:861][  0]LogUObjectHash: Compacting FUObjectHashTables data took  17.71ms
[2019.08.30-18.00.05:810][  0]LogBlueprint: Warning: [Compiler combo1] idle to dodge_F  will never be taken, please connect something to  Can Enter Transition
[2019.08.30-18.00.05:810][  0]LogBlueprint: Warning: [Compiler combo1] idle to dodge_B  will never be taken, please connect something to  Can Enter Transition
[2019.08.30-18.00.05:810][  0]LogBlueprint: Warning: [Compiler combo1] idle to dodge_L  will never be taken, please connect something to  Can Enter Transition
[2019.08.30-18.00.05:810][  0]LogBlueprint: Warning: [Compiler combo1] idle to dodge_R  will never be taken, please connect something to  Can Enter Transition
[2019.08.30-18.00.05:810][  0]LogBlueprint: Warning: [Compiler combo1] run/walk to dodge_F  will never be taken, please connect something to  Can Enter Transition
[2019.08.30-18.00.05:810][  0]LogBlueprint: Warning: [Compiler combo1] run/walk to dodge_B  will never be taken, please connect something to  Can Enter Transition
[2019.08.30-18.00.05:810][  0]LogBlueprint: Warning: [Compiler combo1] run/walk to dodge_L  will never be taken, please connect something to  Can Enter Transition
[2019.08.30-18.00.05:810][  0]LogBlueprint: Warning: [Compiler combo1] run/walk to dodge_R  will never be taken, please connect something to  Can Enter Transition
[2019.08.30-18.00.06:465][  0]LogBlueprint: Warning: [Compiler combo1] [0140.96] Compile of combo1 successful, but with 8 Warning(s) [in 1,111 ms] (/Game/ThirdPersonBP/combo1.combo1)
[2019.08.30-18.00.14:274][  0]LogAIModule: Creating AISystem for world ThirdPersonExampleMap
[2019.08.30-18.00.16:678][  0]LogEditorServer: Finished looking for orphan Actors (0.000 secs)
[2019.08.30-18.00.17:047][  0]LogUObjectHash: Compacting FUObjectHashTables data took   3.43ms
[2019.08.30-18.00.17:079][  0]Cmd: MAP CHECKDEP NOCLEARLOG
[2019.08.30-18.00.17:159][  0]MapCheck: Map check complete: 0 Error(s), 0 Warning(s), took 15.072ms to complete.
[2019.08.30-18.00.17:169][  0]LogFileHelpers: Loading map 'ThirdPersonExampleMap' took 19.061
[2019.08.30-18.00.20:824][  0]LogSlate: Updating window title bar state: overlay mode, drag disabled, window buttons hidden, title bar hidden
[2019.08.30-18.00.20:891][  0]LogSlate: Updating window title bar state: overlay mode, drag disabled, window buttons hidden, title bar hidden
[2019.08.30-18.00.20:900][  0]LogSlate: Updating window title bar state: overlay mode, drag disabled, window buttons hidden, title bar hidden
[2019.08.30-18.00.20:909][  0]LogSlate: Updating window title bar state: overlay mode, drag disabled, window buttons hidden, title bar hidden
[2019.08.30-18.00.21:533][  0]LogCollectionManager: Loaded 0 collections in 0.001647 seconds
[2019.08.30-18.00.22:440][  0]LogFileCache: Scanning file cache for directory 'E:/university/github_file/Project-Nezha/Project_Nezha/Saved/Collections/' took 0.01s
[2019.08.30-18.00.22:440][  0]LogFileCache: Scanning file cache for directory 'E:/university/github_file/Project-Nezha/Project_Nezha/Content/Developers/Aliang/Collections/' took 0.01s
[2019.08.30-18.00.22:440][  0]LogFileCache: Scanning file cache for directory 'E:/university/github_file/Project-Nezha/Project_Nezha/Content/Collections/' took 0.01s
[2019.08.30-18.00.22:440][  0]LogCollectionManager: Rebuilt the GUID cache for 0 collections in 0.000000 seconds
[2019.08.30-18.00.22:670][  0]LogContentBrowser: Native class hierarchy populated in 0.0257 seconds. Added 2732 classes and 659 folders.
[2019.08.30-18.00.24:138][  0]LogContentBrowser: Native class hierarchy updated for 'WidgetCarousel' in 0.0003 seconds. Added 0 classes and 0 folders.
[2019.08.30-18.00.24:439][  0]LogPakFile: Registered encryption key '00000000000000000000000000000000': 0 pak files mounted, 0 remain pending
[2019.08.30-18.00.25:310][  0]LogPakFile: Registered encryption key '00000000000000000000000000000000': 0 pak files mounted, 0 remain pending
[2019.08.30-18.00.25:480][  0]LogPakFile: Registered encryption key '00000000000000000000000000000000': 0 pak files mounted, 0 remain pending
[2019.08.30-18.00.25:796][  0]LogPakFile: Registered encryption key '00000000000000000000000000000000': 0 pak files mounted, 0 remain pending
[2019.08.30-18.00.25:835][  0]LogPakFile: Registered encryption key '00000000000000000000000000000000': 0 pak files mounted, 0 remain pending
[2019.08.30-18.00.25:952][  0]LogPakFile: Registered encryption key '00000000000000000000000000000000': 0 pak files mounted, 0 remain pending
[2019.08.30-18.00.26:011][  0]LogPakFile: Registered encryption key '00000000000000000000000000000000': 0 pak files mounted, 0 remain pending
[2019.08.30-18.00.26:061][  0]LogPakFile: Registered encryption key '00000000000000000000000000000000': 0 pak files mounted, 0 remain pending
[2019.08.30-18.00.26:069][  0]LogPakFile: Registered encryption key '00000000000000000000000000000000': 0 pak files mounted, 0 remain pending
[2019.08.30-18.00.26:276][  0]LogPakFile: Registered encryption key '00000000000000000000000000000000': 0 pak files mounted, 0 remain pending
[2019.08.30-18.00.26:343][  0]LogPakFile: Registered encryption key '00000000000000000000000000000000': 0 pak files mounted, 0 remain pending
[2019.08.30-18.00.26:355][  0]LogPakFile: Registered encryption key '00000000000000000000000000000000': 0 pak files mounted, 0 remain pending
[2019.08.30-18.00.26:543][  0]LogPakFile: Registered encryption key '00000000000000000000000000000000': 0 pak files mounted, 0 remain pending
[2019.08.30-18.00.26:589][  0]LogPakFile: Registered encryption key '00000000000000000000000000000000': 0 pak files mounted, 0 remain pending
[2019.08.30-18.00.26:598][  0]LogPakFile: Registered encryption key '00000000000000000000000000000000': 0 pak files mounted, 0 remain pending
[2019.08.30-18.00.26:635][  0]LogPakFile: Registered encryption key '00000000000000000000000000000000': 0 pak files mounted, 0 remain pending
[2019.08.30-18.00.26:692][  0]LogPakFile: Registered encryption key '00000000000000000000000000000000': 0 pak files mounted, 0 remain pending
[2019.08.30-18.00.26:741][  0]LogPakFile: Registered encryption key '00000000000000000000000000000000': 0 pak files mounted, 0 remain pending
[2019.08.30-18.00.26:864][  0]LogPakFile: Registered encryption key '00000000000000000000000000000000': 0 pak files mounted, 0 remain pending
[2019.08.30-18.00.26:899][  0]LogPakFile: Registered encryption key '00000000000000000000000000000000': 0 pak files mounted, 0 remain pending
[2019.08.30-18.00.26:937][  0]LogPakFile: Registered encryption key '00000000000000000000000000000000': 0 pak files mounted, 0 remain pending
[2019.08.30-18.00.27:154][  0]LogPakFile: Registered encryption key '00000000000000000000000000000000': 0 pak files mounted, 0 remain pending
[2019.08.30-18.00.27:199][  0]LogPakFile: Registered encryption key '00000000000000000000000000000000': 0 pak files mounted, 0 remain pending
[2019.08.30-18.00.27:220][  0]LogPakFile: Registered encryption key '00000000000000000000000000000000': 0 pak files mounted, 0 remain pending
[2019.08.30-18.00.27:240][  0]LogPakFile: Registered encryption key '00000000000000000000000000000000': 0 pak files mounted, 0 remain pending
[2019.08.30-18.00.27:351][  0]LogPakFile: Registered encryption key '00000000000000000000000000000000': 0 pak files mounted, 0 remain pending
[2019.08.30-18.00.30:438][  0]LogContentBrowser: Native class hierarchy updated for 'AddContentDialog' in 0.0004 seconds. Added 0 classes and 0 folders.
[2019.08.30-18.00.30:762][  0]LogContentBrowser: Native class hierarchy updated for 'SceneOutliner' in 0.0003 seconds. Added 1 classes and 2 folders.
[2019.08.30-18.00.34:184][  0]LogSlate: Took 0.019946 seconds to synchronously load lazily loaded font '../../../Engine/Content/Slate/Fonts/Roboto-Regular.ttf' (155K)
[2019.08.30-18.00.34:280][  0]LogSlate: Took 0.018767 seconds to synchronously load lazily loaded font '../../../Engine/Content/Slate/Fonts/Roboto-Bold.ttf' (160K)
[2019.08.30-18.00.34:561][  0]LogSlate: Took 0.013926 seconds to synchronously load lazily loaded font '../../../Engine/Content/Editor/Slate/Fonts/FontAwesome.ttf' (139K)
[2019.08.30-18.00.35:743][  0]LogRenderer: Reallocating scene render targets to support 1128x580 Format 10 NumSamples 1 (Frame:1).
[2019.08.30-18.00.37:860][  0]LogSlate: Took 0.016228 seconds to synchronously load lazily loaded font '../../../Engine/Content/Slate/Fonts/Roboto-Light.ttf' (167K)
[2019.08.30-18.00.38:719][  0]LogContentBrowser: Native class hierarchy updated for 'HierarchicalLODOutliner' in 0.0004 seconds. Added 0 classes and 0 folders.
[2019.08.30-18.00.38:719][  0]LogLoad: (Engine Initialization) Total time: 173.22 seconds
[2019.08.30-18.00.38:719][  0]LogLoad: (Engine Initialization) Total Blueprint compile time: 0.00 seconds
[2019.08.30-18.00.40:192][  0]LogContentStreaming: Texture pool size now 1000 MB
[2019.08.30-18.00.41:725][  4]LogAssetRegistry: Asset discovery search completed in 118.7631 seconds
[2019.08.30-18.00.41:785][  4]LogCollectionManager: Rebuilt the object cache for 0 collections in 0.000002 seconds (found 0 objects)
[2019.08.30-18.00.41:786][  4]LogCollectionManager: Fixed up redirectors for 0 collections in 0.030296 seconds (updated 0 objects)
[2019.08.30-18.01.38:224][231]LogSlate: FSceneViewport::OnFocusLost() reason 0
[2019.08.30-18.01.38:544][241]LogSlate: Took 0.000278 seconds to synchronously load lazily loaded font '../../../Engine/Content/Slate/Fonts/Roboto-Light.ttf' (167K)
[2019.08.30-18.01.42:703][241]LogAIModule: Creating AISystem for world Level2
[2019.08.30-18.01.43:049][241]LogAssetEditorManager: Opening Asset editor for World /Game/ThirdPersonBP/Maps/Level2.Level2
[2019.08.30-18.01.43:158][241]LogUObjectHash: Compacting FUObjectHashTables data took   2.50ms
[2019.08.30-18.01.43:299][241]Cmd: MAP LOAD FILE="../../../../../university/github_file/Project-Nezha/Project_Nezha/Content/ThirdPersonBP/Maps/Level2.umap" TEMPLATE=0 SHOWPROGRESS=1 FEATURELEVEL=3
[2019.08.30-18.01.43:301][241]LightingResults: New page: Lighting Build
[2019.08.30-18.01.43:302][241]LoadErrors: New page: Loading map: Level2.umap
[2019.08.30-18.01.43:507][241]MapCheck: New page: Map Check
[2019.08.30-18.01.43:507][241]LightingResults: New page: Lighting Build
[2019.08.30-18.01.43:658][241]LogUObjectHash: Compacting FUObjectHashTables data took   1.92ms
[2019.08.30-18.01.44:131][241]LogEditorServer: Finished looking for orphan Actors (0.000 secs)
[2019.08.30-18.01.44:239][241]LogUObjectHash: Compacting FUObjectHashTables data took   1.82ms
[2019.08.30-18.01.44:302][241]Cmd: MAP CHECKDEP NOCLEARLOG
[2019.08.30-18.01.44:302][241]MapCheck: Map check complete: 0 Error(s), 0 Warning(s), took 0.11ms to complete.
[2019.08.30-18.01.44:302][241]LogFileHelpers: Loading map 'Level2' took 1.144
[2019.08.30-18.02.59:853][579]LogUObjectHash: Compacting FUObjectHashTables data took   1.98ms
[2019.08.30-18.03.00:129][579]LogSlate: Window 'Project_Nezha - Unreal Editor' being destroyed
[2019.08.30-18.03.00:139][579]LogWindowsTextInputMethodSystem: Display: IME system now activated using TSF (微软拼音).
[2019.08.30-18.03.01:420][580]Cmd: QUIT_EDITOR
[2019.08.30-18.03.01:854][580]LogExit: Preparing to exit.
[2019.08.30-18.03.03:425][580]LogExit: Editor shut down
[2019.08.30-18.03.03:426][580]LogExit: Transaction tracking system shut down
[2019.08.30-18.03.05:714][580]LogExit: Object subsystem successfully closed.
[2019.08.30-18.03.05:978][580]LogShaderCompilers: Display: Shaders left to compile 0
[2019.08.30-18.03.05:995][580]LogD3D11RHI: Shutdown
[2019.08.30-18.03.05:995][580]LogD3D11RHI: CleanupD3DDevice
[2019.08.30-18.03.06:004][580]LogRendererCore: FGlobalReadBuffer::ReleaseRHI
[2019.08.30-18.03.06:004][580]LogRendererCore: FGlobalDynamicReadBuffer::Cleanup()
[2019.08.30-18.03.06:014][580]LogRendererCore: FGlobalReadBuffer::ReleaseRHI
[2019.08.30-18.03.06:014][580]LogRendererCore: FGlobalDynamicReadBuffer::Cleanup()
[2019.08.30-18.03.06:014][580]LogRendererCore: FGlobalReadBuffer::ReleaseRHI
[2019.08.30-18.03.06:014][580]LogRendererCore: FGlobalDynamicReadBuffer::Cleanup()
[2019.08.30-18.03.06:190][580]LogD3D11RHI: ~FD3D11DynamicRHI
[2019.08.30-18.03.07:574][580]LogModuleManager: Shutting down and abandoning module HierarchicalLODOutliner (642)
[2019.08.30-18.03.07:574][580]LogModuleManager: Shutting down and abandoning module SceneOutliner (640)
[2019.08.30-18.03.07:574][580]LogModuleManager: Shutting down and abandoning module AddContentDialog (638)
[2019.08.30-18.03.07:590][580]LogModuleManager: Shutting down and abandoning module WidgetCarousel (637)
[2019.08.30-18.03.07:590][580]LogModuleManager: Shutting down and abandoning module EditorWidgets (634)
[2019.08.30-18.03.07:590][580]LogModuleManager: Shutting down and abandoning module CollectionManager (632)
[2019.08.30-18.03.07:603][580]LogModuleManager: Shutting down and abandoning module StatsViewer (630)
[2019.08.30-18.03.07:609][580]LogModuleManager: Shutting down and abandoning module FoliageEdit (628)
[2019.08.30-18.03.07:619][580]LogModuleManager: Shutting down and abandoning module LandscapeEditor (626)
[2019.08.30-18.03.07:653][580]LogModuleManager: Shutting down and abandoning module MeshPaintMode (624)
[2019.08.30-18.03.07:667][580]LogModuleManager: Shutting down and abandoning module SceneDepthPickerMode (622)
[2019.08.30-18.03.07:667][580]LogModuleManager: Shutting down and abandoning module ActorPickerMode (620)
[2019.08.30-18.03.07:667][580]LogModuleManager: Shutting down and abandoning module GeometryMode (618)
[2019.08.30-18.03.07:667][580]LogModuleManager: Shutting down and abandoning module TextureAlignMode (616)
[2019.08.30-18.03.07:667][580]LogModuleManager: Shutting down and abandoning module BspMode (614)
[2019.08.30-18.03.07:667][580]LogModuleManager: Shutting down and abandoning module PIEPreviewDeviceProfileSelector (612)
[2019.08.30-18.03.07:685][580]LogModuleManager: Shutting down and abandoning module SequenceRecorderSections (610)
[2019.08.30-18.03.07:694][580]LogModuleManager: Shutting down and abandoning module AutomationWorker (608)
[2019.08.30-18.03.07:701][580]LogModuleManager: Shutting down and abandoning module OculusMR (606)
[2019.08.30-18.03.07:701][580]LogModuleManager: Shutting down and abandoning module AudioCaptureEditor (604)
[2019.08.30-18.03.07:707][580]LogModuleManager: Shutting down and abandoning module MatineeToLevelSequence (602)
[2019.08.30-18.03.07:716][580]LogModuleManager: Shutting down and abandoning module LevelSequenceEditor (600)
[2019.08.30-18.03.07:745][580]LogModuleManager: Shutting down and abandoning module PlacementMode (599)
[2019.08.30-18.03.07:745][580]LogModuleManager: Shutting down and abandoning module MaterialEditor (598)
[2019.08.30-18.03.07:864][580]LogModuleManager: Shutting down and abandoning module ActorSequenceEditor (594)
[2019.08.30-18.03.07:879][580]LogModuleManager: Shutting down and abandoning module WmfMediaFactory (592)
[2019.08.30-18.03.07:879][580]LogModuleManager: Shutting down and abandoning module WmfMediaEditor (590)
[2019.08.30-18.03.07:879][580]LogModuleManager: Shutting down and abandoning module WebMMediaFactory (588)
[2019.08.30-18.03.07:879][580]LogModuleManager: Shutting down and abandoning module WebMMediaEditor (586)
[2019.08.30-18.03.07:879][580]LogModuleManager: Shutting down and abandoning module WebMMedia (584)
[2019.08.30-18.03.07:891][580]LogModuleManager: Shutting down and abandoning module MediaPlayerEditor (582)
[2019.08.30-18.03.07:909][580]LogModuleManager: Shutting down and abandoning module MediaCompositingEditor (580)
[2019.08.30-18.03.07:923][580]LogModuleManager: Shutting down and abandoning module SequenceRecorder (579)
[2019.08.30-18.03.07:923][580]LogModuleManager: Shutting down and abandoning module OpenExrWrapper (576)
[2019.08.30-18.03.07:923][580]LogModuleManager: Shutting down and abandoning module ImgMediaFactory (574)
[2019.08.30-18.03.07:923][580]LogModuleManager: Shutting down and abandoning module ImgMediaEditor (572)
[2019.08.30-18.03.07:923][580]LogModuleManager: Shutting down and abandoning module AvfMediaFactory (570)
[2019.08.30-18.03.07:923][580]LogModuleManager: Shutting down and abandoning module AvfMediaEditor (568)
[2019.08.30-18.03.07:923][580]LogModuleManager: Shutting down and abandoning module AndroidMediaFactory (566)
[2019.08.30-18.03.07:923][580]LogModuleManager: Shutting down and abandoning module AndroidMediaEditor (564)
[2019.08.30-18.03.07:923][580]LogModuleManager: Shutting down and abandoning module MagicLeapCameraPreviewFactory (562)
[2019.08.30-18.03.07:923][580]LogModuleManager: Shutting down and abandoning module MagicLeapMediaCodecFactory (560)
[2019.08.30-18.03.07:923][580]LogModuleManager: Shutting down and abandoning module MagicLeapMediaFactory (558)
[2019.08.30-18.03.07:923][580]LogModuleManager: Shutting down and abandoning module MagicLeapMediaEditor (556)
[2019.08.30-18.03.07:923][580]LogModuleManager: Shutting down and abandoning module CharacterAI (554)
[2019.08.30-18.03.07:923][580]LogModuleManager: Shutting down and abandoning module SmartSnapping (552)
[2019.08.30-18.03.07:923][580]LogModuleManager: Shutting down and abandoning module SessionServices (550)
[2019.08.30-18.03.07:923][580]LogModuleManager: Shutting down and abandoning module MeshPaint (548)
[2019.08.30-18.03.07:955][580]LogModuleManager: Shutting down and abandoning module ViewportSnapping (546)
[2019.08.30-18.03.07:955][580]LogModuleManager: Shutting down and abandoning module ViewportInteraction (544)
[2019.08.30-18.03.07:955][580]LogModuleManager: Shutting down and abandoning module ClothPainter (542)
[2019.08.30-18.03.07:973][580]LogModuleManager: Shutting down and abandoning module SkeletalMeshEditor (541)
[2019.08.30-18.03.07:998][580]LogModuleManager: Shutting down and abandoning module LogVisualizer (538)
[2019.08.30-18.03.08:022][580]LogModuleManager: Shutting down and abandoning module IntroTutorials (536)
[2019.08.30-18.03.08:126][580]LogModuleManager: Shutting down and abandoning module GameProjectGeneration (535)
[2019.08.30-18.03.08:146][580]LogModuleManager: Shutting down and abandoning module LuminPlatformEditor (532)
[2019.08.30-18.03.08:146][580]LogModuleManager: Shutting down and abandoning module IOSPlatformEditor (530)
[2019.08.30-18.03.08:146][580]LogModuleManager: Shutting down and abandoning module HTML5PlatformEditor (528)
[2019.08.30-18.03.08:146][580]LogModuleManager: Shutting down and abandoning module AndroidPlatformEditor (526)
[2019.08.30-18.03.08:159][580]LogModuleManager: Shutting down and abandoning module AndroidDeviceDetection (525)
[2019.08.30-18.03.08:865][580]LogModuleManager: Shutting down and abandoning module WindowsPlatformEditor (522)
[2019.08.30-18.03.08:865][580]LogModuleManager: Shutting down and abandoning module LuminRuntimeSettings (520)
[2019.08.30-18.03.08:865][580]LogModuleManager: Shutting down and abandoning module IOSRuntimeSettings (518)
[2019.08.30-18.03.08:865][580]LogModuleManager: Shutting down and abandoning module AndroidRuntimeSettings (516)
[2019.08.30-18.03.08:865][580]LogModuleManager: Shutting down and abandoning module TimeManagementEditor (514)
[2019.08.30-18.03.08:865][580]LogModuleManager: Shutting down and abandoning module InputBindingEditor (512)
[2019.08.30-18.03.08:909][580]LogModuleManager: Shutting down and abandoning module MergeActors (510)
[2019.08.30-18.03.08:924][580]LogModuleManager: Shutting down and abandoning module LocalizationDashboard (508)
[2019.08.30-18.03.08:935][580]LogModuleManager: Shutting down and abandoning module LocalizationService (507)
[2019.08.30-18.03.08:949][580]LogModuleManager: Shutting down and abandoning module HardwareTargeting (504)
[2019.08.30-18.03.08:949][580]LogModuleManager: Shutting down and abandoning module DeviceProfileEditor (502)
[2019.08.30-18.03.08:958][580]LogModuleManager: Shutting down and abandoning module UndoHistory (500)
[2019.08.30-18.03.08:971][580]LogModuleManager: Shutting down and abandoning module XmlParser (498)
[2019.08.30-18.03.08:978][580]LogModuleManager: Shutting down and abandoning module Blutility (496)
[2019.08.30-18.03.08:990][580]LogModuleManager: Shutting down and abandoning module ProjectSettingsViewer (494)
[2019.08.30-18.03.08:990][580]LogModuleManager: Shutting down and abandoning module ProjectTargetPlatformEditor (493)
[2019.08.30-18.03.08:990][580]LogModuleManager: Shutting down and abandoning module EditorSettingsViewer (490)
[2019.08.30-18.03.08:990][580]LogModuleManager: Shutting down and abandoning module SettingsEditor (488)
[2019.08.30-18.03.09:001][580]LogModuleManager: Shutting down and abandoning module ProjectLauncher (486)
[2019.08.30-18.03.09:029][580]LogModuleManager: Shutting down and abandoning module SessionFrontend (484)
[2019.08.30-18.03.09:081][580]LogModuleManager: Shutting down and abandoning module ProfilerClient (482)
[2019.08.30-18.03.09:101][580]LogModuleManager: Shutting down and abandoning module DeviceManager (480)
[2019.08.30-18.03.09:114][580]LogModuleManager: Shutting down and abandoning module TargetDeviceServices (479)
[2019.08.30-18.03.09:163][580]LogModuleManager: Shutting down and abandoning module AutomationController (476)
[2019.08.30-18.03.09:176][580]LogModuleManager: Shutting down and abandoning module AutomationWindow (474)
[2019.08.30-18.03.09:196][580]LogModuleManager: Shutting down and abandoning module Layers (472)
[2019.08.30-18.03.09:227][580]LogModuleManager: Shutting down and abandoning module ComponentVisualizers (470)
[2019.08.30-18.03.09:227][580]LogModuleManager: Shutting down and abandoning module DetailCustomizations (468)
[2019.08.30-18.03.09:237][580]LogModuleManager: Shutting down and abandoning module PackagesDialog (466)
[2019.08.30-18.03.09:254][580]LogModuleManager: Shutting down and abandoning module AnimationBlueprintEditor (464)
[2019.08.30-18.03.09:326][580]LogModuleManager: Shutting down and abandoning module Persona (462)
[2019.08.30-18.03.09:353][580]LogModuleManager: Shutting down and abandoning module AdvancedPreviewScene (461)
[2019.08.30-18.03.09:353][580]LogModuleManager: Shutting down and abandoning module AnimGraph (459)
[2019.08.30-18.03.09:353][580]LogModuleManager: Shutting down and abandoning module Kismet (456)
[2019.08.30-18.03.09:386][580]LogModuleManager: Shutting down and abandoning module GraphEditor (454)
[2019.08.30-18.03.09:440][580]LogModuleManager: Shutting down and abandoning module ClassViewer (452)
[2019.08.30-18.03.09:440][580]LogModuleManager: Shutting down and abandoning module Toolbox (450)
[2019.08.30-18.03.09:440][580]LogModuleManager: Shutting down and abandoning module ModuleUI (448)
[2019.08.30-18.03.09:455][580]LogModuleManager: Shutting down and abandoning module MovieSceneTools (446)
[2019.08.30-18.03.09:471][580]LogModuleManager: Shutting down and abandoning module OutputLog (444)
[2019.08.30-18.03.09:471][580]LogModuleManager: Shutting down and abandoning module GammaUI (442)
[2019.08.30-18.03.09:478][580]LogModuleManager: Shutting down and abandoning module Documentation (440)
[2019.08.30-18.03.09:478][580]LogModuleManager: Shutting down and abandoning module LiveCoding (438)
[2019.08.30-18.03.09:489][580]LogModuleManager: Shutting down and abandoning module LevelSequence (436)
[2019.08.30-18.03.09:489][580]LogModuleManager: Shutting down and abandoning module MovieSceneTracks (434)
[2019.08.30-18.03.09:489][580]LogModuleManager: Shutting down and abandoning module MovieScene (432)
[2019.08.30-18.03.09:496][580]LogModuleManager: Shutting down and abandoning module StreamingPauseRendering (430)
[2019.08.30-18.03.09:511][580]LogModuleManager: Shutting down and abandoning module LauncherPlatform (428)
[2019.08.30-18.03.09:511][580]LogModuleManager: Shutting down and abandoning module AnalyticsET (426)
[2019.08.30-18.03.09:511][580]LogModuleManager: Shutting down and abandoning module PortalServices (424)
[2019.08.30-18.03.09:511][580]LogModuleManager: Shutting down and abandoning module PortalRpc (422)
[2019.08.30-18.03.09:511][580]LogModuleManager: Shutting down and abandoning module MessagingRpc (420)
[2019.08.30-18.03.09:511][580]LogModuleManager: Shutting down and abandoning module AIModule (418)
[2019.08.30-18.03.09:587][580]LogModuleManager: Shutting down and abandoning module GameplayDebugger (417)
[2019.08.30-18.03.09:597][580]LogModuleManager: Shutting down and abandoning module AITestSuite (415)
[2019.08.30-18.03.09:605][580]LogModuleManager: Shutting down and abandoning module NavigationSystem (413)
[2019.08.30-18.03.09:605][580]LogModuleManager: Shutting down and abandoning module DesktopPlatform (410)
[2019.08.30-18.03.09:605][580]LogModuleManager: Shutting down and abandoning module ImageWriteQueue (408)
[2019.08.30-18.03.09:609][580]LogModuleManager: Shutting down and abandoning module ProfilerService (406)
[2019.08.30-18.03.09:851][580]LogModuleManager: Shutting down and abandoning module TaskGraph (404)
[2019.08.30-18.03.09:895][580]LogModuleManager: Shutting down and abandoning module SteamVRController (402)
[2019.08.30-18.03.09:895][580]LogModuleManager: Shutting down and abandoning module ProceduralMeshComponentEditor (400)
[2019.08.30-18.03.09:909][580]LogModuleManager: Shutting down and abandoning module ProceduralMeshComponent (398)
[2019.08.30-18.03.09:909][580]LogModuleManager: Shutting down and abandoning module OculusEditor (396)
[2019.08.30-18.03.09:922][580]LogModuleManager: Shutting down and abandoning module OculusInput (394)
[2019.08.30-18.03.09:922][580]LogModuleManager: Shutting down and abandoning module MobilePatchingUtils (392)
[2019.08.30-18.03.09:922][580]LogModuleManager: Shutting down and abandoning module EditableMesh (390)
[2019.08.30-18.03.09:932][580]LogModuleManager: Shutting down and abandoning module CustomMeshComponent (388)
[2019.08.30-18.03.09:932][580]LogModuleManager: Shutting down and abandoning module CableComponent (386)
[2019.08.30-18.03.09:945][580]LogModuleManager: Shutting down and abandoning module AudioCapture (384)
[2019.08.30-18.03.09:945][580]LogModuleManager: Shutting down and abandoning module ArchVisCharacter (382)
[2019.08.30-18.03.09:945][580]LogModuleManager: Shutting down and abandoning module AndroidPermission (380)
[2019.08.30-18.03.09:945][580]LogModuleManager: Shutting down and abandoning module NUTUnrealEngine4 (378)
[2019.08.30-18.03.09:951][580]LogModuleManager: Shutting down and abandoning module NetcodeUnitTest (376)
[2019.08.30-18.03.09:955][580]LogModuleManager: Shutting down and abandoning module MediaCompositing (374)
[2019.08.30-18.03.09:955][580]LogModuleManager: Shutting down and abandoning module LinearTimecode (372)
[2019.08.30-18.03.09:955][580]LogModuleManager: Shutting down and abandoning module ImgMedia (370)
[2019.08.30-18.03.09:955][580]LogModuleManager: Shutting down and abandoning module MagicLeapHelperVulkan (368)
[2019.08.30-18.03.09:955][580]LogModuleManager: Shutting down and abandoning module MagicLeapHelperOpenGL (366)
[2019.08.30-18.03.09:969][580]LogModuleManager: Shutting down and abandoning module MagicLeapAudio (364)
[2019.08.30-18.03.09:974][580]LogModuleManager: Shutting down and abandoning module HTML5Networking (362)
[2019.08.30-18.03.09:974][580]LogModuleManager: Shutting down and abandoning module GeometryCacheTracks (360)
[2019.08.30-18.03.09:974][580]LogModuleManager: Shutting down and abandoning module GeometryCacheSequencer (358)
[2019.08.30-18.03.09:974][580]LogModuleManager: Shutting down and abandoning module BackChannel (356)
[2019.08.30-18.03.09:983][580]LogModuleManager: Shutting down and abandoning module AppleVision (354)
[2019.08.30-18.03.09:983][580]LogModuleManager: Shutting down and abandoning module AppleImageUtilsBlueprintSupport (352)
[2019.08.30-18.03.09:983][580]LogModuleManager: Shutting down and abandoning module AppleImageUtils (350)
[2019.08.30-18.03.09:983][580]LogModuleManager: Shutting down and abandoning module AlembicImporter (348)
[2019.08.30-18.03.09:983][580]LogModuleManager: Shutting down and abandoning module AlembicLibrary (347)
[2019.08.30-18.03.09:983][580]LogModuleManager: Shutting down and abandoning module GeometryCache (346)
[2019.08.30-18.03.09:983][580]LogModuleManager: Shutting down and abandoning module GeometryCacheEd (345)
[2019.08.30-18.03.09:983][580]LogModuleManager: Shutting down and abandoning module VariantManagerContent (340)
[2019.08.30-18.03.09:983][580]LogModuleManager: Shutting down and abandoning module DatasmithContentEditor (338)
[2019.08.30-18.03.09:994][580]LogModuleManager: Shutting down and abandoning module SpeedTreeImporter (336)
[2019.08.30-18.03.09:994][580]LogModuleManager: Shutting down and abandoning module PluginBrowser (334)
[2019.08.30-18.03.10:016][580]LogModuleManager: Shutting down and abandoning module MobileLauncherProfileWizard (332)
[2019.08.30-18.03.10:029][580]LogModuleManager: Shutting down and abandoning module MaterialAnalyzer (330)
[2019.08.30-18.03.10:042][580]LogModuleManager: Shutting down and abandoning module CryptoKeysOpenSSL (328)
[2019.08.30-18.03.10:042][580]LogModuleManager: Shutting down and abandoning module CryptoKeys (326)
[2019.08.30-18.03.10:042][580]LogModuleManager: Shutting down and abandoning module VisualStudioSourceCodeAccess (324)
[2019.08.30-18.03.10:054][580]LogModuleManager: Shutting down and abandoning module VisualStudioCodeSourceCodeAccess (322)
[2019.08.30-18.03.10:054][580]LogModuleManager: Shutting down and abandoning module UObjectPlugin (320)
[2019.08.30-18.03.10:054][580]LogModuleManager: Shutting down and abandoning module SubversionSourceControl (318)
[2019.08.30-18.03.10:070][580]LogModuleManager: Shutting down and abandoning module PerforceSourceControl (316)
[2019.08.30-18.03.10:131][580]LogModuleManager: Shutting down and abandoning module GitSourceControl (314)
[2019.08.30-18.03.10:140][580]LogModuleManager: Shutting down and abandoning module SourceControl (313)
[2019.08.30-18.03.10:148][580]LogModuleManager: Shutting down and abandoning module CLionSourceCodeAccess (310)
[2019.08.30-18.03.10:148][580]LogModuleManager: Shutting down and abandoning module AnimationSharingEd (308)
[2019.08.30-18.03.10:148][580]LogModuleManager: Shutting down and abandoning module ActorLayerUtilitiesEditor (306)
[2019.08.30-18.03.10:148][580]LogModuleManager: Shutting down and abandoning module ActorLayerUtilities (304)
[2019.08.30-18.03.10:148][580]LogModuleManager: Shutting down and abandoning module LightPropagationVolumeEditor (302)
[2019.08.30-18.03.10:148][580]LogModuleManager: Shutting down and abandoning module PaperTiledImporter (300)
[2019.08.30-18.03.10:148][580]LogModuleManager: Shutting down and abandoning module PaperSpriteSheetImporter (298)
[2019.08.30-18.03.10:148][580]LogModuleManager: Shutting down and abandoning module Paper2DEditor (296)
[2019.08.30-18.03.10:172][580]LogModuleManager: Shutting down and abandoning module SignificanceManager (294)
[2019.08.30-18.03.10:172][580]LogModuleManager: Shutting down and abandoning module RuntimePhysXCooking (292)
[2019.08.30-18.03.10:172][580]LogModuleManager: Shutting down and abandoning module PhysXVehiclesEditor (290)
[2019.08.30-18.03.10:172][580]LogModuleManager: Shutting down and abandoning module PhysXVehicles (288)
[2019.08.30-18.03.10:172][580]LogModuleManager: Shutting down and abandoning module LocationServicesBPLibrary (286)
[2019.08.30-18.03.10:172][580]LogModuleManager: Shutting down and abandoning module ActorSequence (284)
[2019.08.30-18.03.10:172][580]LogModuleManager: Shutting down and abandoning module UdpMessaging (282)
[2019.08.30-18.03.10:282][580]LogModuleManager: Shutting down and abandoning module TcpMessaging (280)
[2019.08.30-18.03.10:493][580]LogModuleManager: Shutting down and abandoning module MagicLeapIdentity (278)
[2019.08.30-18.03.10:493][580]LogModuleManager: Shutting down and abandoning module MagicLeapSecureStorage (276)
[2019.08.30-18.03.10:493][580]LogModuleManager: Shutting down and abandoning module MagicLeapHandTracking (274)
[2019.08.30-18.03.10:522][580]LogModuleManager: Shutting down and abandoning module MagicLeapEyeTracker (272)
[2019.08.30-18.03.10:523][580]LogModuleManager: Shutting down and abandoning module MagicLeapController (270)
[2019.08.30-18.03.10:566][580]LogSlate: Slate User Destroyed.  User Index 0, Is Virtual User: 0
[2019.08.30-18.03.10:566][580]LogModuleManager: Shutting down and abandoning module MagicLeapAR (268)
[2019.08.30-18.03.10:566][580]LogModuleManager: Shutting down and abandoning module AugmentedReality (267)
[2019.08.30-18.03.10:566][580]LogModuleManager: Shutting down and abandoning module GameplayTagsEditor (264)
[2019.08.30-18.03.10:660][580]LogModuleManager: Shutting down and abandoning module FacialAnimationEditor (262)
[2019.08.30-18.03.10:660][580]LogModuleManager: Shutting down and abandoning module FacialAnimation (260)
[2019.08.30-18.03.10:660][580]LogModuleManager: Shutting down and abandoning module DataValidation (258)
[2019.08.30-18.03.10:660][580]LogModuleManager: Shutting down and abandoning module AssetManagerEditor (256)
[2019.08.30-18.03.10:787][580]LogModuleManager: Shutting down and abandoning module LevelEditor (255)
[2019.08.30-18.03.10:854][580]LogModuleManager: Shutting down and abandoning module PixelInspectorModule (254)
[2019.08.30-18.03.10:876][580]LogModuleManager: Shutting down and abandoning module CommonMenuExtensions (252)
[2019.08.30-18.03.10:876][580]LogModuleManager: Shutting down and abandoning module MainFrame (250)
[2019.08.30-18.03.10:876][580]LogModuleManager: Shutting down and abandoning module HotReload (249)
[2019.08.30-18.03.10:892][580]LogModuleManager: Shutting down and abandoning module ContentBrowser (245)
[2019.08.30-18.03.10:893][580]LogModuleManager: Shutting down and abandoning module TreeMap (243)
[2019.08.30-18.03.10:900][580]LogModuleManager: Shutting down and abandoning module AnimationSharing (240)
[2019.08.30-18.03.10:900][580]LogModuleManager: Shutting down and abandoning module LightPropagationVolumeRuntime (238)
[2019.08.30-18.03.10:900][580]LogModuleManager: Shutting down and abandoning module AISupportModule (236)
[2019.08.30-18.03.10:900][580]LogModuleManager: Shutting down and abandoning module Paper2D (234)
[2019.08.30-18.03.10:915][580]LogModuleManager: Shutting down and abandoning module WindowsMoviePlayer (232)
[2019.08.30-18.03.10:925][580]LogModuleManager: Shutting down and abandoning module WebMMoviePlayer (230)
[2019.08.30-18.03.10:940][580]LogModuleManager: Shutting down and abandoning module PacketHandler (228)
[2019.08.30-18.03.10:940][580]LogModuleManager: Shutting down and abandoning module ClothingSystemEditor (226)
[2019.08.30-18.03.10:940][580]LogModuleManager: Shutting down and abandoning module ClothingSystemRuntime (224)
[2019.08.30-18.03.10:971][580]LogModuleManager: Shutting down and abandoning module MediaAssets (222)
[2019.08.30-18.03.10:971][580]LogModuleManager: Shutting down and abandoning module Overlay (220)
[2019.08.30-18.03.10:971][580]LogModuleManager: Shutting down and abandoning module OverlayEditor (219)
[2019.08.30-18.03.10:971][580]LogModuleManager: Shutting down and abandoning module VREditor (216)
[2019.08.30-18.03.10:987][580]LogModuleManager: Shutting down and abandoning module StringTableEditor (214)
[2019.08.30-18.03.11:011][580]LogModuleManager: Shutting down and abandoning module GameplayTasksEditor (212)
[2019.08.30-18.03.11:011][580]LogModuleManager: Shutting down and abandoning module BehaviorTreeEditor (210)
[2019.08.30-18.03.11:036][580]LogModuleManager: Shutting down and abandoning module FunctionalTesting (208)
[2019.08.30-18.03.11:044][580]LogModuleManager: Shutting down and abandoning module CollisionAnalyzer (206)
[2019.08.30-18.03.11:064][580]LogModuleManager: Shutting down and abandoning module WorkspaceMenuStructure (205)
[2019.08.30-18.03.11:070][580]LogModuleManager: Shutting down and abandoning module UMG (202)
[2019.08.30-18.03.11:081][580]LogModuleManager: Shutting down and abandoning module UMGEditor (201)
[2019.08.30-18.03.11:142][580]LogModuleManager: Shutting down and abandoning module Sequencer (200)
[2019.08.30-18.03.11:309][580]LogModuleManager: Shutting down and abandoning module MessageLog (197)
[2019.08.30-18.03.11:309][580]LogModuleManager: Shutting down and abandoning module SlateReflector (192)
[2019.08.30-18.03.11:394][580]LogModuleManager: Shutting down and abandoning module Slate (190)
[2019.08.30-18.03.11:394][580]LogModuleManager: Shutting down and abandoning module EditorStyle (188)
[2019.08.30-18.03.11:395][580]LogModuleManager: Shutting down and abandoning module UnrealEd (186)
[2019.08.30-18.03.11:407][580]LogModuleManager: Shutting down and abandoning module MRMesh (184)
[2019.08.30-18.03.11:407][580]LogModuleManager: Shutting down and abandoning module SourceCodeAccess (182)
[2019.08.30-18.03.11:407][580]LogModuleManager: Shutting down and abandoning module HeadMountedDisplay (180)
[2019.08.30-18.03.11:407][580]LogModuleManager: Shutting down and abandoning module XAudio2 (178)
[2019.08.30-18.03.11:407][580]LogModuleManager: Shutting down and abandoning module Networking (176)
[2019.08.30-18.03.11:407][580]LogModuleManager: Shutting down and abandoning module Core (174)
[2019.08.30-18.03.11:407][580]LogModuleManager: Shutting down and abandoning module KismetCompiler (172)
[2019.08.30-18.03.11:407][580]LogModuleManager: Shutting down and abandoning module MeshUtilities (170)
[2019.08.30-18.03.11:407][580]LogModuleManager: Shutting down and abandoning module MeshMergeUtilities (169)
[2019.08.30-18.03.11:414][580]LogModuleManager: Shutting down and abandoning module MeshReductionInterface (168)
[2019.08.30-18.03.11:414][580]LogModuleManager: Shutting down and abandoning module SkeletalMeshReduction (167)
[2019.08.30-18.03.11:420][580]LogModuleManager: Shutting down and abandoning module ProxyLODMeshReduction (165)
[2019.08.30-18.03.11:445][580]LogModuleManager: Shutting down and abandoning module QuadricMeshReduction (163)
[2019.08.30-18.03.11:454][580]LogModuleManager: Shutting down and abandoning module MaterialBaking (159)
[2019.08.30-18.03.11:468][580]LogModuleManager: Shutting down and abandoning module DerivedDataCache (154)
[2019.08.30-18.03.11:543][580]LogDerivedDataCache: Shutdown
[2019.08.30-18.03.11:543][580]LogModuleManager: Shutting down and abandoning module XGEController (152)
[2019.08.30-18.03.11:543][580]LogXGEController: Cleaning working directory: C:/Users/Administrator/AppData/Local/Temp/UnrealXGEWorkingDir/
[2019.08.30-18.03.11:547][580]LogModuleManager: Shutting down and abandoning module TargetPlatform (150)
[2019.08.30-18.03.11:562][580]LogModuleManager: Shutting down and abandoning module VulkanShaderFormat (149)
[2019.08.30-18.03.11:568][580]LogModuleManager: Shutting down and abandoning module ShaderFormatVectorVM (147)
[2019.08.30-18.03.11:582][580]LogModuleManager: Shutting down and abandoning module ShaderFormatOpenGL (145)
[2019.08.30-18.03.11:591][580]LogModuleManager: Shutting down and abandoning module ShaderFormatD3D (143)
[2019.08.30-18.03.11:639][580]LogModuleManager: Shutting down and abandoning module MetalShaderFormat (141)
[2019.08.30-18.03.11:653][580]LogModuleManager: Shutting down and abandoning module TextureFormatUncompressed (139)
[2019.08.30-18.03.11:653][580]LogModuleManager: Shutting down and abandoning module TextureFormatPVR (137)
[2019.08.30-18.03.11:653][580]LogModuleManager: Shutting down and abandoning module TextureFormatDXT (135)
[2019.08.30-18.03.11:658][580]LogModuleManager: Shutting down and abandoning module TextureFormatIntelISPCTexComp (133)
[2019.08.30-18.03.11:670][580]LogModuleManager: Shutting down and abandoning module TextureFormatASTC (131)
[2019.08.30-18.03.11:670][580]LogModuleManager: Shutting down and abandoning module ImageWrapper (130)
[2019.08.30-18.03.11:670][580]LogModuleManager: Shutting down and abandoning module TextureFormatAndroid (127)
[2019.08.30-18.03.11:670][580]LogModuleManager: Shutting down and abandoning module AudioFormatOpus (125)
[2019.08.30-18.03.11:684][580]LogModuleManager: Shutting down and abandoning module AudioFormatOgg (123)
[2019.08.30-18.03.11:684][580]LogModuleManager: Shutting down and abandoning module AudioFormatADPCM (121)
[2019.08.30-18.03.11:696][580]LogModuleManager: Shutting down and abandoning module LuminTargetPlatform (119)
[2019.08.30-18.03.11:706][580]LogModuleManager: Shutting down and abandoning module LinuxTargetPlatform (117)
[2019.08.30-18.03.11:706][580]LogModuleManager: Shutting down and abandoning module LinuxServerTargetPlatform (115)
[2019.08.30-18.03.11:713][580]LogModuleManager: Shutting down and abandoning module LinuxNoEditorTargetPlatform (113)
[2019.08.30-18.03.11:715][580]LogModuleManager: Shutting down and abandoning module LinuxClientTargetPlatform (111)
[2019.08.30-18.03.11:721][580]LogModuleManager: Shutting down and abandoning module TVOSTargetPlatform (109)
[2019.08.30-18.03.11:723][580]LogModuleManager: Shutting down and abandoning module Messaging (107)
[2019.08.30-18.03.11:723][580]LogModuleManager: Shutting down and abandoning module IOSTargetPlatform (105)
[2019.08.30-18.03.11:724][580]LogModuleManager: Shutting down and abandoning module HTML5TargetPlatform (103)
[2019.08.30-18.03.11:724][580]LogModuleManager: Shutting down and abandoning module AndroidTargetPlatform (101)
[2019.08.30-18.03.11:731][580]LogModuleManager: Shutting down and abandoning module WindowsTargetPlatform (99)
[2019.08.30-18.03.11:731][580]LogModuleManager: Shutting down and abandoning module WindowsServerTargetPlatform (97)
[2019.08.30-18.03.11:731][580]LogModuleManager: Shutting down and abandoning module WindowsNoEditorTargetPlatform (95)
[2019.08.30-18.03.11:731][580]LogModuleManager: Shutting down and abandoning module WindowsClientTargetPlatform (93)
[2019.08.30-18.03.11:732][580]LogModuleManager: Shutting down and abandoning module MacTargetPlatform (91)
[2019.08.30-18.03.11:732][580]LogModuleManager: Shutting down and abandoning module MacServerTargetPlatform (89)
[2019.08.30-18.03.11:732][580]LogModuleManager: Shutting down and abandoning module MacNoEditorTargetPlatform (87)
[2019.08.30-18.03.11:732][580]LogModuleManager: Shutting down and abandoning module MacClientTargetPlatform (85)
[2019.08.30-18.03.11:732][580]LogModuleManager: Shutting down and abandoning module AllDesktopTargetPlatform (83)
[2019.08.30-18.03.11:732][580]LogModuleManager: Shutting down and abandoning module InputCore (80)
[2019.08.30-18.03.11:732][580]LogModuleManager: Shutting down and abandoning module Settings (78)
[2019.08.30-18.03.11:732][580]LogModuleManager: Shutting down and abandoning module DirectoryWatcher (76)
[2019.08.30-18.03.11:732][580]LogModuleManager: Shutting down and abandoning module PhysXCooking (74)
[2019.08.30-18.03.11:732][580]LogModuleManager: Shutting down and abandoning module SteamVR (72)
[2019.08.30-18.03.11:745][580]LogHMD: Freeing OpenVRDLLHandle.
[2019.08.30-18.03.11:745][580]LogModuleManager: Shutting down and abandoning module OculusHMD (70)
[2019.08.30-18.03.11:766][580]LogModuleManager: Shutting down and abandoning module ExampleDeviceProfileSelector (68)
[2019.08.30-18.03.11:766][580]LogModuleManager: Shutting down and abandoning module LauncherChunkInstaller (66)
[2019.08.30-18.03.11:766][580]LogModuleManager: Shutting down and abandoning module OnlineBlueprintSupport (64)
[2019.08.30-18.03.11:766][580]LogModuleManager: Shutting down and abandoning module OnlineSubsystem (60)
[2019.08.30-18.03.11:798][580]LogModuleManager: Shutting down and abandoning module XMPP (55)
[2019.08.30-18.03.11:806][580]LogModuleManager: Shutting down and abandoning module WebSockets (54)
[2019.08.30-18.03.11:907][580]LogModuleManager: Shutting down and abandoning module HTTP (51)
[2019.08.30-18.03.11:907][580]LogHttp: Display: Http module shutting down, but needs to wait on 1 outstanding Http requests:
[2019.08.30-18.03.11:907][580]LogHttp: Display: 	verb=[POST] url=[https://datarouter.ol.epicgames.com/datarouter/api/v1/public/data?SessionID=%7B2487BCB4-4694-1FCE-5FBA-2DA13FE11347%7D&AppID=UEEditor.Rocket.Release&AppVersion=4.22.3-7053642%2B%2B%2BUE4%2BRelease-4.22&UserID=45f47b264aa4b7f36db5078e647cbd09%7C7404182135974f3485369f2b42884164%7C983b1560-5cc6-45d0-9144-7fe949679042&AppEnvironment=datacollector-binary&UploadType=eteventstream] status=Processing
[2019.08.30-18.03.11:936][580]LogModuleManager: Shutting down and abandoning module SSL (50)
[2019.08.30-18.03.11:938][580]LogModuleManager: Shutting down and abandoning module WmfMedia (46)
[2019.08.30-18.03.11:957][580]LogModuleManager: Shutting down and abandoning module Media (45)
[2019.08.30-18.03.11:963][580]LogModuleManager: Shutting down and abandoning module MagicLeap (42)
[2019.08.30-18.03.11:978][580]LogModuleManager: Shutting down and abandoning module DatasmithContent (40)
[2019.08.30-18.03.11:981][580]LogModuleManager: Shutting down and abandoning module AnimationModifiers (38)
[2019.08.30-18.03.11:994][580]LogModuleManager: Shutting down and abandoning module PropertyEditor (37)
[2019.08.30-18.03.12:024][580]LogModuleManager: Shutting down and abandoning module AudioEditor (34)
[2019.08.30-18.03.12:054][580]LogModuleManager: Shutting down and abandoning module TextureCompressor (32)
[2019.08.30-18.03.12:092][580]LogModuleManager: Shutting down and abandoning module RenderCore (30)
[2019.08.30-18.03.12:092][580]LogModuleManager: Shutting down and abandoning module Landscape (28)
[2019.08.30-18.03.12:092][580]LogModuleManager: Shutting down and abandoning module SlateRHIRenderer (26)
[2019.08.30-18.03.12:117][580]LogModuleManager: Shutting down and abandoning module OpenGLDrv (24)
[2019.08.30-18.03.12:183][580]LogModuleManager: Shutting down and abandoning module D3D11RHI (22)
[2019.08.30-18.03.12:183][580]LogModuleManager: Shutting down and abandoning module AnimGraphRuntime (20)
[2019.08.30-18.03.12:183][580]LogModuleManager: Shutting down and abandoning module Renderer (18)
[2019.08.30-18.03.12:183][580]LogModuleManager: Shutting down and abandoning module Engine (16)
[2019.08.30-18.03.12:183][580]LogModuleManager: Shutting down and abandoning module CoreUObject (14)
[2019.08.30-18.03.12:183][580]LogModuleManager: Shutting down and abandoning module NetworkFile (12)
[2019.08.30-18.03.12:183][580]LogModuleManager: Shutting down and abandoning module CookedIterativeFile (10)
[2019.08.30-18.03.12:183][580]LogModuleManager: Shutting down and abandoning module StreamingFile (8)
[2019.08.30-18.03.12:196][580]LogModuleManager: Shutting down and abandoning module SandboxFile (6)
[2019.08.30-18.03.12:196][580]LogModuleManager: Shutting down and abandoning module PakFile (4)
[2019.08.30-18.03.12:207][580]LogModuleManager: Shutting down and abandoning module RSA (3)
[2019.08.30-18.03.12:234][580]LogExit: Exiting.
[2019.08.30-18.03.12:260][580]Log file closed, 08/31/19 04:03:12
