Log file open, 09/17/19 01:10:53
LogWindows: Failed to load 'aqProf.dll' (GetLastError=126)
LogWindows: File 'aqProf.dll' does not exist
LogWindows: Failed to load 'VtuneApi.dll' (GetLastError=126)
LogWindows: File 'VtuneApi.dll' does not exist
LogWindows: Failed to load 'VtuneApi32e.dll' (GetLastError=126)
LogWindows: File 'VtuneApi32e.dll' does not exist
LogConsoleResponse: Display: Failed to find resolution value strings in scalability ini. Falling back to default.
LogInit: Display: Running engine for game: Project_Nezha
LogPakFile: Registered encryption key '00000000000000000000000000000000': 0 pak files mounted, 0 remain pending
LogPlatformFile: Not using cached read wrapper
LogTaskGraph: Started task graph with 5 named threads and 71 total threads with 3 sets of task threads.
LogStats: Stats thread started at 0.778099
LogD3D11RHI: Loaded GFSDK_Aftermath_Lib.x64.dll
LogICUInternationalization: ICU TimeZone Detection - Raw Offset: +10:00, Platform Override: ''
LogPluginManager: Mounting plugin Paper2D
LogPluginManager: Mounting plugin AISupport
LogPluginManager: Mounting plugin LightPropagationVolume
LogPluginManager: Mounting plugin ActorLayerUtilities
LogPluginManager: Mounting plugin AnimationSharing
LogPluginManager: Mounting plugin CLionSourceCodeAccess
LogPluginManager: Mounting plugin CodeLiteSourceCodeAccess
LogPluginManager: Mounting plugin GitSourceControl
LogPluginManager: Mounting plugin KDevelopSourceCodeAccess
LogPluginManager: Mounting plugin NullSourceCodeAccess
LogPluginManager: Mounting plugin PerforceSourceControl
LogPluginManager: Mounting plugin SubversionSourceControl
LogPluginManager: Mounting plugin UObjectPlugin
LogPluginManager: Mounting plugin VisualStudioCodeSourceCodeAccess
LogPluginManager: Mounting plugin VisualStudioSourceCodeAccess
LogPluginManager: Mounting plugin XCodeSourceCodeAccess
LogPluginManager: Mounting plugin AssetManagerEditor
LogPluginManager: Mounting plugin CryptoKeys
LogPluginManager: Mounting plugin DataValidation
LogPluginManager: Mounting plugin FacialAnimation
LogPluginManager: Mounting plugin GameplayTagsEditor
LogPluginManager: Mounting plugin MacGraphicsSwitching
LogPluginManager: Mounting plugin MaterialAnalyzer
LogPluginManager: Mounting plugin MobileLauncherProfileWizard
LogPluginManager: Mounting plugin PluginBrowser
LogPluginManager: Mounting plugin SpeedTreeImporter
LogPluginManager: Mounting plugin DatasmithContent
LogPluginManager: Mounting plugin VariantManagerContent
LogPluginManager: Mounting plugin AlembicImporter
LogPluginManager: Mounting plugin AppleImageUtils
LogPluginManager: Mounting plugin AppleVision
LogPluginManager: Mounting plugin BackChannel
LogPluginManager: Mounting plugin CharacterAI
LogPluginManager: Mounting plugin GeometryCache
LogPluginManager: Mounting plugin HTML5Networking
LogPluginManager: Mounting plugin ProxyLODPlugin
LogPluginManager: Mounting plugin SkeletalReduction
LogPluginManager: Mounting plugin MagicLeap
LogPluginManager: Mounting plugin MagicLeapMedia
LogPluginManager: Mounting plugin TargetSystem
LogPluginManager: Mounting plugin AndroidMedia
LogPluginManager: Mounting plugin AvfMedia
LogPluginManager: Mounting plugin ImgMedia
LogPluginManager: Mounting plugin LinearTimecode
LogPluginManager: Mounting plugin MediaCompositing
LogPluginManager: Mounting plugin MediaPlayerEditor
LogPluginManager: Mounting plugin WebMMedia
LogPluginManager: Mounting plugin WmfMedia
LogPluginManager: Mounting plugin TcpMessaging
LogPluginManager: Mounting plugin UdpMessaging
LogPluginManager: Mounting plugin ActorSequence
LogPluginManager: Mounting plugin LevelSequenceEditor
LogPluginManager: Mounting plugin MatineeToLevelSequence
LogPluginManager: Mounting plugin NetcodeUnitTest
LogPluginManager: Mounting plugin NUTUnrealEngine4
LogPluginManager: Mounting plugin OnlineSubsystemGooglePlay
LogPluginManager: Mounting plugin OnlineSubsystemIOS
LogPluginManager: Mounting plugin OnlineSubsystem
LogPluginManager: Mounting plugin OnlineSubsystemNull
LogPluginManager: Mounting plugin OnlineSubsystemUtils
LogPluginManager: Mounting plugin LauncherChunkInstaller
LogPluginManager: Mounting plugin AndroidDeviceProfileSelector
LogPluginManager: Mounting plugin AndroidMoviePlayer
LogPluginManager: Mounting plugin AndroidPermission
LogPluginManager: Mounting plugin AppleMoviePlayer
LogPluginManager: Mounting plugin ArchVisCharacter
LogPluginManager: Mounting plugin AudioCapture
LogPluginManager: Mounting plugin CableComponent
LogPluginManager: Mounting plugin CustomMeshComponent
LogPluginManager: Mounting plugin EditableMesh
LogPluginManager: Mounting plugin ExampleDeviceProfileSelector
LogPluginManager: Mounting plugin Firebase
LogPluginManager: Mounting plugin GoogleCloudMessaging
LogPluginManager: Mounting plugin IOSDeviceProfileSelector
LogPluginManager: Mounting plugin LinuxDeviceProfileSelector
LogPluginManager: Mounting plugin LocationServicesBPLibrary
LogPluginManager: Mounting plugin MobilePatchingUtils
LogPluginManager: Mounting plugin OculusVR
LogPluginManager: Mounting plugin PhysXVehicles
LogPluginManager: Mounting plugin ProceduralMeshComponent
LogPluginManager: Mounting plugin RuntimePhysXCooking
LogPluginManager: Mounting plugin SignificanceManager
LogPluginManager: Mounting plugin SteamVR
LogPluginManager: Mounting plugin WebMMoviePlayer
LogPluginManager: Mounting plugin WindowsMoviePlayer
LogInit: Using libcurl 7.55.1-DEV
LogInit:  - built for x86_64-pc-win32
LogInit:  - supports SSL with OpenSSL/1.1.1
LogInit:  - supports HTTP deflate (compression) using libz 1.2.8
LogInit:  - other features:
LogInit:      CURL_VERSION_SSL
LogInit:      CURL_VERSION_LIBZ
LogInit:      CURL_VERSION_IPV6
LogInit:      CURL_VERSION_ASYNCHDNS
LogInit:      CURL_VERSION_LARGEFILE
LogInit:      CURL_VERSION_IDN
LogInit:  CurlRequestOptions (configurable via config and command line):
LogInit:  - bVerifyPeer = true  - Libcurl will verify peer certificate
LogInit:  - bUseHttpProxy = false  - Libcurl will NOT use HTTP proxy
LogInit:  - bDontReuseConnections = false  - Libcurl will reuse connections
LogInit:  - MaxHostConnections = 16  - Libcurl will limit the number of connections to a host
LogInit:  - LocalHostAddr = Default
LogInit:  - BufferSize = 65536
LogInit: WinSock: version 1.1 (2.2), MaxSocks=32767, MaxUdp=65467
LogInit: Build: ++UE4+Release-4.22-CL-7053642
LogInit: Engine Version: 4.22.3-7053642+++UE4+Release-4.22
LogInit: Compatible Engine Version: 4.22.0-5660361+++UE4+Release-4.22
LogInit: Net CL: 5660361
LogInit: OS: Windows 10 (Release 1903) (), CPU: AMD Ryzen 9 3900X 12-Core Processor            , GPU: NVIDIA GeForce RTX 2080 Ti
LogInit: Compiled (64-bit): Jun 18 2019 03:09:11
LogInit: Compiled with Visual C++: 19.16.27025.01
LogInit: Build Configuration: Development
LogInit: Branch Name: ++UE4+Release-4.22
LogInit: Command Line: 
LogInit: Base Directory: D:/Epic/UE_4.22/Engine/Binaries/Win64/
LogInit: Installed Engine Build: 1
LogDevObjectVersion: Number of dev versions registered: 23
LogDevObjectVersion:   Dev-Blueprints (B0D832E4-1F89-4F0D-ACCF-7EB736FD4AA2): 10
LogDevObjectVersion:   Dev-Build (E1C64328-A22C-4D53-A36C-8E866417BD8C): 0
LogDevObjectVersion:   Dev-Core (375EC13C-06E4-48FB-B500-84F0262A717E): 3
LogDevObjectVersion:   Dev-Editor (E4B068ED-F494-42E9-A231-DA0B2E46BB41): 30
LogDevObjectVersion:   Dev-Framework (CFFC743F-43B0-4480-9391-14DF171D2073): 35
LogDevObjectVersion:   Dev-Mobile (B02B49B5-BB20-44E9-A304-32B752E40360): 2
LogDevObjectVersion:   Dev-Networking (A4E4105C-59A1-49B5-A7C5-40C4547EDFEE): 0
LogDevObjectVersion:   Dev-Online (39C831C9-5AE6-47DC-9A44-9C173E1C8E7C): 0
LogDevObjectVersion:   Dev-Physics (78F01B33-EBEA-4F98-B9B4-84EACCB95AA2): 0
LogDevObjectVersion:   Dev-Platform (6631380F-2D4D-43E0-8009-CF276956A95A): 0
LogDevObjectVersion:   Dev-Rendering (12F88B9F-8875-4AFC-A67C-D90C383ABD29): 28
LogDevObjectVersion:   Dev-Sequencer (7B5AE74C-D270-4C10-A958-57980B212A5A): 11
LogDevObjectVersion:   Dev-VR (D7296918-1DD6-4BDD-9DE2-64A83CC13884): 2
LogDevObjectVersion:   Dev-LoadTimes (C2A15278-BFE7-4AFE-6C17-90FF531DF755): 1
LogDevObjectVersion:   Private-Geometry (6EACA3D4-40EC-4CC1-B786-8BED09428FC5): 3
LogDevObjectVersion:   Dev-AnimPhys (29E575DD-E0A3-4627-9D10-D276232CDCEA): 17
LogDevObjectVersion:   Dev-Anim (AF43A65D-7FD3-4947-9873-3E8ED9C1BB05): 2
LogDevObjectVersion:   Dev-ReflectionCapture (6B266CEC-1EC7-4B8F-A30B-E4D90942FC07): 1
LogDevObjectVersion:   Dev-Automation (0DF73D61-A23F-47EA-B727-89E90C41499A): 1
LogDevObjectVersion:   FortniteMain (601D1886-AC64-4F84-AA16-D3DE0DEAC7D6): 25
LogDevObjectVersion:   Dev-Enterprise (9DFFBCD6-494F-0158-E221-12823C92A888): 6
LogDevObjectVersion:   Dev-Niagara (F2AED0AC-9AFE-416F-8664-AA7FFA26D6FC): 1
LogDevObjectVersion:   Dev-Destruction (174F1F0B-B4C6-45A5-B13F-2EE8D0FB917D): 2
LogInit: Presizing for max 16777216 objects, including 0 objects not considered by GC, pre-allocating 0 bytes for permanent pool.
LogInit: Object subsystem initialized
LogConfig: Setting CVar [[con.DebugEarlyDefault:1]]
LogConfig: Setting CVar [[r.setres:1280x720]]
[2019.09.16-15.10.53:708][  0]LogConfig: Setting CVar [[r.VSync:0]]
[2019.09.16-15.10.53:708][  0]LogConfig: Setting CVar [[r.RHICmdBypass:0]]
[2019.09.16-15.10.53:708][  0]LogConfig: Applying CVar settings from Section [/Script/Engine.RendererSettings] File [C:/Users/r3477/OneDrive/Documents/GitHub/Project_Nezha/Project_Nezha/Saved/Config/Windows/Engine.ini]
[2019.09.16-15.10.53:708][  0]LogConfig: Setting CVar [[r.GPUCrashDebugging:0]]
[2019.09.16-15.10.53:708][  0]LogConfig: Applying CVar settings from Section [/Script/Engine.RendererOverrideSettings] File [C:/Users/r3477/OneDrive/Documents/GitHub/Project_Nezha/Project_Nezha/Saved/Config/Windows/Engine.ini]
[2019.09.16-15.10.53:708][  0]LogConfig: Applying CVar settings from Section [/Script/Engine.StreamingSettings] File [C:/Users/r3477/OneDrive/Documents/GitHub/Project_Nezha/Project_Nezha/Saved/Config/Windows/Engine.ini]
[2019.09.16-15.10.53:708][  0]LogConfig: Setting CVar [[s.MinBulkDataSizeForAsyncLoading:131072]]
[2019.09.16-15.10.53:708][  0]LogConfig: Setting CVar [[s.AsyncLoadingThreadEnabled:0]]
[2019.09.16-15.10.53:708][  0]LogConfig: Setting CVar [[s.EventDrivenLoaderEnabled:1]]
[2019.09.16-15.10.53:708][  0]LogConfig: Setting CVar [[s.WarnIfTimeLimitExceeded:0]]
[2019.09.16-15.10.53:708][  0]LogConfig: Setting CVar [[s.TimeLimitExceededMultiplier:1.5]]
[2019.09.16-15.10.53:708][  0]LogConfig: Setting CVar [[s.TimeLimitExceededMinTime:0.005]]
[2019.09.16-15.10.53:708][  0]LogConfig: Setting CVar [[s.UseBackgroundLevelStreaming:1]]
[2019.09.16-15.10.53:708][  0]LogConfig: Setting CVar [[s.PriorityAsyncLoadingExtraTime:15.0]]
[2019.09.16-15.10.53:708][  0]LogConfig: Setting CVar [[s.LevelStreamingActorsUpdateTimeLimit:5.0]]
[2019.09.16-15.10.53:708][  0]LogConfig: Setting CVar [[s.PriorityLevelStreamingActorsUpdateExtraTime:5.0]]
[2019.09.16-15.10.53:708][  0]LogConfig: Setting CVar [[s.LevelStreamingComponentsRegistrationGranularity:10]]
[2019.09.16-15.10.53:708][  0]LogConfig: Setting CVar [[s.UnregisterComponentsTimeLimit:1.0]]
[2019.09.16-15.10.53:708][  0]LogConfig: Setting CVar [[s.LevelStreamingComponentsUnregistrationGranularity:5]]
[2019.09.16-15.10.53:709][  0]LogConfig: Applying CVar settings from Section [/Script/Engine.GarbageCollectionSettings] File [C:/Users/r3477/OneDrive/Documents/GitHub/Project_Nezha/Project_Nezha/Saved/Config/Windows/Engine.ini]
[2019.09.16-15.10.53:709][  0]LogConfig: Setting CVar [[gc.MaxObjectsNotConsideredByGC:1]]
[2019.09.16-15.10.53:709][  0]LogConfig: Setting CVar [[gc.SizeOfPermanentObjectPool:0]]
[2019.09.16-15.10.53:709][  0]LogConfig: Setting CVar [[gc.FlushStreamingOnGC:0]]
[2019.09.16-15.10.53:709][  0]LogConfig: Setting CVar [[gc.NumRetriesBeforeForcingGC:10]]
[2019.09.16-15.10.53:709][  0]LogConfig: Setting CVar [[gc.AllowParallelGC:1]]
[2019.09.16-15.10.53:709][  0]LogConfig: Setting CVar [[gc.TimeBetweenPurgingPendingKillObjects:61.1]]
[2019.09.16-15.10.53:709][  0]LogConfig: Setting CVar [[gc.MaxObjectsInEditor:16777216]]
[2019.09.16-15.10.53:709][  0]LogConfig: Setting CVar [[gc.IncrementalBeginDestroyEnabled:1]]
[2019.09.16-15.10.53:709][  0]LogConfig: Setting CVar [[gc.CreateGCClusters:1]]
[2019.09.16-15.10.53:709][  0]LogConfig: Setting CVar [[gc.MinGCClusterSize:5]]
[2019.09.16-15.10.53:709][  0]LogConfig: Setting CVar [[gc.ActorClusteringEnabled:0]]
[2019.09.16-15.10.53:709][  0]LogConfig: Setting CVar [[gc.BlueprintClusteringEnabled:0]]
[2019.09.16-15.10.53:709][  0]LogConfig: Setting CVar [[gc.UseDisregardForGCOnDedicatedServers:0]]
[2019.09.16-15.10.53:709][  0]LogConfig: Applying CVar settings from Section [/Script/Engine.NetworkSettings] File [C:/Users/r3477/OneDrive/Documents/GitHub/Project_Nezha/Project_Nezha/Saved/Config/Windows/Engine.ini]
[2019.09.16-15.10.53:709][  0]LogConfig: Applying CVar settings from Section [/Script/UnrealEd.CookerSettings] File [C:/Users/r3477/OneDrive/Documents/GitHub/Project_Nezha/Project_Nezha/Saved/Config/Windows/Engine.ini]
[2019.09.16-15.10.53:710][  0]LogConfig: Applying CVar settings from Section [ViewDistanceQuality@3] File [C:/Users/r3477/OneDrive/Documents/GitHub/Project_Nezha/Project_Nezha/Saved/Config/Windows/Scalability.ini]
[2019.09.16-15.10.53:710][  0]LogConfig: Setting CVar [[r.SkeletalMeshLODBias:0]]
[2019.09.16-15.10.53:710][  0]LogConfig: Setting CVar [[r.ViewDistanceScale:1.0]]
[2019.09.16-15.10.53:710][  0]LogConfig: Applying CVar settings from Section [AntiAliasingQuality@3] File [C:/Users/r3477/OneDrive/Documents/GitHub/Project_Nezha/Project_Nezha/Saved/Config/Windows/Scalability.ini]
[2019.09.16-15.10.53:710][  0]LogConfig: Setting CVar [[r.PostProcessAAQuality:4]]
[2019.09.16-15.10.53:710][  0]LogConfig: Applying CVar settings from Section [ShadowQuality@3] File [C:/Users/r3477/OneDrive/Documents/GitHub/Project_Nezha/Project_Nezha/Saved/Config/Windows/Scalability.ini]
[2019.09.16-15.10.53:710][  0]LogConfig: Setting CVar [[r.LightFunctionQuality:1]]
[2019.09.16-15.10.53:710][  0]LogConfig: Setting CVar [[r.ShadowQuality:5]]
[2019.09.16-15.10.53:710][  0]LogConfig: Setting CVar [[r.Shadow.CSM.MaxCascades:10]]
[2019.09.16-15.10.53:710][  0]LogConfig: Setting CVar [[r.Shadow.MaxResolution:2048]]
[2019.09.16-15.10.53:710][  0]LogConfig: Setting CVar [[r.Shadow.MaxCSMResolution:2048]]
[2019.09.16-15.10.53:710][  0]LogConfig: Setting CVar [[r.Shadow.RadiusThreshold:0.01]]
[2019.09.16-15.10.53:710][  0]LogConfig: Setting CVar [[r.Shadow.DistanceScale:1.0]]
[2019.09.16-15.10.53:710][  0]LogConfig: Setting CVar [[r.Shadow.CSM.TransitionScale:1.0]]
[2019.09.16-15.10.53:710][  0]LogConfig: Setting CVar [[r.Shadow.PreShadowResolutionFactor:1.0]]
[2019.09.16-15.10.53:711][  0]LogConfig: Setting CVar [[r.DistanceFieldShadowing:1]]
[2019.09.16-15.10.53:711][  0]LogConfig: Setting CVar [[r.DistanceFieldAO:1]]
[2019.09.16-15.10.53:711][  0]LogConfig: Setting CVar [[r.AOQuality:2]]
[2019.09.16-15.10.53:711][  0]LogConfig: Setting CVar [[r.VolumetricFog:1]]
[2019.09.16-15.10.53:711][  0]LogConfig: Setting CVar [[r.VolumetricFog.GridPixelSize:8]]
[2019.09.16-15.10.53:711][  0]LogConfig: Setting CVar [[r.VolumetricFog.GridSizeZ:128]]
[2019.09.16-15.10.53:711][  0]LogConfig: Setting CVar [[r.VolumetricFog.HistoryMissSupersampleCount:4]]
[2019.09.16-15.10.53:711][  0]LogConfig: Setting CVar [[r.LightMaxDrawDistanceScale:1]]
[2019.09.16-15.10.53:711][  0]LogConfig: Setting CVar [[r.CapsuleShadows:1]]
[2019.09.16-15.10.53:711][  0]LogConfig: Applying CVar settings from Section [PostProcessQuality@3] File [C:/Users/r3477/OneDrive/Documents/GitHub/Project_Nezha/Project_Nezha/Saved/Config/Windows/Scalability.ini]
[2019.09.16-15.10.53:711][  0]LogConfig: Setting CVar [[r.MotionBlurQuality:4]]
[2019.09.16-15.10.53:711][  0]LogConfig: Setting CVar [[r.AmbientOcclusionMipLevelFactor:0.4]]
[2019.09.16-15.10.53:711][  0]LogConfig: Setting CVar [[r.AmbientOcclusionMaxQuality:100]]
[2019.09.16-15.10.53:711][  0]LogConfig: Setting CVar [[r.AmbientOcclusionLevels:-1]]
[2019.09.16-15.10.53:711][  0]LogConfig: Setting CVar [[r.AmbientOcclusionRadiusScale:1.0]]
[2019.09.16-15.10.53:711][  0]LogConfig: Setting CVar [[r.DepthOfFieldQuality:2]]
[2019.09.16-15.10.53:711][  0]LogConfig: Setting CVar [[r.RenderTargetPoolMin:400]]
[2019.09.16-15.10.53:711][  0]LogConfig: Setting CVar [[r.LensFlareQuality:2]]
[2019.09.16-15.10.53:711][  0]LogConfig: Setting CVar [[r.SceneColorFringeQuality:1]]
[2019.09.16-15.10.53:711][  0]LogConfig: Setting CVar [[r.EyeAdaptationQuality:2]]
[2019.09.16-15.10.53:711][  0]LogConfig: Setting CVar [[r.BloomQuality:5]]
[2019.09.16-15.10.53:711][  0]LogConfig: Setting CVar [[r.FastBlurThreshold:100]]
[2019.09.16-15.10.53:711][  0]LogConfig: Setting CVar [[r.Upscale.Quality:3]]
[2019.09.16-15.10.53:711][  0]LogConfig: Setting CVar [[r.Tonemapper.GrainQuantization:1]]
[2019.09.16-15.10.53:711][  0]LogConfig: Setting CVar [[r.LightShaftQuality:1]]
[2019.09.16-15.10.53:711][  0]LogConfig: Setting CVar [[r.Filter.SizeScale:1]]
[2019.09.16-15.10.53:711][  0]LogConfig: Setting CVar [[r.Tonemapper.Quality:5]]
[2019.09.16-15.10.53:711][  0]LogConfig: Setting CVar [[r.DOF.Gather.AccumulatorQuality:1        ; higher gathering accumulator quality]]
[2019.09.16-15.10.53:711][  0]LogConfig: Setting CVar [[r.DOF.Gather.PostfilterMethod:1          ; Median3x3 postfilering method]]
[2019.09.16-15.10.53:711][  0]LogConfig: Setting CVar [[r.DOF.Gather.EnableBokehSettings:0       ; no bokeh simulation when gathering]]
[2019.09.16-15.10.53:711][  0]LogConfig: Setting CVar [[r.DOF.Gather.RingCount:4                 ; medium number of samples when gathering]]
[2019.09.16-15.10.53:711][  0]LogConfig: Setting CVar [[r.DOF.Scatter.ForegroundCompositing:1    ; additive foreground scattering]]
[2019.09.16-15.10.53:711][  0]LogConfig: Setting CVar [[r.DOF.Scatter.BackgroundCompositing:2    ; additive background scattering]]
[2019.09.16-15.10.53:711][  0]LogConfig: Setting CVar [[r.DOF.Scatter.EnableBokehSettings:1      ; bokeh simulation when scattering]]
[2019.09.16-15.10.53:711][  0]LogConfig: Setting CVar [[r.DOF.Scatter.MaxSpriteRatio:0.1         ; only a maximum of 10% of scattered bokeh]]
[2019.09.16-15.10.53:711][  0]LogConfig: Setting CVar [[r.DOF.Recombine.Quality:1                ; cheap slight out of focus]]
[2019.09.16-15.10.53:711][  0]LogConfig: Setting CVar [[r.DOF.Recombine.EnableBokehSettings:0    ; no bokeh simulation on slight out of focus]]
[2019.09.16-15.10.53:711][  0]LogConfig: Setting CVar [[r.DOF.TemporalAAQuality:1                ; more stable temporal accumulation]]
[2019.09.16-15.10.53:711][  0]LogConfig: Setting CVar [[r.DOF.Kernel.MaxForegroundRadius:0.025]]
[2019.09.16-15.10.53:711][  0]LogConfig: Setting CVar [[r.DOF.Kernel.MaxBackgroundRadius:0.025]]
[2019.09.16-15.10.53:711][  0]LogConfig: Applying CVar settings from Section [TextureQuality@3] File [C:/Users/r3477/OneDrive/Documents/GitHub/Project_Nezha/Project_Nezha/Saved/Config/Windows/Scalability.ini]
[2019.09.16-15.10.53:711][  0]LogConfig: Setting CVar [[r.Streaming.MipBias:0]]
[2019.09.16-15.10.53:711][  0]LogConfig: Setting CVar [[r.Streaming.AmortizeCPUToGPUCopy:0]]
[2019.09.16-15.10.53:711][  0]LogConfig: Setting CVar [[r.Streaming.MaxNumTexturesToStreamPerFrame:0]]
[2019.09.16-15.10.53:711][  0]LogConfig: Setting CVar [[r.Streaming.Boost:1]]
[2019.09.16-15.10.53:711][  0]LogConfig: Setting CVar [[r.MaxAnisotropy:8]]
[2019.09.16-15.10.53:711][  0]LogConfig: Setting CVar [[r.Streaming.LimitPoolSizeToVRAM:0]]
[2019.09.16-15.10.53:711][  0]LogConfig: Setting CVar [[r.Streaming.PoolSize:1000]]
[2019.09.16-15.10.53:711][  0]LogConfig: Setting CVar [[r.Streaming.MaxEffectiveScreenSize:0]]
[2019.09.16-15.10.53:711][  0]LogConfig: Applying CVar settings from Section [EffectsQuality@3] File [C:/Users/r3477/OneDrive/Documents/GitHub/Project_Nezha/Project_Nezha/Saved/Config/Windows/Scalability.ini]
[2019.09.16-15.10.53:711][  0]LogConfig: Setting CVar [[r.TranslucencyLightingVolumeDim:64]]
[2019.09.16-15.10.53:711][  0]LogConfig: Setting CVar [[r.RefractionQuality:2]]
[2019.09.16-15.10.53:711][  0]LogConfig: Setting CVar [[r.SSR.Quality:3]]
[2019.09.16-15.10.53:711][  0]LogConfig: Setting CVar [[r.SceneColorFormat:4]]
[2019.09.16-15.10.53:711][  0]LogConfig: Setting CVar [[r.DetailMode:2]]
[2019.09.16-15.10.53:711][  0]LogConfig: Setting CVar [[r.TranslucencyVolumeBlur:1]]
[2019.09.16-15.10.53:711][  0]LogConfig: Setting CVar [[r.MaterialQualityLevel:1 ; High quality]]
[2019.09.16-15.10.53:711][  0]LogConfig: Setting CVar [[r.SSS.Scale:1]]
[2019.09.16-15.10.53:711][  0]LogConfig: Setting CVar [[r.SSS.SampleSet:2]]
[2019.09.16-15.10.53:711][  0]LogConfig: Setting CVar [[r.SSS.Quality:1]]
[2019.09.16-15.10.53:711][  0]LogConfig: Setting CVar [[r.SSS.HalfRes:1]]
[2019.09.16-15.10.53:711][  0]LogConfig: Setting CVar [[r.EmitterSpawnRateScale:1.0]]
[2019.09.16-15.10.53:711][  0]LogConfig: Setting CVar [[r.ParticleLightQuality:2]]
[2019.09.16-15.10.53:711][  0]LogConfig: Applying CVar settings from Section [FoliageQuality@3] File [C:/Users/r3477/OneDrive/Documents/GitHub/Project_Nezha/Project_Nezha/Saved/Config/Windows/Scalability.ini]
[2019.09.16-15.10.53:711][  0]LogConfig: Setting CVar [[foliage.DensityScale:1.0]]
[2019.09.16-15.10.53:711][  0]LogConfig: Setting CVar [[grass.DensityScale:1.0]]
[2019.09.16-15.10.53:711][  0]LogInit: Selected Device Profile: [Windows]
[2019.09.16-15.10.53:711][  0]LogInit: Applying CVar settings loaded from the selected device profile: [Windows]
[2019.09.16-15.10.53:718][  0]LogHAL: Display: Platform has ~ 16 GB [17093390336 / 17179869184 / 16], which maps to Larger [LargestMinGB=32, LargerMinGB=12, DefaultMinGB=8, SmallerMinGB=6, SmallestMinGB=0)
[2019.09.16-15.10.53:718][  0]LogConfig: Setting CVar [[r.Vulkan.UseRealUBs:0		; Required until we fix HLR fall-out]]
[2019.09.16-15.10.53:718][  0]LogInit: Going up to parent DeviceProfile []
[2019.09.16-15.10.53:718][  0]LogConfig: Applying CVar settings from Section [ViewDistanceQuality@3] File [C:/Users/r3477/OneDrive/Documents/GitHub/Project_Nezha/Project_Nezha/Saved/Config/Windows/Scalability.ini]
[2019.09.16-15.10.53:718][  0]LogConfig: Setting CVar [[r.SkeletalMeshLODBias:0]]
[2019.09.16-15.10.53:718][  0]LogConfig: Setting CVar [[r.ViewDistanceScale:1.0]]
[2019.09.16-15.10.53:718][  0]LogConfig: Applying CVar settings from Section [AntiAliasingQuality@3] File [C:/Users/r3477/OneDrive/Documents/GitHub/Project_Nezha/Project_Nezha/Saved/Config/Windows/Scalability.ini]
[2019.09.16-15.10.53:718][  0]LogConfig: Setting CVar [[r.PostProcessAAQuality:4]]
[2019.09.16-15.10.53:718][  0]LogConfig: Applying CVar settings from Section [ShadowQuality@3] File [C:/Users/r3477/OneDrive/Documents/GitHub/Project_Nezha/Project_Nezha/Saved/Config/Windows/Scalability.ini]
[2019.09.16-15.10.53:718][  0]LogConfig: Setting CVar [[r.LightFunctionQuality:1]]
[2019.09.16-15.10.53:718][  0]LogConfig: Setting CVar [[r.ShadowQuality:5]]
[2019.09.16-15.10.53:718][  0]LogConfig: Setting CVar [[r.Shadow.CSM.MaxCascades:10]]
[2019.09.16-15.10.53:718][  0]LogConfig: Setting CVar [[r.Shadow.MaxResolution:2048]]
[2019.09.16-15.10.53:718][  0]LogConfig: Setting CVar [[r.Shadow.MaxCSMResolution:2048]]
[2019.09.16-15.10.53:718][  0]LogConfig: Setting CVar [[r.Shadow.RadiusThreshold:0.01]]
[2019.09.16-15.10.53:718][  0]LogConfig: Setting CVar [[r.Shadow.DistanceScale:1.0]]
[2019.09.16-15.10.53:718][  0]LogConfig: Setting CVar [[r.Shadow.CSM.TransitionScale:1.0]]
[2019.09.16-15.10.53:718][  0]LogConfig: Setting CVar [[r.Shadow.PreShadowResolutionFactor:1.0]]
[2019.09.16-15.10.53:718][  0]LogConfig: Setting CVar [[r.DistanceFieldShadowing:1]]
[2019.09.16-15.10.53:718][  0]LogConfig: Setting CVar [[r.DistanceFieldAO:1]]
[2019.09.16-15.10.53:718][  0]LogConfig: Setting CVar [[r.AOQuality:2]]
[2019.09.16-15.10.53:718][  0]LogConfig: Setting CVar [[r.VolumetricFog:1]]
[2019.09.16-15.10.53:718][  0]LogConfig: Setting CVar [[r.VolumetricFog.GridPixelSize:8]]
[2019.09.16-15.10.53:718][  0]LogConfig: Setting CVar [[r.VolumetricFog.GridSizeZ:128]]
[2019.09.16-15.10.53:718][  0]LogConfig: Setting CVar [[r.VolumetricFog.HistoryMissSupersampleCount:4]]
[2019.09.16-15.10.53:718][  0]LogConfig: Setting CVar [[r.LightMaxDrawDistanceScale:1]]
[2019.09.16-15.10.53:718][  0]LogConfig: Setting CVar [[r.CapsuleShadows:1]]
[2019.09.16-15.10.53:718][  0]LogConfig: Applying CVar settings from Section [PostProcessQuality@3] File [C:/Users/r3477/OneDrive/Documents/GitHub/Project_Nezha/Project_Nezha/Saved/Config/Windows/Scalability.ini]
[2019.09.16-15.10.53:718][  0]LogConfig: Setting CVar [[r.MotionBlurQuality:4]]
[2019.09.16-15.10.53:718][  0]LogConfig: Setting CVar [[r.AmbientOcclusionMipLevelFactor:0.4]]
[2019.09.16-15.10.53:718][  0]LogConfig: Setting CVar [[r.AmbientOcclusionMaxQuality:100]]
[2019.09.16-15.10.53:718][  0]LogConfig: Setting CVar [[r.AmbientOcclusionLevels:-1]]
[2019.09.16-15.10.53:718][  0]LogConfig: Setting CVar [[r.AmbientOcclusionRadiusScale:1.0]]
[2019.09.16-15.10.53:718][  0]LogConfig: Setting CVar [[r.DepthOfFieldQuality:2]]
[2019.09.16-15.10.53:718][  0]LogConfig: Setting CVar [[r.RenderTargetPoolMin:400]]
[2019.09.16-15.10.53:718][  0]LogConfig: Setting CVar [[r.LensFlareQuality:2]]
[2019.09.16-15.10.53:718][  0]LogConfig: Setting CVar [[r.SceneColorFringeQuality:1]]
[2019.09.16-15.10.53:718][  0]LogConfig: Setting CVar [[r.EyeAdaptationQuality:2]]
[2019.09.16-15.10.53:718][  0]LogConfig: Setting CVar [[r.BloomQuality:5]]
[2019.09.16-15.10.53:718][  0]LogConfig: Setting CVar [[r.FastBlurThreshold:100]]
[2019.09.16-15.10.53:718][  0]LogConfig: Setting CVar [[r.Upscale.Quality:3]]
[2019.09.16-15.10.53:718][  0]LogConfig: Setting CVar [[r.Tonemapper.GrainQuantization:1]]
[2019.09.16-15.10.53:718][  0]LogConfig: Setting CVar [[r.LightShaftQuality:1]]
[2019.09.16-15.10.53:718][  0]LogConfig: Setting CVar [[r.Filter.SizeScale:1]]
[2019.09.16-15.10.53:718][  0]LogConfig: Setting CVar [[r.Tonemapper.Quality:5]]
[2019.09.16-15.10.53:718][  0]LogConfig: Setting CVar [[r.DOF.Gather.AccumulatorQuality:1        ; higher gathering accumulator quality]]
[2019.09.16-15.10.53:718][  0]LogConfig: Setting CVar [[r.DOF.Gather.PostfilterMethod:1          ; Median3x3 postfilering method]]
[2019.09.16-15.10.53:718][  0]LogConfig: Setting CVar [[r.DOF.Gather.EnableBokehSettings:0       ; no bokeh simulation when gathering]]
[2019.09.16-15.10.53:718][  0]LogConfig: Setting CVar [[r.DOF.Gather.RingCount:4                 ; medium number of samples when gathering]]
[2019.09.16-15.10.53:718][  0]LogConfig: Setting CVar [[r.DOF.Scatter.ForegroundCompositing:1    ; additive foreground scattering]]
[2019.09.16-15.10.53:718][  0]LogConfig: Setting CVar [[r.DOF.Scatter.BackgroundCompositing:2    ; additive background scattering]]
[2019.09.16-15.10.53:718][  0]LogConfig: Setting CVar [[r.DOF.Scatter.EnableBokehSettings:1      ; bokeh simulation when scattering]]
[2019.09.16-15.10.53:718][  0]LogConfig: Setting CVar [[r.DOF.Scatter.MaxSpriteRatio:0.1         ; only a maximum of 10% of scattered bokeh]]
[2019.09.16-15.10.53:718][  0]LogConfig: Setting CVar [[r.DOF.Recombine.Quality:1                ; cheap slight out of focus]]
[2019.09.16-15.10.53:718][  0]LogConfig: Setting CVar [[r.DOF.Recombine.EnableBokehSettings:0    ; no bokeh simulation on slight out of focus]]
[2019.09.16-15.10.53:718][  0]LogConfig: Setting CVar [[r.DOF.TemporalAAQuality:1                ; more stable temporal accumulation]]
[2019.09.16-15.10.53:718][  0]LogConfig: Setting CVar [[r.DOF.Kernel.MaxForegroundRadius:0.025]]
[2019.09.16-15.10.53:718][  0]LogConfig: Setting CVar [[r.DOF.Kernel.MaxBackgroundRadius:0.025]]
[2019.09.16-15.10.53:718][  0]LogConfig: Applying CVar settings from Section [TextureQuality@3] File [C:/Users/r3477/OneDrive/Documents/GitHub/Project_Nezha/Project_Nezha/Saved/Config/Windows/Scalability.ini]
[2019.09.16-15.10.53:718][  0]LogConfig: Setting CVar [[r.Streaming.MipBias:0]]
[2019.09.16-15.10.53:718][  0]LogConfig: Setting CVar [[r.Streaming.AmortizeCPUToGPUCopy:0]]
[2019.09.16-15.10.53:718][  0]LogConfig: Setting CVar [[r.Streaming.MaxNumTexturesToStreamPerFrame:0]]
[2019.09.16-15.10.53:718][  0]LogConfig: Setting CVar [[r.Streaming.Boost:1]]
[2019.09.16-15.10.53:718][  0]LogConfig: Setting CVar [[r.MaxAnisotropy:8]]
[2019.09.16-15.10.53:718][  0]LogConfig: Setting CVar [[r.Streaming.LimitPoolSizeToVRAM:0]]
[2019.09.16-15.10.53:718][  0]LogConfig: Setting CVar [[r.Streaming.PoolSize:1000]]
[2019.09.16-15.10.53:718][  0]LogConfig: Setting CVar [[r.Streaming.MaxEffectiveScreenSize:0]]
[2019.09.16-15.10.53:718][  0]LogConfig: Applying CVar settings from Section [EffectsQuality@3] File [C:/Users/r3477/OneDrive/Documents/GitHub/Project_Nezha/Project_Nezha/Saved/Config/Windows/Scalability.ini]
[2019.09.16-15.10.53:718][  0]LogConfig: Setting CVar [[r.TranslucencyLightingVolumeDim:64]]
[2019.09.16-15.10.53:718][  0]LogConfig: Setting CVar [[r.RefractionQuality:2]]
[2019.09.16-15.10.53:718][  0]LogConfig: Setting CVar [[r.SSR.Quality:3]]
[2019.09.16-15.10.53:718][  0]LogConfig: Setting CVar [[r.SceneColorFormat:4]]
[2019.09.16-15.10.53:718][  0]LogConfig: Setting CVar [[r.DetailMode:2]]
[2019.09.16-15.10.53:718][  0]LogConfig: Setting CVar [[r.TranslucencyVolumeBlur:1]]
[2019.09.16-15.10.53:718][  0]LogConfig: Setting CVar [[r.MaterialQualityLevel:1 ; High quality]]
[2019.09.16-15.10.53:718][  0]LogConfig: Setting CVar [[r.SSS.Scale:1]]
[2019.09.16-15.10.53:718][  0]LogConfig: Setting CVar [[r.SSS.SampleSet:2]]
[2019.09.16-15.10.53:718][  0]LogConfig: Setting CVar [[r.SSS.Quality:1]]
[2019.09.16-15.10.53:718][  0]LogConfig: Setting CVar [[r.SSS.HalfRes:1]]
[2019.09.16-15.10.53:718][  0]LogConfig: Setting CVar [[r.EmitterSpawnRateScale:1.0]]
[2019.09.16-15.10.53:718][  0]LogConfig: Setting CVar [[r.ParticleLightQuality:2]]
[2019.09.16-15.10.53:718][  0]LogConfig: Applying CVar settings from Section [FoliageQuality@3] File [C:/Users/r3477/OneDrive/Documents/GitHub/Project_Nezha/Project_Nezha/Saved/Config/Windows/Scalability.ini]
[2019.09.16-15.10.53:718][  0]LogConfig: Setting CVar [[foliage.DensityScale:1.0]]
[2019.09.16-15.10.53:718][  0]LogConfig: Setting CVar [[grass.DensityScale:1.0]]
[2019.09.16-15.10.53:718][  0]LogConfig: Applying CVar settings from Section [Startup] File [../../../Engine/Config/ConsoleVariables.ini]
[2019.09.16-15.10.53:718][  0]LogConfig: Setting CVar [[net.UseAdaptiveNetUpdateFrequency:0]]
[2019.09.16-15.10.53:718][  0]LogConfig: Setting CVar [[p.chaos.AllowCreatePhysxBodies:1]]
[2019.09.16-15.10.53:719][  0]LogConfig: Applying CVar settings from Section [ConsoleVariables] File [C:/Users/r3477/OneDrive/Documents/GitHub/Project_Nezha/Project_Nezha/Saved/Config/Windows/Engine.ini]
[2019.09.16-15.10.53:719][  0]LogInit: Computer: DESKTOP-2FH7QBQ
[2019.09.16-15.10.53:719][  0]LogInit: User: r3477
[2019.09.16-15.10.53:719][  0]LogInit: CPU Page size=4096, Cores=12
[2019.09.16-15.10.53:719][  0]LogInit: High frequency timer resolution =10.000000 MHz
[2019.09.16-15.10.53:719][  0]LogMemory: Memory total: Physical=15.9GB (16GB approx)
[2019.09.16-15.10.53:719][  0]LogMemory: Platform Memory Stats for Windows
[2019.09.16-15.10.53:719][  0]LogMemory: Process Physical Memory: 100.11 MB used, 100.11 MB peak
[2019.09.16-15.10.53:719][  0]LogMemory: Process Virtual Memory: 92.25 MB used, 92.25 MB peak
[2019.09.16-15.10.53:719][  0]LogMemory: Physical Memory: 5543.80 MB used,  10757.72 MB free, 16301.53 MB total
[2019.09.16-15.10.53:719][  0]LogMemory: Virtual Memory: 4712.47 MB used,  134213016.00 MB free, 134217728.00 MB total
[2019.09.16-15.10.53:730][  0]LogInit: Using OS detected language (en-GB).
[2019.09.16-15.10.53:730][  0]LogInit: Using OS detected locale (en-US).
[2019.09.16-15.10.53:731][  0]LogTextLocalizationManager: No specific localization for 'en-GB' exists, so the 'en' localization will be used.
[2019.09.16-15.10.53:826][  0]LogInit: Setting process to per monitor DPI aware
[2019.09.16-15.10.53:871][  0]LogSlate: New Slate User Created.  User Index 0, Is Virtual User: 0
[2019.09.16-15.10.53:871][  0]LogSlate: Slate User Registered.  User Index 0, Is Virtual User: 0
[2019.09.16-15.10.53:965][  0]LogHMD: Failed to initialize OpenVR with code 110
[2019.09.16-15.10.53:965][  0]LogD3D11RHI: D3D11 adapters:
[2019.09.16-15.10.54:034][  0]LogD3D11RHI:    0. 'NVIDIA GeForce RTX 2080 Ti' (Feature Level 11_0)
[2019.09.16-15.10.54:034][  0]LogD3D11RHI:       11049/0/8150 MB DedicatedVideo/DedicatedSystem/SharedSystem, Outputs:1, VendorId:0x10de
[2019.09.16-15.10.54:036][  0]LogD3D11RHI:    1. 'Microsoft Basic Render Driver' (Feature Level 11_0)
[2019.09.16-15.10.54:036][  0]LogD3D11RHI:       0/0/8150 MB DedicatedVideo/DedicatedSystem/SharedSystem, Outputs:0, VendorId:0x1414
[2019.09.16-15.10.54:036][  0]LogD3D11RHI: Chosen D3D11 Adapter: 0
[2019.09.16-15.10.54:042][  0]LogD3D11RHI: Creating new Direct3DDevice
[2019.09.16-15.10.54:042][  0]LogD3D11RHI:     GPU DeviceId: 0x1e07 (for the marketing name, search the web for "GPU Device Id")
[2019.09.16-15.10.54:042][  0]LogWindows: EnumDisplayDevices:
[2019.09.16-15.10.54:043][  0]LogWindows:    0. 'NVIDIA GeForce RTX 2080 Ti' (P:1 D:1)
[2019.09.16-15.10.54:043][  0]LogWindows:    1. 'NVIDIA GeForce RTX 2080 Ti' (P:0 D:0)
[2019.09.16-15.10.54:043][  0]LogWindows:    2. 'NVIDIA GeForce RTX 2080 Ti' (P:0 D:0)
[2019.09.16-15.10.54:044][  0]LogWindows:    3. 'NVIDIA GeForce RTX 2080 Ti' (P:0 D:0)
[2019.09.16-15.10.54:044][  0]LogWindows: DebugString: FoundDriverCount:4 
[2019.09.16-15.10.54:044][  0]LogD3D11RHI:     Adapter Name: NVIDIA GeForce RTX 2080 Ti
[2019.09.16-15.10.54:044][  0]LogD3D11RHI:   Driver Version: 436.30 (internal:26.21.14.3630, unified:436.30)
[2019.09.16-15.10.54:044][  0]LogD3D11RHI:      Driver Date: 9-5-2019
[2019.09.16-15.10.54:044][  0]LogRHI: Texture pool is 7734 MB (70% of 11049 MB)
[2019.09.16-15.10.54:083][  0]LogD3D11RHI: Async texture creation enabled
[2019.09.16-15.10.54:088][  0]LogRendererCore: FGlobalReadBuffer::InitRHI
[2019.09.16-15.10.54:089][  0]LogRendererCore: FGlobalReadBuffer::InitRHI
[2019.09.16-15.10.54:089][  0]LogRendererCore: FGlobalReadBuffer::InitRHI
[2019.09.16-15.10.54:096][  0]LogD3D11RHI: GPU Timing Frequency: 1000.000000 (Debug: 2 1)
[2019.09.16-15.10.54:337][  0]LogTemp: Display: Module 'AllDesktopTargetPlatform' loaded TargetPlatform 'AllDesktop'
[2019.09.16-15.10.54:348][  0]LogTemp: Display: Module 'MacClientTargetPlatform' loaded TargetPlatform 'MacClient'
[2019.09.16-15.10.54:358][  0]LogTemp: Display: Module 'MacNoEditorTargetPlatform' loaded TargetPlatform 'MacNoEditor'
[2019.09.16-15.10.54:369][  0]LogTemp: Display: Module 'MacServerTargetPlatform' loaded TargetPlatform 'MacServer'
[2019.09.16-15.10.54:380][  0]LogTemp: Display: Module 'MacTargetPlatform' loaded TargetPlatform 'Mac'
[2019.09.16-15.10.54:391][  0]LogTemp: Display: Module 'WindowsClientTargetPlatform' loaded TargetPlatform 'WindowsClient'
[2019.09.16-15.10.54:401][  0]LogTemp: Display: Module 'WindowsNoEditorTargetPlatform' loaded TargetPlatform 'WindowsNoEditor'
[2019.09.16-15.10.54:412][  0]LogTemp: Display: Module 'WindowsServerTargetPlatform' loaded TargetPlatform 'WindowsServer'
[2019.09.16-15.10.54:417][  0]LogTemp: Display: Module 'WindowsTargetPlatform' loaded TargetPlatform 'Windows'
[2019.09.16-15.10.54:483][  0]LogTemp: Display: Module 'AndroidTargetPlatform' loaded TargetPlatform 'Android'
[2019.09.16-15.10.54:483][  0]LogTemp: Display: Module 'AndroidTargetPlatform' loaded TargetPlatform 'Android_ASTC'
[2019.09.16-15.10.54:483][  0]LogTemp: Display: Module 'AndroidTargetPlatform' loaded TargetPlatform 'Android_ATC'
[2019.09.16-15.10.54:483][  0]LogTemp: Display: Module 'AndroidTargetPlatform' loaded TargetPlatform 'Android_DXT'
[2019.09.16-15.10.54:483][  0]LogTemp: Display: Module 'AndroidTargetPlatform' loaded TargetPlatform 'Android_ETC1'
[2019.09.16-15.10.54:483][  0]LogTemp: Display: Module 'AndroidTargetPlatform' loaded TargetPlatform 'Android_ETC1a'
[2019.09.16-15.10.54:483][  0]LogTemp: Display: Module 'AndroidTargetPlatform' loaded TargetPlatform 'Android_ETC2'
[2019.09.16-15.10.54:483][  0]LogTemp: Display: Module 'AndroidTargetPlatform' loaded TargetPlatform 'Android_PVRTC'
[2019.09.16-15.10.54:483][  0]LogTemp: Display: Module 'AndroidTargetPlatform' loaded TargetPlatform 'AndroidClient'
[2019.09.16-15.10.54:483][  0]LogTemp: Display: Module 'AndroidTargetPlatform' loaded TargetPlatform 'Android_ASTCClient'
[2019.09.16-15.10.54:483][  0]LogTemp: Display: Module 'AndroidTargetPlatform' loaded TargetPlatform 'Android_ATCClient'
[2019.09.16-15.10.54:483][  0]LogTemp: Display: Module 'AndroidTargetPlatform' loaded TargetPlatform 'Android_DXTClient'
[2019.09.16-15.10.54:483][  0]LogTemp: Display: Module 'AndroidTargetPlatform' loaded TargetPlatform 'Android_ETC1Client'
[2019.09.16-15.10.54:483][  0]LogTemp: Display: Module 'AndroidTargetPlatform' loaded TargetPlatform 'Android_ETC1aClient'
[2019.09.16-15.10.54:483][  0]LogTemp: Display: Module 'AndroidTargetPlatform' loaded TargetPlatform 'Android_ETC2Client'
[2019.09.16-15.10.54:483][  0]LogTemp: Display: Module 'AndroidTargetPlatform' loaded TargetPlatform 'Android_PVRTCClient'
[2019.09.16-15.10.54:483][  0]LogTemp: Display: Module 'AndroidTargetPlatform' loaded TargetPlatform 'Android_Multi'
[2019.09.16-15.10.54:483][  0]LogTemp: Display: Module 'AndroidTargetPlatform' loaded TargetPlatform 'Android_MultiClient'
[2019.09.16-15.10.54:484][  0]LogTemp: Display: Module 'HTML5TargetPlatform' loaded TargetPlatform 'HTML5'
[2019.09.16-15.10.54:526][  0]LogTemp: Display: Module 'IOSTargetPlatform' loaded TargetPlatform 'IOSClient'
[2019.09.16-15.10.54:526][  0]LogTemp: Display: Module 'IOSTargetPlatform' loaded TargetPlatform 'IOS'
[2019.09.16-15.10.54:545][  0]LogTemp: Display: Module 'TVOSTargetPlatform' loaded TargetPlatform 'TVOSClient'
[2019.09.16-15.10.54:545][  0]LogTemp: Display: Module 'TVOSTargetPlatform' loaded TargetPlatform 'TVOS'
[2019.09.16-15.10.54:555][  0]LogTemp: Display: Module 'LinuxClientTargetPlatform' loaded TargetPlatform 'LinuxClient'
[2019.09.16-15.10.54:565][  0]LogTemp: Display: Module 'LinuxNoEditorTargetPlatform' loaded TargetPlatform 'LinuxNoEditor'
[2019.09.16-15.10.54:574][  0]LogTemp: Display: Module 'LinuxServerTargetPlatform' loaded TargetPlatform 'LinuxServer'
[2019.09.16-15.10.54:585][  0]LogTemp: Display: Module 'LinuxTargetPlatform' loaded TargetPlatform 'Linux'
[2019.09.16-15.10.54:619][  0]LogTemp: Display: Module 'LuminTargetPlatform' loaded TargetPlatform 'Lumin'
[2019.09.16-15.10.54:619][  0]LogTemp: Display: Module 'LuminTargetPlatform' loaded TargetPlatform 'LuminClient'
[2019.09.16-15.10.54:619][  0]LogTargetPlatformManager: Display: Building Assets For Windows
[2019.09.16-15.10.54:625][  0]LogAudioDebug: Display: Lib vorbis DLL was dynamically loaded.
[2019.09.16-15.10.54:650][  0]LogShaderCompilers: Guid format shader working directory is -22 characters bigger than the processId version (C:/Users/r3477/OneDrive/Documents/GitHub/Project_Nezha/Project_Nezha/Intermediate/Shaders/WorkingDirectory/8384/).
[2019.09.16-15.10.54:650][  0]LogShaderCompilers: Cleaned the shader compiler working directory 'C:/Users/r3477/AppData/Local/Temp/UnrealShaderWorkingDir/82AE8E844479AB668EEC4694DF69BDFE/'.
[2019.09.16-15.10.54:651][  0]LogXGEController: Cannot use XGE Controller as Incredibuild is not installed on this machine.
[2019.09.16-15.10.54:651][  0]LogShaderCompilers: Cannot use XGE Shader Compiler as Incredibuild is not installed on this machine.
[2019.09.16-15.10.54:651][  0]LogShaderCompilers: Display: Using Local Shader Compiler.
[2019.09.16-15.10.55:027][  0]LogDerivedDataCache: Display: Max Cache Size: 512 MB
[2019.09.16-15.10.55:054][  0]LogDerivedDataCache: Loaded boot cache 0.03s 71MB C:/Users/r3477/AppData/Local/UnrealEngine/4.22/DerivedDataCache/Boot.ddc.
[2019.09.16-15.10.55:054][  0]LogDerivedDataCache: Display: Loaded Boot cache: C:/Users/r3477/AppData/Local/UnrealEngine/4.22/DerivedDataCache/Boot.ddc
[2019.09.16-15.10.55:054][  0]LogDerivedDataCache: FDerivedDataBackendGraph:  Pak pak cache file C:/Users/r3477/OneDrive/Documents/GitHub/Project_Nezha/Project_Nezha/DerivedDataCache/DDC.ddp not found, will not use a pak cache.
[2019.09.16-15.10.55:054][  0]LogDerivedDataCache: Unable to find inner node Pak for hierarchical cache Hierarchy.
[2019.09.16-15.10.55:054][  0]LogDerivedDataCache: FDerivedDataBackendGraph:  CompressedPak pak cache file C:/Users/r3477/OneDrive/Documents/GitHub/Project_Nezha/Project_Nezha/DerivedDataCache/Compressed.ddp not found, will not use a pak cache.
[2019.09.16-15.10.55:054][  0]LogDerivedDataCache: Unable to find inner node CompressedPak for hierarchical cache Hierarchy.
[2019.09.16-15.10.55:064][  0]LogDerivedDataCache: Display: Pak cache opened for reading ../../../Engine/DerivedDataCache/Compressed.ddp.
[2019.09.16-15.10.55:064][  0]LogDerivedDataCache: FDerivedDataBackendGraph:  EnterprisePak pak cache file ../../../Enterprise/DerivedDataCache/Compressed.ddp not found, will not use a pak cache.
[2019.09.16-15.10.55:064][  0]LogDerivedDataCache: Unable to find inner node EnterprisePak for hierarchical cache Hierarchy.
[2019.09.16-15.10.55:076][  0]LogDerivedDataCache: Using Local data cache path C:/Users/r3477/AppData/Local/UnrealEngine/Common/DerivedDataCache: Writable
[2019.09.16-15.10.55:076][  0]LogDerivedDataCache: Shared data cache path not found in *engine.ini, will not use an Shared cache.
[2019.09.16-15.10.55:076][  0]LogDerivedDataCache: Unable to find inner node Shared for hierarchical cache Hierarchy.
[2019.09.16-15.10.55:093][  0]LogMaterial: Verifying Global Shaders for PCD3D_SM5
[2019.09.16-15.10.55:094][  0]LogSlate: Using FreeType 2.6.0
[2019.09.16-15.10.55:094][  0]LogSlate: SlateFontServices - WITH_FREETYPE: 1, WITH_HARFBUZZ: 1
[2019.09.16-15.10.55:157][  0]LogAssetRegistry: FAssetRegistry took 0.0308 seconds to start up
[2019.09.16-15.10.55:405][  0]LogInit: Selected Device Profile: [Windows]
[2019.09.16-15.10.55:492][  0]LogMeshReduction: Using QuadricMeshReduction for automatic static mesh reduction
[2019.09.16-15.10.55:492][  0]LogMeshReduction: Using SimplygonMeshReduction for automatic skeletal mesh reduction
[2019.09.16-15.10.55:492][  0]LogMeshReduction: Using ProxyLODMeshReduction for automatic mesh merging
[2019.09.16-15.10.55:492][  0]LogMeshReduction: No distributed automatic mesh merging module available
[2019.09.16-15.10.55:492][  0]LogMeshMerging: No distributed automatic mesh merging module available
[2019.09.16-15.10.55:500][  0]LogNetVersion: Project_Nezha 1.0.0, NetCL: 5660361, EngineNetVer: 10, GameNetVer: 0 (Checksum: 5268980)
[2019.09.16-15.10.55:744][  0]LogPackageLocalizationCache: Processed 11 localized package path(s) for 1 prioritized culture(s) in 0.020615 seconds
[2019.09.16-15.10.55:748][  0]LogUObjectArray: 42205 objects as part of root set at end of initial load.
[2019.09.16-15.10.55:748][  0]LogUObjectAllocator: 7325032 out of 0 bytes used by permanent object pool.
[2019.09.16-15.10.55:748][  0]LogUObjectArray: CloseDisregardForGC: 0/0 objects in disregard for GC pool
[2019.09.16-15.10.56:456][  0]LogTemp: Warning: [Default__TargetSystemComponent] TargetSystemComponent Loaded: 4.22.0
[2019.09.16-15.10.56:457][  0]LogTemp: Warning: Target System Plugin Loaded
[2019.09.16-15.10.56:459][  0]LogTcpMessaging: Initializing TcpMessaging bridge
[2019.09.16-15.10.56:472][  0]LogUdpMessaging: Initializing bridge on interface 0.0.0.0:0 to multicast group 230.0.0.1:6666.
[2019.09.16-15.10.56:558][  0]SourceControl: Source control is disabled
[2019.09.16-15.10.56:558][  0]SourceControl: Source control is disabled
[2019.09.16-15.10.56:559][  0]SourceControl: Source control is disabled
[2019.09.16-15.10.56:560][  0]SourceControl: Source control is disabled
[2019.09.16-15.10.56:601][  0]LogAndroidPermission: UAndroidPermissionCallbackProxy::GetInstance
[2019.09.16-15.10.56:705][  0]LogOcInput: OculusInput pre-init called
[2019.09.16-15.10.57:147][  0]LogEngine: Initializing Engine...
[2019.09.16-15.10.57:148][  0]LogHMD: Failed to initialize OpenVR with code 110
[2019.09.16-15.10.57:149][  0]LogStats: UGameplayTagsManager::InitializeManager -  0.000 s
[2019.09.16-15.10.57:286][  0]LogInit: Initializing FReadOnlyCVARCache
[2019.09.16-15.10.57:293][  0]LogAIModule: Creating AISystem for world Untitled
[2019.09.16-15.10.57:331][  0]LogInit: XAudio2 using 'Speakers (Razer Nommo Chroma)' : 2 channels at 48 kHz using 16 bits per sample (channel mask 0x3)
[2019.09.16-15.10.57:361][  0]LogInit: FAudioDevice initialized.
[2019.09.16-15.10.57:361][  0]LogNetVersion: Set ProjectVersion to 1.0.0.0. Version Checksum will be recalculated on next use.
[2019.09.16-15.10.57:396][  0]LogDerivedDataCache: Saved boot cache 0.04s 71MB C:/Users/r3477/AppData/Local/UnrealEngine/4.22/DerivedDataCache/Boot.ddc.
[2019.09.16-15.10.57:399][  0]LogInit: Texture streaming: Enabled
[2019.09.16-15.10.57:408][  0]LogEngineSessionManager: EngineSessionManager initialized
[2019.09.16-15.10.57:420][  0]LogInit: Transaction tracking system initialized
[2019.09.16-15.10.57:431][  0]BlueprintLog: New page: Editor Load
[2019.09.16-15.10.57:473][  0]LocalizationService: Localization service is disabled
[2019.09.16-15.10.57:660][  0]LogCook: Display: Max memory allowance for cook 16384mb min free memory 0mb
[2019.09.16-15.10.57:660][  0]LogCook: Display: Mobile HDR setting 1
[2019.09.16-15.10.57:760][  0]LogFileCache: Scanning file cache for directory 'C:/Users/r3477/OneDrive/Documents/GitHub/Project_Nezha/Project_Nezha/Content/' took 0.03s
[2019.09.16-15.10.57:760][  0]SourceControl: Source control is disabled
[2019.09.16-15.10.57:760][  0]Cmd: MAP LOAD FILE="C:/Users/r3477/OneDrive/Documents/GitHub/Project_Nezha/Project_Nezha/Content/ThirdPersonBP/Maps/ThirdPersonExampleMap.umap" TEMPLATE=0 SHOWPROGRESS=1 FEATURELEVEL=3
[2019.09.16-15.10.57:760][  0]LightingResults: New page: Lighting Build
[2019.09.16-15.10.57:761][  0]MapCheck: New page: Map Check
[2019.09.16-15.10.57:761][  0]LightingResults: New page: Lighting Build
[2019.09.16-15.10.57:793][  0]LogUObjectHash: Compacting FUObjectHashTables data took   1.34ms
[2019.09.16-15.10.57:795][  0]LogLinker: Warning: Can't find file '/Game/ThirdPersonBP/AIEnemy/Enemy_Character'
[2019.09.16-15.10.57:795][  0]LogLinker: Warning: Can't find file for asset '/Game/ThirdPersonBP/AIEnemy/Enemy_Character' while loading NULL.
[2019.09.16-15.10.57:795][  0]LogLinker: Warning: Can't find file '/Game/ThirdPersonBP/AIEnemy/Enemy_Character'
[2019.09.16-15.10.57:795][  0]LogLinker: Warning: Can't find file for asset '/Game/ThirdPersonBP/AIEnemy/Enemy_Character' while loading NULL.
[2019.09.16-15.10.57:795][  0]LogLinker: Warning: Can't find file '/Game/ThirdPersonBP/AIEnemy/Enemy_Character'
[2019.09.16-15.10.57:795][  0]LogLinker: Warning: Can't find file for asset '/Game/ThirdPersonBP/AIEnemy/Enemy_Character' while loading NULL.
[2019.09.16-15.10.57:795][  0]LogLinker: Warning: Can't find file '/Game/ThirdPersonBP/AIEnemy/Enemy_Character'
[2019.09.16-15.10.57:795][  0]LoadErrors: Failed to load /Game/ThirdPersonBP/AIEnemy/Enemy_Character.Enemy_Character Referenced by AICharacter
[2019.09.16-15.10.57:795][  0]LogLinker: Warning: Can't find file for asset '/Game/ThirdPersonBP/AIEnemy/Enemy_Character' while loading NULL.
[2019.09.16-15.10.57:796][  0]LogLinker: Warning: Can't find file '/Game/ThirdPersonBP/AIEnemy/Enemy_Character'
[2019.09.16-15.10.57:796][  0]LoadErrors: Failed to load /Game/ThirdPersonBP/AIEnemy/Enemy_Character.Enemy_Character_C Referenced by AICharacter_C
[2019.09.16-15.10.57:796][  0]LogLinker: Warning: Can't find file for asset '/Game/ThirdPersonBP/AIEnemy/Enemy_Character' while loading NULL.
[2019.09.16-15.10.58:209][  0]LogBlueprint: Warning: [Compiler combo1] idle to dodge_F  will never be taken, please connect something to  Can Enter Transition
[2019.09.16-15.10.58:209][  0]LogBlueprint: Warning: [Compiler combo1] idle to dodge_B  will never be taken, please connect something to  Can Enter Transition
[2019.09.16-15.10.58:209][  0]LogBlueprint: Warning: [Compiler combo1] idle to dodge_L  will never be taken, please connect something to  Can Enter Transition
[2019.09.16-15.10.58:209][  0]LogBlueprint: Warning: [Compiler combo1] idle to dodge_R  will never be taken, please connect something to  Can Enter Transition
[2019.09.16-15.10.58:209][  0]LogBlueprint: Warning: [Compiler combo1] run/walk to dodge_F  will never be taken, please connect something to  Can Enter Transition
[2019.09.16-15.10.58:209][  0]LogBlueprint: Warning: [Compiler combo1] run/walk to dodge_B  will never be taken, please connect something to  Can Enter Transition
[2019.09.16-15.10.58:209][  0]LogBlueprint: Warning: [Compiler combo1] run/walk to dodge_L  will never be taken, please connect something to  Can Enter Transition
[2019.09.16-15.10.58:209][  0]LogBlueprint: Warning: [Compiler combo1] run/walk to dodge_R  will never be taken, please connect something to  Can Enter Transition
[2019.09.16-15.10.58:249][  0]LogBlueprint: Warning: [Compiler combo1] [0006.46] Compile of combo1 successful, but with 8 Warning(s) [in 68 ms] (/Game/Retarget_Yin/combo1.combo1)
[2019.09.16-15.10.58:277][  0]LogLinker: Warning: Can't find file '/Game/ThirdPersonBP/AIEnemy/Enemy_Character'
[2019.09.16-15.10.58:277][  0]LoadErrors: Failed to load /Game/ThirdPersonBP/AIEnemy/Enemy_Character.Enemy_Character_C Referenced by AICharacter_C
[2019.09.16-15.10.58:278][  0]LogLinker: Warning: Can't find file for asset '/Game/ThirdPersonBP/AIEnemy/Enemy_Character' while loading NULL.
[2019.09.16-15.10.58:285][  0]LogLinker: Warning: Can't find file '/Game/ThirdPersonBP/AIEnemy/Enemy_Character'
[2019.09.16-15.10.58:285][  0]LoadErrors: Failed to load /Game/ThirdPersonBP/AIEnemy/Enemy_Character.Enemy_Character_C Referenced by AICharacter_C
[2019.09.16-15.10.58:285][  0]LogLinker: Warning: Can't find file for asset '/Game/ThirdPersonBP/AIEnemy/Enemy_Character' while loading NULL.
[2019.09.16-15.10.58:285][  0]LogLinker: Warning: Can't find file '/Game/ThirdPersonBP/AIEnemy/Enemy_Character'
[2019.09.16-15.10.58:285][  0]LoadErrors: Failed to load /Game/ThirdPersonBP/AIEnemy/Enemy_Character.Enemy_Character_C Referenced by AICharacter_C
[2019.09.16-15.10.58:285][  0]LogLinker: Warning: Can't find file for asset '/Game/ThirdPersonBP/AIEnemy/Enemy_Character' while loading NULL.
[2019.09.16-15.10.58:287][  0]LogLinker: Warning: Can't find file '/Game/ThirdPersonBP/AIEnemy/Enemy_Character'
[2019.09.16-15.10.58:287][  0]LoadErrors: Failed to load /Game/ThirdPersonBP/AIEnemy/Enemy_Character.Enemy_Character_C Referenced by AICharacter_C
[2019.09.16-15.10.58:287][  0]LogLinker: Warning: Can't find file for asset '/Game/ThirdPersonBP/AIEnemy/Enemy_Character' while loading NULL.
[2019.09.16-15.10.58:287][  0]LogLinker: Warning: Can't find file '/Game/ThirdPersonBP/AIEnemy/Enemy_Character'
[2019.09.16-15.10.58:287][  0]LoadErrors: Failed to load /Game/ThirdPersonBP/AIEnemy/Enemy_Character.Enemy_Character_C Referenced by AICharacter_C
[2019.09.16-15.10.58:287][  0]LogLinker: Warning: Can't find file for asset '/Game/ThirdPersonBP/AIEnemy/Enemy_Character' while loading NULL.
[2019.09.16-15.10.58:288][  0]LogLinker: Warning: Can't find file '/Game/ThirdPersonBP/AIEnemy/Enemy_Character'
[2019.09.16-15.10.58:288][  0]LoadErrors: Failed to load /Game/ThirdPersonBP/AIEnemy/Enemy_Character.Enemy_Character_C Referenced by AICharacter_C
[2019.09.16-15.10.58:288][  0]LogLinker: Warning: Can't find file for asset '/Game/ThirdPersonBP/AIEnemy/Enemy_Character' while loading NULL.
[2019.09.16-15.10.58:737][  0]LogAIModule: Creating AISystem for world ThirdPersonExampleMap
[2019.09.16-15.10.58:742][  0]LogEditorServer: Finished looking for orphan Actors (0.000 secs)
[2019.09.16-15.10.58:774][  0]LogUObjectHash: Compacting FUObjectHashTables data took   1.86ms
[2019.09.16-15.10.58:774][  0]Cmd: MAP CHECKDEP NOCLEARLOG
[2019.09.16-15.10.58:774][  0]MapCheck: Map check complete: 0 Error(s), 0 Warning(s), took 0.117ms to complete.
[2019.09.16-15.10.58:774][  0]LogFileHelpers: Loading map 'ThirdPersonExampleMap' took 1.014
[2019.09.16-15.10.58:859][  0]LogSlate: Updating window title bar state: overlay mode, drag disabled, window buttons hidden, title bar hidden
[2019.09.16-15.10.58:864][  0]LogSlate: Updating window title bar state: overlay mode, drag disabled, window buttons hidden, title bar hidden
[2019.09.16-15.10.58:869][  0]LogSlate: Updating window title bar state: overlay mode, drag disabled, window buttons hidden, title bar hidden
[2019.09.16-15.10.58:873][  0]LogSlate: Updating window title bar state: overlay mode, drag disabled, window buttons hidden, title bar hidden
[2019.09.16-15.10.58:876][  0]LogCollectionManager: Loaded 0 collections in 0.000596 seconds
[2019.09.16-15.10.58:912][  0]LogFileCache: Scanning file cache for directory 'C:/Users/r3477/OneDrive/Documents/GitHub/Project_Nezha/Project_Nezha/Saved/Collections/' took 0.01s
[2019.09.16-15.10.58:912][  0]LogFileCache: Scanning file cache for directory 'C:/Users/r3477/OneDrive/Documents/GitHub/Project_Nezha/Project_Nezha/Content/Developers/r3477/Collections/' took 0.01s
[2019.09.16-15.10.58:912][  0]LogFileCache: Scanning file cache for directory 'C:/Users/r3477/OneDrive/Documents/GitHub/Project_Nezha/Project_Nezha/Content/Collections/' took 0.01s
[2019.09.16-15.10.58:912][  0]LogCollectionManager: Rebuilt the GUID cache for 0 collections in 0.000000 seconds
[2019.09.16-15.10.58:919][  0]LogContentBrowser: Native class hierarchy populated in 0.0067 seconds. Added 2735 classes and 662 folders.
[2019.09.16-15.10.58:923][  0]LogContentBrowser: Native class hierarchy updated for 'WidgetCarousel' in 0.0001 seconds. Added 0 classes and 0 folders.
[2019.09.16-15.10.58:924][  0]LogPakFile: Registered encryption key '00000000000000000000000000000000': 0 pak files mounted, 0 remain pending
[2019.09.16-15.10.58:924][  0]LogPakFile: Registered encryption key '00000000000000000000000000000000': 0 pak files mounted, 0 remain pending
[2019.09.16-15.10.58:925][  0]LogPakFile: Registered encryption key '00000000000000000000000000000000': 0 pak files mounted, 0 remain pending
[2019.09.16-15.10.58:925][  0]LogPakFile: Registered encryption key '00000000000000000000000000000000': 0 pak files mounted, 0 remain pending
[2019.09.16-15.10.58:925][  0]LogPakFile: Registered encryption key '00000000000000000000000000000000': 0 pak files mounted, 0 remain pending
[2019.09.16-15.10.58:925][  0]LogPakFile: Registered encryption key '00000000000000000000000000000000': 0 pak files mounted, 0 remain pending
[2019.09.16-15.10.58:926][  0]LogPakFile: Registered encryption key '00000000000000000000000000000000': 0 pak files mounted, 0 remain pending
[2019.09.16-15.10.58:926][  0]LogPakFile: Registered encryption key '00000000000000000000000000000000': 0 pak files mounted, 0 remain pending
[2019.09.16-15.10.58:926][  0]LogPakFile: Registered encryption key '00000000000000000000000000000000': 0 pak files mounted, 0 remain pending
[2019.09.16-15.10.58:926][  0]LogPakFile: Registered encryption key '00000000000000000000000000000000': 0 pak files mounted, 0 remain pending
[2019.09.16-15.10.58:926][  0]LogPakFile: Registered encryption key '00000000000000000000000000000000': 0 pak files mounted, 0 remain pending
[2019.09.16-15.10.58:927][  0]LogPakFile: Registered encryption key '00000000000000000000000000000000': 0 pak files mounted, 0 remain pending
[2019.09.16-15.10.58:927][  0]LogPakFile: Registered encryption key '00000000000000000000000000000000': 0 pak files mounted, 0 remain pending
[2019.09.16-15.10.58:927][  0]LogPakFile: Registered encryption key '00000000000000000000000000000000': 0 pak files mounted, 0 remain pending
[2019.09.16-15.10.58:927][  0]LogPakFile: Registered encryption key '00000000000000000000000000000000': 0 pak files mounted, 0 remain pending
[2019.09.16-15.10.58:928][  0]LogPakFile: Registered encryption key '00000000000000000000000000000000': 0 pak files mounted, 0 remain pending
[2019.09.16-15.10.58:928][  0]LogPakFile: Registered encryption key '00000000000000000000000000000000': 0 pak files mounted, 0 remain pending
[2019.09.16-15.10.58:928][  0]LogPakFile: Registered encryption key '00000000000000000000000000000000': 0 pak files mounted, 0 remain pending
[2019.09.16-15.10.58:928][  0]LogPakFile: Registered encryption key '00000000000000000000000000000000': 0 pak files mounted, 0 remain pending
[2019.09.16-15.10.58:929][  0]LogPakFile: Registered encryption key '00000000000000000000000000000000': 0 pak files mounted, 0 remain pending
[2019.09.16-15.10.58:929][  0]LogPakFile: Registered encryption key '00000000000000000000000000000000': 0 pak files mounted, 0 remain pending
[2019.09.16-15.10.58:929][  0]LogPakFile: Registered encryption key '00000000000000000000000000000000': 0 pak files mounted, 0 remain pending
[2019.09.16-15.10.58:929][  0]LogPakFile: Registered encryption key '00000000000000000000000000000000': 0 pak files mounted, 0 remain pending
[2019.09.16-15.10.58:930][  0]LogPakFile: Registered encryption key '00000000000000000000000000000000': 0 pak files mounted, 0 remain pending
[2019.09.16-15.10.58:930][  0]LogPakFile: Registered encryption key '00000000000000000000000000000000': 0 pak files mounted, 0 remain pending
[2019.09.16-15.10.58:930][  0]LogPakFile: Registered encryption key '00000000000000000000000000000000': 0 pak files mounted, 0 remain pending
[2019.09.16-15.10.58:943][  0]LogContentBrowser: Native class hierarchy updated for 'AddContentDialog' in 0.0002 seconds. Added 0 classes and 0 folders.
[2019.09.16-15.10.58:947][  0]LogContentBrowser: Native class hierarchy updated for 'SceneOutliner' in 0.0002 seconds. Added 1 classes and 2 folders.
[2019.09.16-15.10.58:994][  0]LogContentBrowser: Native class hierarchy updated for 'HierarchicalLODOutliner' in 0.0002 seconds. Added 0 classes and 0 folders.
[2019.09.16-15.10.58:994][  0]LogLoad: (Engine Initialization) Total time: 7.20 seconds
[2019.09.16-15.10.58:994][  0]LogLoad: (Engine Initialization) Total Blueprint compile time: 0.00 seconds
[2019.09.16-15.10.59:004][  0]LoadErrors: Warning: CreateExport: Failed to load Outer for resource 'Arrow': AICharacter_C /Game/ThirdPersonBP/Maps/ThirdPersonExampleMap.ThirdPersonExampleMap:PersistentLevel.AICharacter_6
[2019.09.16-15.10.59:004][  0]LoadErrors: Warning: CreateExport: Failed to load Outer for resource 'CollisionCylinder': AICharacter_C /Game/ThirdPersonBP/Maps/ThirdPersonExampleMap.ThirdPersonExampleMap:PersistentLevel.AICharacter_6
[2019.09.16-15.10.59:004][  0]LoadErrors: Warning: CreateExport: Failed to load Outer for resource 'CharMoveComp': AICharacter_C /Game/ThirdPersonBP/Maps/ThirdPersonExampleMap.ThirdPersonExampleMap:PersistentLevel.AICharacter_6
[2019.09.16-15.10.59:004][  0]LoadErrors: Warning: CreateExport: Failed to load Outer for resource 'PawnSensing': AICharacter_C /Game/ThirdPersonBP/Maps/ThirdPersonExampleMap.ThirdPersonExampleMap:PersistentLevel.AICharacter_6
[2019.09.16-15.10.59:004][  0]LoadErrors: Warning: CreateExport: Failed to load Outer for resource 'CharacterMesh0': AICharacter_C /Game/ThirdPersonBP/Maps/ThirdPersonExampleMap.ThirdPersonExampleMap:PersistentLevel.AICharacter_6
[2019.09.16-15.10.59:005][  0]LoadErrors: Warning: CreateExport: Failed to load Outer for resource 'HealthBar': AICharacter_C /Game/ThirdPersonBP/Maps/ThirdPersonExampleMap.ThirdPersonExampleMap:PersistentLevel.AICharacter_6
[2019.09.16-15.10.59:048][  0]LogContentStreaming: Texture pool size now 1000 MB
[2019.09.16-15.10.59:049][  0]LogSlate: FSceneViewport::OnFocusLost() reason 2
[2019.09.16-15.10.59:143][  0]LogSlate: Took 0.000115 seconds to synchronously load lazily loaded font '../../../Engine/Content/Slate/Fonts/Roboto-Regular.ttf' (155K)
[2019.09.16-15.10.59:145][  0]LogSlate: Took 0.000112 seconds to synchronously load lazily loaded font '../../../Engine/Content/Slate/Fonts/Roboto-Bold.ttf' (160K)
[2019.09.16-15.10.59:147][  0]LogSlate: Took 0.000060 seconds to synchronously load lazily loaded font '../../../Engine/Content/Editor/Slate/Fonts/FontAwesome.ttf' (139K)
[2019.09.16-15.10.59:259][  1]LogRenderer: Reallocating scene render targets to support 2536x752 Format 10 NumSamples 1 (Frame:1).
[2019.09.16-15.10.59:276][  1]LogAssetRegistry: Asset discovery search completed in 4.1409 seconds
[2019.09.16-15.10.59:277][  1]LogCollectionManager: Rebuilt the object cache for 0 collections in 0.000000 seconds (found 0 objects)
[2019.09.16-15.10.59:277][  1]LogCollectionManager: Fixed up redirectors for 0 collections in 0.000024 seconds (updated 0 objects)
[2019.09.16-15.11.00:064][ 32]LogSlate: Took 0.000134 seconds to synchronously load lazily loaded font '../../../Engine/Content/Slate/Fonts/Roboto-Light.ttf' (167K)
[2019.09.16-15.11.04:218][147]LogSlate: Window 'Message Log' being destroyed
[2019.09.16-15.11.04:255][147]LogSlate: Window 'Message Log' being destroyed
[2019.09.16-15.11.05:337][191]LogSlate: FSceneViewport::OnFocusLost() reason 0
[2019.09.16-15.11.05:411][194]LogSlate: Window 'Plugins' being destroyed
[2019.09.16-15.11.05:439][194]LogSlate: Window 'Plugins' being destroyed
[2019.09.16-15.11.05:439][194]LogDirectoryWatcher: A directory notification for '../../../Engine/Plugins/' was aborted.
[2019.09.16-15.11.07:658][259]LogSlate: FSceneViewport::OnFocusLost() reason 0
[2019.09.16-15.11.09:240][308]LogAssetEditorManager: Opening Asset editor for Blueprint /Game/ThirdPersonBP/Blueprints/ThirdPersonCharacter.ThirdPersonCharacter
[2019.09.16-15.11.09:493][308]LogContentBrowser: Native class hierarchy updated for 'BlueprintGraph' in 0.0004 seconds. Added 121 classes and 0 folders.
[2019.09.16-15.11.10:055][308]LogSlate: Took 0.000112 seconds to synchronously load lazily loaded font '../../../Engine/Content/Slate/Fonts/Roboto-BoldCondensed.ttf' (158K)
[2019.09.16-15.11.10:221][309]LogSlate: Took 0.000244 seconds to synchronously load lazily loaded font '../../../Engine/Content/Slate/Fonts/Roboto-Italic.ttf' (157K)
[2019.09.16-15.11.17:874][519]LogTemp: Warning: [TargetSystemComponent_0] TargetSystemComponent Loaded: 4.22.0
[2019.09.16-15.11.17:877][519]LogTemp: Warning: [TargetSystem] TargetSystemComponent Loaded: 4.22.0
[2019.09.16-15.11.17:879][519]LogTemp: Warning: [TargetSystem] TargetSystemComponent Loaded: 4.22.0
[2019.09.16-15.11.17:880][519]LogTemp: Warning: [TargetSystem] TargetSystemComponent Loaded: 4.22.0
[2019.09.16-15.12.12:885][475]BlueprintLog: New page: Compile ThirdPersonCharacter
[2019.09.16-15.12.12:915][475]LogTemp: Warning: [TargetSystem] TargetSystemComponent Loaded: 4.22.0
[2019.09.16-15.12.12:916][475]LogTemp: Warning: [TargetSystem] TargetSystemComponent Loaded: 4.22.0
[2019.09.16-15.12.12:916][475]LogTemp: Warning: [TargetSystem] TargetSystemComponent Loaded: 4.22.0
[2019.09.16-15.12.13:101][475]LogUObjectHash: Compacting FUObjectHashTables data took   2.92ms
[2019.09.16-15.12.13:107][475]LogTemp: Warning: [TargetSystem] TargetSystemComponent Loaded: 4.22.0
[2019.09.16-15.12.13:108][475]LogTemp: Warning: [TargetSystem] TargetSystemComponent Loaded: 4.22.0
[2019.09.16-15.12.13:108][475]LogTemp: Warning: [TargetSystem] TargetSystemComponent Loaded: 4.22.0
[2019.09.16-15.12.13:109][475]LogTemp: Warning: [TargetSystem] TargetSystemComponent Loaded: 4.22.0
[2019.09.16-15.12.13:126][475]LogTemp: Warning: [TargetSystem] TargetSystemComponent Loaded: 4.22.0
[2019.09.16-15.12.13:127][475]LogTemp: Warning: [TargetSystem] TargetSystemComponent Loaded: 4.22.0
[2019.09.16-15.12.13:128][475]LogTemp: Warning: [TargetSystem] TargetSystemComponent Loaded: 4.22.0
[2019.09.16-15.12.31:982][ 12]LogRenderer: Reallocating scene render targets to support 2536x796 Format 10 NumSamples 1 (Frame:2524).
[2019.09.16-15.12.32:916][ 16]LogSlate: FSceneViewport::OnFocusLost() reason 2
[2019.09.16-15.12.40:204][236]LogSlate: FSceneViewport::OnFocusLost() reason 0
[2019.09.16-15.12.42:782][328]LogSlate: FSceneViewport::OnFocusLost() reason 0
[2019.09.16-15.12.44:908][405]LogSlate: FSceneViewport::OnFocusLost() reason 0
[2019.09.16-15.12.44:975][407]LogTemp: Repeating last play command: Selected Viewport
[2019.09.16-15.12.44:997][407]LogBlueprintUserMessages: Early PlayInEditor Detection: Level '/Game/ThirdPersonBP/Maps/ThirdPersonExampleMap.ThirdPersonExampleMap:PersistentLevel' has LevelScriptBlueprint '/Game/ThirdPersonBP/Maps/ThirdPersonExampleMap.ThirdPersonExampleMap:PersistentLevel.ThirdPersonExampleMap' with GeneratedClass '/Game/ThirdPersonBP/Maps/ThirdPersonExampleMap.ThirdPersonExampleMap_C' with ClassGeneratedBy '/Game/ThirdPersonBP/Maps/ThirdPersonExampleMap.ThirdPersonExampleMap:PersistentLevel.ThirdPersonExampleMap'
[2019.09.16-15.12.45:004][407]LogPlayLevel: PlayLevel: No blueprints needed recompiling
[2019.09.16-15.12.45:004][407]PIE: New page: PIE session: ThirdPersonExampleMap (Sep 17, 2019, 11:12:45 AM)
[2019.09.16-15.12.45:016][407]LogPlayLevel: Creating play world package: /Game/ThirdPersonBP/Maps/UEDPIE_0_ThirdPersonExampleMap
[2019.09.16-15.12.45:017][407]LogTemp: Warning: [TargetSystem] TargetSystemComponent Loaded: 4.22.0
[2019.09.16-15.12.45:022][407]LogPlayLevel: PIE: StaticDuplicateObject took: (0.006030s)
[2019.09.16-15.12.45:022][407]LogAIModule: Creating AISystem for world ThirdPersonExampleMap
[2019.09.16-15.12.45:023][407]LogPlayLevel: PIE: World Init took: (0.000445s)
[2019.09.16-15.12.45:023][407]LogPlayLevel: PIE: Created PIE world by copying editor world from /Game/ThirdPersonBP/Maps/ThirdPersonExampleMap.ThirdPersonExampleMap to /Game/ThirdPersonBP/Maps/UEDPIE_0_ThirdPersonExampleMap.ThirdPersonExampleMap (0.006664s)
[2019.09.16-15.12.45:066][407]LogUObjectHash: Compacting FUObjectHashTables data took   3.01ms
[2019.09.16-15.12.45:098][407]LogInit: XAudio2 using 'Speakers (Razer Nommo Chroma)' : 2 channels at 48 kHz using 16 bits per sample (channel mask 0x3)
[2019.09.16-15.12.45:110][407]LogInit: FAudioDevice initialized.
[2019.09.16-15.12.45:150][407]LogLoad: Game class is 'ThirdPersonGameMode_C'
[2019.09.16-15.12.45:156][407]LogWorld: Bringing World /Game/ThirdPersonBP/Maps/UEDPIE_0_ThirdPersonExampleMap.ThirdPersonExampleMap up for play (max tick rate 0) at 2019.09.17-01.12.45
[2019.09.16-15.12.45:158][407]LogWorld: Bringing up level for play took: 0.006214
[2019.09.16-15.12.45:173][407]LogBlueprintActionDatabase: Requesting refresh due to module change: Voice (loaded)
[2019.09.16-15.12.45:176][407]LogBlueprintActionDatabase: Requesting refresh due to module change: MovieSceneCapture (loaded)
[2019.09.16-15.12.45:176][407]LogContentBrowser: Native class hierarchy updated for 'MovieSceneCapture' in 0.0002 seconds. Added 20 classes and 0 folders.
[2019.09.16-15.12.45:177][407]LogScript: Warning: Accessed None trying to read property PatrolPath
	Enemy_Contorller_C /Game/ThirdPersonBP/Maps/UEDPIE_0_ThirdPersonExampleMap.ThirdPersonExampleMap:PersistentLevel.Enemy_Contorller_C_0
	Function /Game/ThirdPersonBP/NPC/Enemy_Contorller.Enemy_Contorller_C:ExecuteUbergraph_Enemy_Contorller:015D
[2019.09.16-15.12.45:177][407]PIE: Error: Blueprint Runtime Error: "Accessed None trying to read property PatrolPath". Blueprint:  Enemy_Contorller Function:  Execute Ubergraph Enemy Contorller Graph:  EventGraph Node:  Set Value as Bool
[2019.09.16-15.12.45:177][407]LogScript: Warning: Accessed None trying to read property PatrolPath
	Enemy_Contorller_C /Game/ThirdPersonBP/Maps/UEDPIE_0_ThirdPersonExampleMap.ThirdPersonExampleMap:PersistentLevel.Enemy_Contorller_C_0
	Function /Game/ThirdPersonBP/NPC/Enemy_Contorller.Enemy_Contorller_C:ExecuteUbergraph_Enemy_Contorller:02C1
[2019.09.16-15.12.45:177][407]PIE: Error: Blueprint Runtime Error: "Accessed None trying to read property PatrolPath". Blueprint:  Enemy_Contorller Function:  Execute Ubergraph Enemy Contorller Graph:  EventGraph Node:  Set Value as Float
[2019.09.16-15.12.45:177][407]LogScript: Warning: Accessed None trying to read property PatrolPath
	Enemy_Contorller_C /Game/ThirdPersonBP/Maps/UEDPIE_0_ThirdPersonExampleMap.ThirdPersonExampleMap:PersistentLevel.Enemy_Contorller_C_1
	Function /Game/ThirdPersonBP/NPC/Enemy_Contorller.Enemy_Contorller_C:ExecuteUbergraph_Enemy_Contorller:015D
[2019.09.16-15.12.45:177][407]PIE: Error: Blueprint Runtime Error: "Accessed None trying to read property PatrolPath". Blueprint:  Enemy_Contorller Function:  Execute Ubergraph Enemy Contorller Graph:  EventGraph Node:  Set Value as Bool
[2019.09.16-15.12.45:177][407]LogScript: Warning: Accessed None trying to read property PatrolPath
	Enemy_Contorller_C /Game/ThirdPersonBP/Maps/UEDPIE_0_ThirdPersonExampleMap.ThirdPersonExampleMap:PersistentLevel.Enemy_Contorller_C_1
	Function /Game/ThirdPersonBP/NPC/Enemy_Contorller.Enemy_Contorller_C:ExecuteUbergraph_Enemy_Contorller:02C1
[2019.09.16-15.12.45:178][407]PIE: Error: Blueprint Runtime Error: "Accessed None trying to read property PatrolPath". Blueprint:  Enemy_Contorller Function:  Execute Ubergraph Enemy Contorller Graph:  EventGraph Node:  Set Value as Float
[2019.09.16-15.12.45:178][407]LogScript: Warning: Accessed None trying to read property PatrolPath
	Enemy_Contorller_C /Game/ThirdPersonBP/Maps/UEDPIE_0_ThirdPersonExampleMap.ThirdPersonExampleMap:PersistentLevel.Enemy_Contorller_C_2
	Function /Game/ThirdPersonBP/NPC/Enemy_Contorller.Enemy_Contorller_C:ExecuteUbergraph_Enemy_Contorller:015D
[2019.09.16-15.12.45:178][407]PIE: Error: Blueprint Runtime Error: "Accessed None trying to read property PatrolPath". Blueprint:  Enemy_Contorller Function:  Execute Ubergraph Enemy Contorller Graph:  EventGraph Node:  Set Value as Bool
[2019.09.16-15.12.45:178][407]LogScript: Warning: Accessed None trying to read property PatrolPath
	Enemy_Contorller_C /Game/ThirdPersonBP/Maps/UEDPIE_0_ThirdPersonExampleMap.ThirdPersonExampleMap:PersistentLevel.Enemy_Contorller_C_2
	Function /Game/ThirdPersonBP/NPC/Enemy_Contorller.Enemy_Contorller_C:ExecuteUbergraph_Enemy_Contorller:02C1
[2019.09.16-15.12.45:178][407]PIE: Error: Blueprint Runtime Error: "Accessed None trying to read property PatrolPath". Blueprint:  Enemy_Contorller Function:  Execute Ubergraph Enemy Contorller Graph:  EventGraph Node:  Set Value as Float
[2019.09.16-15.12.45:179][407]PIE: Play in editor start time for /Game/ThirdPersonBP/Maps/UEDPIE_0_ThirdPersonExampleMap 1.078
[2019.09.16-15.12.45:179][407]LogBlueprintUserMessages: Late PlayInEditor Detection: Level '/Game/ThirdPersonBP/Maps/ThirdPersonExampleMap.ThirdPersonExampleMap:PersistentLevel' has LevelScriptBlueprint '/Game/ThirdPersonBP/Maps/ThirdPersonExampleMap.ThirdPersonExampleMap:PersistentLevel.ThirdPersonExampleMap' with GeneratedClass '/Game/ThirdPersonBP/Maps/ThirdPersonExampleMap.ThirdPersonExampleMap_C' with ClassGeneratedBy '/Game/ThirdPersonBP/Maps/ThirdPersonExampleMap.ThirdPersonExampleMap:PersistentLevel.ThirdPersonExampleMap'
[2019.09.16-15.12.53:913][737]LogBlueprintUserMessages: [AI_Enemy3_8] Hello
[2019.09.16-15.12.54:342][754]LogBlueprintUserMessages: [AI_Enemy_2] Hello
[2019.09.16-15.12.54:897][776]LogBlueprintUserMessages: [AI_Enemy2_5] Hello
[2019.09.16-15.12.55:880][815]LogBlueprintUserMessages: [AI_Enemy_2] Hello
[2019.09.16-15.12.56:289][831]LogBlueprintUserMessages: [AI_Enemy2_5] Hello
[2019.09.16-15.12.56:314][832]LogBlueprintUserMessages: [AI_Enemy3_8] Hello
[2019.09.16-15.12.57:777][890]LogBlueprintUserMessages: [AI_Enemy_2] Hello
[2019.09.16-15.12.57:928][896]LogBlueprintUserMessages: [AI_Enemy3_8] Hello
[2019.09.16-15.13.12:667][480]LogBlueprintUserMessages: Early EndPlayMap Detection: Level '/Game/ThirdPersonBP/Maps/ThirdPersonExampleMap.ThirdPersonExampleMap:PersistentLevel' has LevelScriptBlueprint '/Game/ThirdPersonBP/Maps/ThirdPersonExampleMap.ThirdPersonExampleMap:PersistentLevel.ThirdPersonExampleMap' with GeneratedClass '/Game/ThirdPersonBP/Maps/ThirdPersonExampleMap.ThirdPersonExampleMap_C' with ClassGeneratedBy '/Game/ThirdPersonBP/Maps/ThirdPersonExampleMap.ThirdPersonExampleMap:PersistentLevel.ThirdPersonExampleMap'
[2019.09.16-15.13.12:667][480]LogSlate: Updating window title bar state: overlay mode, drag disabled, window buttons hidden, title bar hidden
[2019.09.16-15.13.12:729][480]LogPlayLevel: Display: Shutting down PIE online subsystems
[2019.09.16-15.13.12:729][480]LogBlueprintUserMessages: Late EndPlayMap Detection: Level '/Game/ThirdPersonBP/Maps/ThirdPersonExampleMap.ThirdPersonExampleMap:PersistentLevel' has LevelScriptBlueprint '/Game/ThirdPersonBP/Maps/ThirdPersonExampleMap.ThirdPersonExampleMap:PersistentLevel.ThirdPersonExampleMap' with GeneratedClass '/Game/ThirdPersonBP/Maps/ThirdPersonExampleMap.ThirdPersonExampleMap_C' with ClassGeneratedBy '/Game/ThirdPersonBP/Maps/ThirdPersonExampleMap.ThirdPersonExampleMap:PersistentLevel.ThirdPersonExampleMap'
[2019.09.16-15.13.12:770][480]LogSlate: Updating window title bar state: overlay mode, drag disabled, window buttons hidden, title bar hidden
[2019.09.16-15.13.12:791][480]LogUObjectHash: Compacting FUObjectHashTables data took   4.59ms
[2019.09.16-15.13.12:798][480]LogSlate: FSceneViewport::OnFocusLost() reason 2
[2019.09.16-15.13.12:912][481]LogPlayLevel: Display: Destroying online subsystem :Context_9
[2019.09.16-15.13.14:423][510]LogSlate: Window 'Message Log' being destroyed
[2019.09.16-15.13.14:469][510]LogSlate: Window 'Message Log' being destroyed
[2019.09.16-15.13.40:896][423]LogSlate: FSceneViewport::OnFocusLost() reason 0
[2019.09.16-15.15.11:490][745]LogSlate: FSceneViewport::OnFocusLost() reason 2
[2019.09.16-15.15.16:824][921]LogTemp: Warning: [TargetSystem] TargetSystemComponent Loaded: 4.22.0
[2019.09.16-15.15.16:853][922]LogRenderer: Reallocating scene render targets to support 2536x908 Format 10 NumSamples 1 (Frame:1).
[2019.09.16-15.15.33:705][385]LogSlate: FSceneViewport::OnFocusLost() reason 0
[2019.09.16-15.16.22:731][ 32]LogSlate: FSceneViewport::OnFocusLost() reason 2
[2019.09.16-15.16.27:215][151]LogSlate: Prevented a slow task dialog from being summoned while a context menu was open
[2019.09.16-15.16.27:237][151]LogTexture: Display: Building textures: LockOnIcon (BGRA8, 403X403)
[2019.09.16-15.16.27:250][151]LogTemp: Warning: [TargetSystem] TargetSystemComponent Loaded: 4.22.0
[2019.09.16-15.16.27:251][151]LogTemp: Warning: [TargetSystem] TargetSystemComponent Loaded: 4.22.0
[2019.09.16-15.16.27:251][151]LogTemp: Warning: [TargetSystem] TargetSystemComponent Loaded: 4.22.0
[2019.09.16-15.16.27:252][151]LogTemp: Warning: [TargetSystem] TargetSystemComponent Loaded: 4.22.0
[2019.09.16-15.16.27:253][151]LogTemp: Warning: [TargetSystem] TargetSystemComponent Loaded: 4.22.0
[2019.09.16-15.16.27:253][151]LogTemp: Warning: [TargetSystem] TargetSystemComponent Loaded: 4.22.0
[2019.09.16-15.16.27:266][151]LogTemp: Warning: [TargetSystem] TargetSystemComponent Loaded: 4.22.0
[2019.09.16-15.16.29:680][262]BlueprintLog: New page: Compile ThirdPersonCharacter
[2019.09.16-15.16.29:714][262]LogTemp: Warning: [TargetSystem] TargetSystemComponent Loaded: 4.22.0
[2019.09.16-15.16.29:715][262]LogTemp: Warning: [TargetSystem] TargetSystemComponent Loaded: 4.22.0
[2019.09.16-15.16.29:715][262]LogTemp: Warning: [TargetSystem] TargetSystemComponent Loaded: 4.22.0
[2019.09.16-15.16.29:929][262]LogUObjectHash: Compacting FUObjectHashTables data took   3.50ms
[2019.09.16-15.16.29:935][262]LogTemp: Warning: [TargetSystem] TargetSystemComponent Loaded: 4.22.0
[2019.09.16-15.16.29:936][262]LogTemp: Warning: [TargetSystem] TargetSystemComponent Loaded: 4.22.0
[2019.09.16-15.16.29:936][262]LogTemp: Warning: [TargetSystem] TargetSystemComponent Loaded: 4.22.0
[2019.09.16-15.16.29:937][262]LogTemp: Warning: [TargetSystem] TargetSystemComponent Loaded: 4.22.0
[2019.09.16-15.16.29:957][262]LogTemp: Warning: [TargetSystem] TargetSystemComponent Loaded: 4.22.0
[2019.09.16-15.16.29:958][262]LogTemp: Warning: [TargetSystem] TargetSystemComponent Loaded: 4.22.0
[2019.09.16-15.16.29:958][262]LogTemp: Warning: [TargetSystem] TargetSystemComponent Loaded: 4.22.0
[2019.09.16-15.16.29:993][262]LogTemp: Warning: [TargetSystem] TargetSystemComponent Loaded: 4.22.0
[2019.09.16-15.16.31:374][319]LogTemp: Repeating last play command: Selected Viewport
[2019.09.16-15.16.31:386][319]LogBlueprintUserMessages: Early PlayInEditor Detection: Level '/Game/ThirdPersonBP/Maps/ThirdPersonExampleMap.ThirdPersonExampleMap:PersistentLevel' has LevelScriptBlueprint '/Game/ThirdPersonBP/Maps/ThirdPersonExampleMap.ThirdPersonExampleMap:PersistentLevel.ThirdPersonExampleMap' with GeneratedClass '/Game/ThirdPersonBP/Maps/ThirdPersonExampleMap.ThirdPersonExampleMap_C' with ClassGeneratedBy '/Game/ThirdPersonBP/Maps/ThirdPersonExampleMap.ThirdPersonExampleMap:PersistentLevel.ThirdPersonExampleMap'
[2019.09.16-15.16.31:386][319]LogPlayLevel: PlayLevel: No blueprints needed recompiling
[2019.09.16-15.16.31:386][319]PIE: New page: PIE session: ThirdPersonExampleMap (Sep 17, 2019, 11:16:31 AM)
[2019.09.16-15.16.31:386][319]LogPlayLevel: Creating play world package: /Game/ThirdPersonBP/Maps/UEDPIE_0_ThirdPersonExampleMap
[2019.09.16-15.16.31:387][319]LogTemp: Warning: [TargetSystem] TargetSystemComponent Loaded: 4.22.0
[2019.09.16-15.16.31:392][319]LogPlayLevel: PIE: StaticDuplicateObject took: (0.006296s)
[2019.09.16-15.16.31:393][319]LogAIModule: Creating AISystem for world ThirdPersonExampleMap
[2019.09.16-15.16.31:393][319]LogPlayLevel: PIE: World Init took: (0.000434s)
[2019.09.16-15.16.31:393][319]LogPlayLevel: PIE: Created PIE world by copying editor world from /Game/ThirdPersonBP/Maps/ThirdPersonExampleMap.ThirdPersonExampleMap to /Game/ThirdPersonBP/Maps/UEDPIE_0_ThirdPersonExampleMap.ThirdPersonExampleMap (0.006814s)
[2019.09.16-15.16.31:436][319]LogUObjectHash: Compacting FUObjectHashTables data took   3.30ms
[2019.09.16-15.16.31:467][319]LogInit: XAudio2 using 'Speakers (Razer Nommo Chroma)' : 2 channels at 48 kHz using 16 bits per sample (channel mask 0x3)
[2019.09.16-15.16.31:479][319]LogInit: FAudioDevice initialized.
[2019.09.16-15.16.31:521][319]LogLoad: Game class is 'ThirdPersonGameMode_C'
[2019.09.16-15.16.31:526][319]LogWorld: Bringing World /Game/ThirdPersonBP/Maps/UEDPIE_0_ThirdPersonExampleMap.ThirdPersonExampleMap up for play (max tick rate 0) at 2019.09.17-01.16.31
[2019.09.16-15.16.31:527][319]LogWorld: Bringing up level for play took: 0.005613
[2019.09.16-15.16.31:540][319]LogScript: Warning: Accessed None trying to read property PatrolPath
	Enemy_Contorller_C /Game/ThirdPersonBP/Maps/UEDPIE_0_ThirdPersonExampleMap.ThirdPersonExampleMap:PersistentLevel.Enemy_Contorller_C_0
	Function /Game/ThirdPersonBP/NPC/Enemy_Contorller.Enemy_Contorller_C:ExecuteUbergraph_Enemy_Contorller:015D
[2019.09.16-15.16.31:540][319]PIE: Error: Blueprint Runtime Error: "Accessed None trying to read property PatrolPath". Blueprint:  Enemy_Contorller Function:  Execute Ubergraph Enemy Contorller Graph:  EventGraph Node:  Set Value as Bool
[2019.09.16-15.16.31:540][319]LogScript: Warning: Accessed None trying to read property PatrolPath
	Enemy_Contorller_C /Game/ThirdPersonBP/Maps/UEDPIE_0_ThirdPersonExampleMap.ThirdPersonExampleMap:PersistentLevel.Enemy_Contorller_C_0
	Function /Game/ThirdPersonBP/NPC/Enemy_Contorller.Enemy_Contorller_C:ExecuteUbergraph_Enemy_Contorller:02C1
[2019.09.16-15.16.31:540][319]PIE: Error: Blueprint Runtime Error: "Accessed None trying to read property PatrolPath". Blueprint:  Enemy_Contorller Function:  Execute Ubergraph Enemy Contorller Graph:  EventGraph Node:  Set Value as Float
[2019.09.16-15.16.31:540][319]LogScript: Warning: Accessed None trying to read property PatrolPath
	Enemy_Contorller_C /Game/ThirdPersonBP/Maps/UEDPIE_0_ThirdPersonExampleMap.ThirdPersonExampleMap:PersistentLevel.Enemy_Contorller_C_1
	Function /Game/ThirdPersonBP/NPC/Enemy_Contorller.Enemy_Contorller_C:ExecuteUbergraph_Enemy_Contorller:015D
[2019.09.16-15.16.31:540][319]PIE: Error: Blueprint Runtime Error: "Accessed None trying to read property PatrolPath". Blueprint:  Enemy_Contorller Function:  Execute Ubergraph Enemy Contorller Graph:  EventGraph Node:  Set Value as Bool
[2019.09.16-15.16.31:540][319]LogScript: Warning: Accessed None trying to read property PatrolPath
	Enemy_Contorller_C /Game/ThirdPersonBP/Maps/UEDPIE_0_ThirdPersonExampleMap.ThirdPersonExampleMap:PersistentLevel.Enemy_Contorller_C_1
	Function /Game/ThirdPersonBP/NPC/Enemy_Contorller.Enemy_Contorller_C:ExecuteUbergraph_Enemy_Contorller:02C1
[2019.09.16-15.16.31:541][319]PIE: Error: Blueprint Runtime Error: "Accessed None trying to read property PatrolPath". Blueprint:  Enemy_Contorller Function:  Execute Ubergraph Enemy Contorller Graph:  EventGraph Node:  Set Value as Float
[2019.09.16-15.16.31:541][319]LogScript: Warning: Accessed None trying to read property PatrolPath
	Enemy_Contorller_C /Game/ThirdPersonBP/Maps/UEDPIE_0_ThirdPersonExampleMap.ThirdPersonExampleMap:PersistentLevel.Enemy_Contorller_C_2
	Function /Game/ThirdPersonBP/NPC/Enemy_Contorller.Enemy_Contorller_C:ExecuteUbergraph_Enemy_Contorller:015D
[2019.09.16-15.16.31:541][319]PIE: Error: Blueprint Runtime Error: "Accessed None trying to read property PatrolPath". Blueprint:  Enemy_Contorller Function:  Execute Ubergraph Enemy Contorller Graph:  EventGraph Node:  Set Value as Bool
[2019.09.16-15.16.31:541][319]LogScript: Warning: Accessed None trying to read property PatrolPath
	Enemy_Contorller_C /Game/ThirdPersonBP/Maps/UEDPIE_0_ThirdPersonExampleMap.ThirdPersonExampleMap:PersistentLevel.Enemy_Contorller_C_2
	Function /Game/ThirdPersonBP/NPC/Enemy_Contorller.Enemy_Contorller_C:ExecuteUbergraph_Enemy_Contorller:02C1
[2019.09.16-15.16.31:541][319]PIE: Error: Blueprint Runtime Error: "Accessed None trying to read property PatrolPath". Blueprint:  Enemy_Contorller Function:  Execute Ubergraph Enemy Contorller Graph:  EventGraph Node:  Set Value as Float
[2019.09.16-15.16.31:541][319]PIE: Play in editor start time for /Game/ThirdPersonBP/Maps/UEDPIE_0_ThirdPersonExampleMap -0.559
[2019.09.16-15.16.31:542][319]LogBlueprintUserMessages: Late PlayInEditor Detection: Level '/Game/ThirdPersonBP/Maps/ThirdPersonExampleMap.ThirdPersonExampleMap:PersistentLevel' has LevelScriptBlueprint '/Game/ThirdPersonBP/Maps/ThirdPersonExampleMap.ThirdPersonExampleMap:PersistentLevel.ThirdPersonExampleMap' with GeneratedClass '/Game/ThirdPersonBP/Maps/ThirdPersonExampleMap.ThirdPersonExampleMap_C' with ClassGeneratedBy '/Game/ThirdPersonBP/Maps/ThirdPersonExampleMap.ThirdPersonExampleMap:PersistentLevel.ThirdPersonExampleMap'
[2019.09.16-15.16.31:590][319]LogTemp: Warning: [TargetSystem] TargetSystemComponent Loaded: 4.22.0
[2019.09.16-15.16.46:899][ 13]LogBlueprintUserMessages: [AI_Enemy_2] Hello
[2019.09.16-15.16.48:042][ 81]LogBlueprintUserMessages: [AI_Enemy_2] Hello
[2019.09.16-15.16.48:076][ 83]LogBlueprintUserMessages: [AI_Enemy2_5] Hello
[2019.09.16-15.16.48:093][ 84]LogBlueprintUserMessages: [AI_Enemy3_8] Hello
[2019.09.16-15.16.49:085][143]LogBlueprintUserMessages: [AI_Enemy_2] Hello
[2019.09.16-15.16.50:297][215]LogBlueprintUserMessages: [AI_Enemy2_5] Hello
[2019.09.16-15.16.50:330][217]LogBlueprintUserMessages: [AI_Enemy3_8] Hello
[2019.09.16-15.16.50:398][221]LogBlueprintUserMessages: [AI_Enemy_2] Hello
[2019.09.16-15.16.52:028][318]LogBlueprintUserMessages: [AI_Enemy2_5] Hello
[2019.09.16-15.16.53:221][389]LogBlueprintUserMessages: [AI_Enemy2_5] Hello
[2019.09.16-15.16.54:313][454]LogBlueprintUserMessages: [AI_Enemy2_5] Hello
[2019.09.16-15.16.56:533][586]LogBlueprintUserMessages: [AI_Enemy_2] Hello
[2019.09.16-15.16.56:617][591]LogBlueprintUserMessages: [AI_Enemy3_8] Hello
[2019.09.16-15.16.59:576][767]LogBlueprintUserMessages: [AI_Enemy_2] Hello
[2019.09.16-15.17.02:589][946]LogBlueprintUserMessages: [AI_Enemy3_8] Hello
[2019.09.16-15.17.05:615][126]LogBlueprintUserMessages: [AI_Enemy3_8] Hello
[2019.09.16-15.17.15:962][741]LogBlueprintUserMessages: Early EndPlayMap Detection: Level '/Game/ThirdPersonBP/Maps/ThirdPersonExampleMap.ThirdPersonExampleMap:PersistentLevel' has LevelScriptBlueprint '/Game/ThirdPersonBP/Maps/ThirdPersonExampleMap.ThirdPersonExampleMap:PersistentLevel.ThirdPersonExampleMap' with GeneratedClass '/Game/ThirdPersonBP/Maps/ThirdPersonExampleMap.ThirdPersonExampleMap_C' with ClassGeneratedBy '/Game/ThirdPersonBP/Maps/ThirdPersonExampleMap.ThirdPersonExampleMap:PersistentLevel.ThirdPersonExampleMap'
[2019.09.16-15.17.15:962][741]LogSlate: Updating window title bar state: overlay mode, drag disabled, window buttons hidden, title bar hidden
[2019.09.16-15.17.16:012][741]LogPlayLevel: Display: Shutting down PIE online subsystems
[2019.09.16-15.17.16:012][741]LogBlueprintUserMessages: Late EndPlayMap Detection: Level '/Game/ThirdPersonBP/Maps/ThirdPersonExampleMap.ThirdPersonExampleMap:PersistentLevel' has LevelScriptBlueprint '/Game/ThirdPersonBP/Maps/ThirdPersonExampleMap.ThirdPersonExampleMap:PersistentLevel.ThirdPersonExampleMap' with GeneratedClass '/Game/ThirdPersonBP/Maps/ThirdPersonExampleMap.ThirdPersonExampleMap_C' with ClassGeneratedBy '/Game/ThirdPersonBP/Maps/ThirdPersonExampleMap.ThirdPersonExampleMap:PersistentLevel.ThirdPersonExampleMap'
[2019.09.16-15.17.16:051][741]LogSlate: Updating window title bar state: overlay mode, drag disabled, window buttons hidden, title bar hidden
[2019.09.16-15.17.16:055][741]LogUObjectHash: Compacting FUObjectHashTables data took   2.28ms
[2019.09.16-15.17.16:061][741]LogSlate: FSceneViewport::OnFocusLost() reason 2
[2019.09.16-15.17.16:107][741]LogTemp: Warning: [TargetSystem] TargetSystemComponent Loaded: 4.22.0
[2019.09.16-15.17.16:117][742]LogPlayLevel: Display: Destroying online subsystem :Context_10
[2019.09.16-15.17.17:515][777]LogSlate: Window 'Message Log' being destroyed
[2019.09.16-15.17.17:552][777]LogSlate: Window 'Message Log' being destroyed
[2019.09.16-15.18.30:445][737]LogSlate: FSceneViewport::OnFocusLost() reason 0
[2019.09.16-15.18.59:520][361]LogTemp: Repeating last play command: Selected Viewport
[2019.09.16-15.18.59:527][361]LogBlueprintUserMessages: Early PlayInEditor Detection: Level '/Game/ThirdPersonBP/Maps/ThirdPersonExampleMap.ThirdPersonExampleMap:PersistentLevel' has LevelScriptBlueprint '/Game/ThirdPersonBP/Maps/ThirdPersonExampleMap.ThirdPersonExampleMap:PersistentLevel.ThirdPersonExampleMap' with GeneratedClass '/Game/ThirdPersonBP/Maps/ThirdPersonExampleMap.ThirdPersonExampleMap_C' with ClassGeneratedBy '/Game/ThirdPersonBP/Maps/ThirdPersonExampleMap.ThirdPersonExampleMap:PersistentLevel.ThirdPersonExampleMap'
[2019.09.16-15.18.59:527][361]LogPlayLevel: PlayLevel: No blueprints needed recompiling
[2019.09.16-15.18.59:527][361]PIE: New page: PIE session: ThirdPersonExampleMap (Sep 17, 2019, 11:18:59 AM)
[2019.09.16-15.18.59:527][361]LogPlayLevel: Creating play world package: /Game/ThirdPersonBP/Maps/UEDPIE_0_ThirdPersonExampleMap
[2019.09.16-15.18.59:527][361]LogTemp: Warning: [TargetSystem] TargetSystemComponent Loaded: 4.22.0
[2019.09.16-15.18.59:535][361]LogPlayLevel: PIE: StaticDuplicateObject took: (0.007835s)
[2019.09.16-15.18.59:535][361]LogAIModule: Creating AISystem for world ThirdPersonExampleMap
[2019.09.16-15.18.59:535][361]LogPlayLevel: PIE: World Init took: (0.000411s)
[2019.09.16-15.18.59:535][361]LogPlayLevel: PIE: Created PIE world by copying editor world from /Game/ThirdPersonBP/Maps/ThirdPersonExampleMap.ThirdPersonExampleMap to /Game/ThirdPersonBP/Maps/UEDPIE_0_ThirdPersonExampleMap.ThirdPersonExampleMap (0.008339s)
[2019.09.16-15.18.59:575][361]LogUObjectHash: Compacting FUObjectHashTables data took   2.22ms
[2019.09.16-15.18.59:605][361]LogInit: XAudio2 using 'Speakers (Razer Nommo Chroma)' : 2 channels at 48 kHz using 16 bits per sample (channel mask 0x3)
[2019.09.16-15.18.59:616][361]LogInit: FAudioDevice initialized.
[2019.09.16-15.18.59:640][361]LogLoad: Game class is 'ThirdPersonGameMode_C'
[2019.09.16-15.18.59:646][361]LogWorld: Bringing World /Game/ThirdPersonBP/Maps/UEDPIE_0_ThirdPersonExampleMap.ThirdPersonExampleMap up for play (max tick rate 0) at 2019.09.17-01.18.59
[2019.09.16-15.18.59:646][361]LogWorld: Bringing up level for play took: 0.005541
[2019.09.16-15.18.59:659][361]LogScript: Warning: Accessed None trying to read property PatrolPath
	Enemy_Contorller_C /Game/ThirdPersonBP/Maps/UEDPIE_0_ThirdPersonExampleMap.ThirdPersonExampleMap:PersistentLevel.Enemy_Contorller_C_0
	Function /Game/ThirdPersonBP/NPC/Enemy_Contorller.Enemy_Contorller_C:ExecuteUbergraph_Enemy_Contorller:015D
[2019.09.16-15.18.59:659][361]PIE: Error: Blueprint Runtime Error: "Accessed None trying to read property PatrolPath". Blueprint:  Enemy_Contorller Function:  Execute Ubergraph Enemy Contorller Graph:  EventGraph Node:  Set Value as Bool
[2019.09.16-15.18.59:659][361]LogScript: Warning: Accessed None trying to read property PatrolPath
	Enemy_Contorller_C /Game/ThirdPersonBP/Maps/UEDPIE_0_ThirdPersonExampleMap.ThirdPersonExampleMap:PersistentLevel.Enemy_Contorller_C_0
	Function /Game/ThirdPersonBP/NPC/Enemy_Contorller.Enemy_Contorller_C:ExecuteUbergraph_Enemy_Contorller:02C1
[2019.09.16-15.18.59:659][361]PIE: Error: Blueprint Runtime Error: "Accessed None trying to read property PatrolPath". Blueprint:  Enemy_Contorller Function:  Execute Ubergraph Enemy Contorller Graph:  EventGraph Node:  Set Value as Float
[2019.09.16-15.18.59:660][361]LogScript: Warning: Accessed None trying to read property PatrolPath
	Enemy_Contorller_C /Game/ThirdPersonBP/Maps/UEDPIE_0_ThirdPersonExampleMap.ThirdPersonExampleMap:PersistentLevel.Enemy_Contorller_C_1
	Function /Game/ThirdPersonBP/NPC/Enemy_Contorller.Enemy_Contorller_C:ExecuteUbergraph_Enemy_Contorller:015D
[2019.09.16-15.18.59:660][361]PIE: Error: Blueprint Runtime Error: "Accessed None trying to read property PatrolPath". Blueprint:  Enemy_Contorller Function:  Execute Ubergraph Enemy Contorller Graph:  EventGraph Node:  Set Value as Bool
[2019.09.16-15.18.59:660][361]LogScript: Warning: Accessed None trying to read property PatrolPath
	Enemy_Contorller_C /Game/ThirdPersonBP/Maps/UEDPIE_0_ThirdPersonExampleMap.ThirdPersonExampleMap:PersistentLevel.Enemy_Contorller_C_1
	Function /Game/ThirdPersonBP/NPC/Enemy_Contorller.Enemy_Contorller_C:ExecuteUbergraph_Enemy_Contorller:02C1
[2019.09.16-15.18.59:660][361]PIE: Error: Blueprint Runtime Error: "Accessed None trying to read property PatrolPath". Blueprint:  Enemy_Contorller Function:  Execute Ubergraph Enemy Contorller Graph:  EventGraph Node:  Set Value as Float
[2019.09.16-15.18.59:660][361]LogScript: Warning: Accessed None trying to read property PatrolPath
	Enemy_Contorller_C /Game/ThirdPersonBP/Maps/UEDPIE_0_ThirdPersonExampleMap.ThirdPersonExampleMap:PersistentLevel.Enemy_Contorller_C_2
	Function /Game/ThirdPersonBP/NPC/Enemy_Contorller.Enemy_Contorller_C:ExecuteUbergraph_Enemy_Contorller:015D
[2019.09.16-15.18.59:660][361]PIE: Error: Blueprint Runtime Error: "Accessed None trying to read property PatrolPath". Blueprint:  Enemy_Contorller Function:  Execute Ubergraph Enemy Contorller Graph:  EventGraph Node:  Set Value as Bool
[2019.09.16-15.18.59:660][361]LogScript: Warning: Accessed None trying to read property PatrolPath
	Enemy_Contorller_C /Game/ThirdPersonBP/Maps/UEDPIE_0_ThirdPersonExampleMap.ThirdPersonExampleMap:PersistentLevel.Enemy_Contorller_C_2
	Function /Game/ThirdPersonBP/NPC/Enemy_Contorller.Enemy_Contorller_C:ExecuteUbergraph_Enemy_Contorller:02C1
[2019.09.16-15.18.59:660][361]PIE: Error: Blueprint Runtime Error: "Accessed None trying to read property PatrolPath". Blueprint:  Enemy_Contorller Function:  Execute Ubergraph Enemy Contorller Graph:  EventGraph Node:  Set Value as Float
[2019.09.16-15.18.59:661][361]PIE: Play in editor start time for /Game/ThirdPersonBP/Maps/UEDPIE_0_ThirdPersonExampleMap -0.44
[2019.09.16-15.18.59:661][361]LogBlueprintUserMessages: Late PlayInEditor Detection: Level '/Game/ThirdPersonBP/Maps/ThirdPersonExampleMap.ThirdPersonExampleMap:PersistentLevel' has LevelScriptBlueprint '/Game/ThirdPersonBP/Maps/ThirdPersonExampleMap.ThirdPersonExampleMap:PersistentLevel.ThirdPersonExampleMap' with GeneratedClass '/Game/ThirdPersonBP/Maps/ThirdPersonExampleMap.ThirdPersonExampleMap_C' with ClassGeneratedBy '/Game/ThirdPersonBP/Maps/ThirdPersonExampleMap.ThirdPersonExampleMap:PersistentLevel.ThirdPersonExampleMap'
[2019.09.16-15.19.19:718][544]LogBlueprintUserMessages: [AI_Enemy3_8] Hello
[2019.09.16-15.19.19:970][559]LogBlueprintUserMessages: [AI_Enemy2_5] Hello
[2019.09.16-15.19.21:282][637]LogBlueprintUserMessages: [AI_Enemy2_5] Hello
[2019.09.16-15.19.22:898][733]LogBlueprintUserMessages: [AI_Enemy2_5] Hello
[2019.09.16-15.19.23:958][796]LogBlueprintUserMessages: [AI_Enemy2_5] Hello
[2019.09.16-15.19.25:035][860]LogBlueprintUserMessages: [AI_Enemy2_5] Hello
[2019.09.16-15.19.26:465][945]LogBlueprintUserMessages: [AI_Enemy2_5] Hello
[2019.09.16-15.19.27:543][  9]LogBlueprintUserMessages: [AI_Enemy2_5] Hello
[2019.09.16-15.19.29:409][120]LogBlueprintUserMessages: [AI_Enemy2_5] Hello
[2019.09.16-15.19.31:530][246]LogBlueprintUserMessages: [AI_Enemy2_5] Hello
[2019.09.16-15.19.31:916][269]LogBlueprintUserMessages: [AI_Enemy3_8] Hello
[2019.09.16-15.19.31:950][271]LogBlueprintUserMessages: [AI_Enemy_2] Hello
[2019.09.16-15.19.32:960][331]LogBlueprintUserMessages: [AI_Enemy2_5] Hello
[2019.09.16-15.19.32:977][332]LogBlueprintUserMessages: [AI_Enemy3_8] Hello
[2019.09.16-15.19.39:189][701]LogBlueprintUserMessages: [AI_Enemy_2] Hello
[2019.09.16-15.19.39:593][725]LogBlueprintUserMessages: [AI_Enemy3_8] Hello
[2019.09.16-15.19.40:619][786]LogBlueprintUserMessages: [AI_Enemy_2] Hello
[2019.09.16-15.19.42:217][881]LogBlueprintUserMessages: [AI_Enemy_2] Hello
[2019.09.16-15.19.42:889][921]LogBlueprintUserMessages: [AI_Enemy3_8] Hello
[2019.09.16-15.19.43:781][974]LogBlueprintUserMessages: [AI_Enemy_2] Hello
[2019.09.16-15.19.45:279][ 63]LogBlueprintUserMessages: [AI_Enemy_2] Hello
[2019.09.16-15.19.50:871][347]LogWindows: Error: === Critical error: ===
[2019.09.16-15.19.50:871][347]LogWindows: Error: 
[2019.09.16-15.19.50:871][347]LogWindows: Error: Fatal error!
[2019.09.16-15.19.50:871][347]LogWindows: Error: 
[2019.09.16-15.19.50:871][347]LogWindows: Error: Unhandled Exception: EXCEPTION_ACCESS_VIOLATION reading address 0xffffffff
[2019.09.16-15.19.50:871][347]LogWindows: Error: 
[2019.09.16-15.19.50:871][347]LogWindows: Error: [Callstack] 0x00007ffaeeec7001 UE4Editor-TargetSystem.dll!UTargetSystemComponent::TargetLockOff() [d:\build\++portal+dev-marketplace+full\sync\localbuilds\plugintemp\hostproject\plugins\targetsystem\source\targetsystem\private\targetsystemcomponent.cpp:267]
[2019.09.16-15.19.50:871][347]LogWindows: Error: [Callstack] 0x00007ffaeeec71c3 UE4Editor-TargetSystem.dll!UTargetSystemComponent::TickComponent() [d:\build\++portal+dev-marketplace+full\sync\localbuilds\plugintemp\hostproject\plugins\targetsystem\source\targetsystem\private\targetsystemcomponent.cpp:73]
[2019.09.16-15.19.50:871][347]LogWindows: Error: [Callstack] 0x00007ffb03b0f3fa UE4Editor-Engine.dll!UnknownFunction []
[2019.09.16-15.19.50:871][347]LogWindows: Error: [Callstack] 0x00007ffb03b35464 UE4Editor-Engine.dll!UnknownFunction []
[2019.09.16-15.19.50:871][347]LogWindows: Error: [Callstack] 0x00007ffb047772bc UE4Editor-Engine.dll!UnknownFunction []
[2019.09.16-15.19.50:871][347]LogWindows: Error: [Callstack] 0x00007ffb065e22d8 UE4Editor-Core.dll!UnknownFunction []
[2019.09.16-15.19.50:871][347]LogWindows: Error: [Callstack] 0x00007ffb065e247a UE4Editor-Core.dll!UnknownFunction []
[2019.09.16-15.19.50:871][347]LogWindows: Error: [Callstack] 0x00007ffb047bf81f UE4Editor-Engine.dll!UnknownFunction []
[2019.09.16-15.19.50:871][347]LogWindows: Error: [Callstack] 0x00007ffb047cbd12 UE4Editor-Engine.dll!UnknownFunction []
[2019.09.16-15.19.50:871][347]LogWindows: Error: [Callstack] 0x00007ffb03fedc4f UE4Editor-Engine.dll!UnknownFunction []
[2019.09.16-15.19.50:871][347]LogWindows: Error: [Callstack] 0x00007ffb03ff8417 UE4Editor-Engine.dll!UnknownFunction []
[2019.09.16-15.19.50:871][347]LogWindows: Error: [Callstack] 0x00007ffb01b002f7 UE4Editor-UnrealEd.dll!UnknownFunction []
[2019.09.16-15.19.50:871][347]LogWindows: Error: [Callstack] 0x00007ffb0231d396 UE4Editor-UnrealEd.dll!UnknownFunction []
[2019.09.16-15.19.50:871][347]LogWindows: Error: [Callstack] 0x00007ff779286bb1 UE4Editor.exe!UnknownFunction []
[2019.09.16-15.19.50:871][347]LogWindows: Error: [Callstack] 0x00007ff77929554c UE4Editor.exe!UnknownFunction []
[2019.09.16-15.19.50:871][347]LogWindows: Error: [Callstack] 0x00007ff7792955ca UE4Editor.exe!UnknownFunction []
[2019.09.16-15.19.50:871][347]LogWindows: Error: [Callstack] 0x00007ff7792a316c UE4Editor.exe!UnknownFunction []
[2019.09.16-15.19.50:871][347]LogWindows: Error: [Callstack] 0x00007ff7792a5b8e UE4Editor.exe!UnknownFunction []
[2019.09.16-15.19.50:871][347]LogWindows: Error: [Callstack] 0x00007ffb4c8f7bd4 KERNEL32.DLL!UnknownFunction []
[2019.09.16-15.19.50:871][347]LogWindows: Error: [Callstack] 0x00007ffb4ccccee1 ntdll.dll!UnknownFunction []
[2019.09.16-15.19.50:871][347]LogWindows: Error: 
[2019.09.16-15.19.50:885][347]LogExit: Executing StaticShutdownAfterError
[2019.09.16-15.19.50:888][347]LogWindows: FPlatformMisc::RequestExit(1)
[2019.09.16-15.19.50:892][347]Log file closed, 09/17/19 01:19:50
