Log file open, 08/21/19 23:57:46
LogWindows: Failed to load 'aqProf.dll' (GetLastError=126)
LogWindows: File 'aqProf.dll' does not exist
LogWindows: Failed to load 'VtuneApi.dll' (GetLastError=126)
LogWindows: File 'VtuneApi.dll' does not exist
LogWindows: Failed to load 'VtuneApi32e.dll' (GetLastError=126)
LogWindows: File 'VtuneApi32e.dll' does not exist
LogConsoleResponse: Display: Failed to find resolution value strings in scalability ini. Falling back to default.
LogInit: Display: Running engine for game: Project_Nezha
LogPakFile: Registered encryption key '00000000000000000000000000000000': 0 pak files mounted, 0 remain pending
LogPlatformFile: Not using cached read wrapper
LogTaskGraph: Started task graph with 5 named threads and 14 total threads with 3 sets of task threads.
LogStats: Stats thread started at 0.193063
LogD3D11RHI: Loaded GFSDK_Aftermath_Lib.x64.dll
LogICUInternationalization: ICU TimeZone Detection - Raw Offset: +10:00, Platform Override: ''
LogPluginManager: Mounting plugin Paper2D
LogPluginManager: Mounting plugin AISupport
LogPluginManager: Mounting plugin LightPropagationVolume
LogPluginManager: Mounting plugin ActorLayerUtilities
LogPluginManager: Mounting plugin AnimationSharing
LogPluginManager: Mounting plugin CLionSourceCodeAccess
LogPluginManager: Mounting plugin CodeLiteSourceCodeAccess
LogPluginManager: Mounting plugin GitSourceControl
LogPluginManager: Mounting plugin KDevelopSourceCodeAccess
LogPluginManager: Mounting plugin NullSourceCodeAccess
LogPluginManager: Mounting plugin PerforceSourceControl
LogPluginManager: Mounting plugin SubversionSourceControl
LogPluginManager: Mounting plugin UObjectPlugin
LogPluginManager: Mounting plugin VisualStudioCodeSourceCodeAccess
LogPluginManager: Mounting plugin VisualStudioSourceCodeAccess
LogPluginManager: Mounting plugin XCodeSourceCodeAccess
LogPluginManager: Mounting plugin AssetManagerEditor
LogPluginManager: Mounting plugin CryptoKeys
LogPluginManager: Mounting plugin DataValidation
LogPluginManager: Mounting plugin FacialAnimation
LogPluginManager: Mounting plugin GameplayTagsEditor
LogPluginManager: Mounting plugin MacGraphicsSwitching
LogPluginManager: Mounting plugin MaterialAnalyzer
LogPluginManager: Mounting plugin MobileLauncherProfileWizard
LogPluginManager: Mounting plugin PluginBrowser
LogPluginManager: Mounting plugin SpeedTreeImporter
LogPluginManager: Mounting plugin DatasmithContent
LogPluginManager: Mounting plugin VariantManagerContent
LogPluginManager: Mounting plugin AlembicImporter
LogPluginManager: Mounting plugin AppleImageUtils
LogPluginManager: Mounting plugin AppleVision
LogPluginManager: Mounting plugin BackChannel
LogPluginManager: Mounting plugin CharacterAI
LogPluginManager: Mounting plugin GeometryCache
LogPluginManager: Mounting plugin HTML5Networking
LogPluginManager: Mounting plugin ProxyLODPlugin
LogPluginManager: Mounting plugin SkeletalReduction
LogPluginManager: Mounting plugin MagicLeap
LogPluginManager: Mounting plugin MagicLeapMedia
LogPluginManager: Mounting plugin AndroidMedia
LogPluginManager: Mounting plugin AvfMedia
LogPluginManager: Mounting plugin ImgMedia
LogPluginManager: Mounting plugin LinearTimecode
LogPluginManager: Mounting plugin MediaCompositing
LogPluginManager: Mounting plugin MediaPlayerEditor
LogPluginManager: Mounting plugin WebMMedia
LogPluginManager: Mounting plugin WmfMedia
LogPluginManager: Mounting plugin TcpMessaging
LogPluginManager: Mounting plugin UdpMessaging
LogPluginManager: Mounting plugin ActorSequence
LogPluginManager: Mounting plugin LevelSequenceEditor
LogPluginManager: Mounting plugin MatineeToLevelSequence
LogPluginManager: Mounting plugin NetcodeUnitTest
LogPluginManager: Mounting plugin NUTUnrealEngine4
LogPluginManager: Mounting plugin OnlineSubsystemGooglePlay
LogPluginManager: Mounting plugin OnlineSubsystemIOS
LogPluginManager: Mounting plugin OnlineSubsystem
LogPluginManager: Mounting plugin OnlineSubsystemNull
LogPluginManager: Mounting plugin OnlineSubsystemUtils
LogPluginManager: Mounting plugin LauncherChunkInstaller
LogPluginManager: Mounting plugin AndroidDeviceProfileSelector
LogPluginManager: Mounting plugin AndroidMoviePlayer
LogPluginManager: Mounting plugin AndroidPermission
LogPluginManager: Mounting plugin AppleMoviePlayer
LogPluginManager: Mounting plugin ArchVisCharacter
LogPluginManager: Mounting plugin AudioCapture
LogPluginManager: Mounting plugin CableComponent
LogPluginManager: Mounting plugin CustomMeshComponent
LogPluginManager: Mounting plugin EditableMesh
LogPluginManager: Mounting plugin ExampleDeviceProfileSelector
LogPluginManager: Mounting plugin Firebase
LogPluginManager: Mounting plugin GoogleCloudMessaging
LogPluginManager: Mounting plugin IOSDeviceProfileSelector
LogPluginManager: Mounting plugin LinuxDeviceProfileSelector
LogPluginManager: Mounting plugin LocationServicesBPLibrary
LogPluginManager: Mounting plugin MobilePatchingUtils
LogPluginManager: Mounting plugin OculusVR
LogPluginManager: Mounting plugin PhysXVehicles
LogPluginManager: Mounting plugin ProceduralMeshComponent
LogPluginManager: Mounting plugin RuntimePhysXCooking
LogPluginManager: Mounting plugin SignificanceManager
LogPluginManager: Mounting plugin SteamVR
LogPluginManager: Mounting plugin WebMMoviePlayer
LogPluginManager: Mounting plugin WindowsMoviePlayer
LogInit: Using libcurl 7.55.1-DEV
LogInit:  - built for x86_64-pc-win32
LogInit:  - supports SSL with OpenSSL/1.1.1
LogInit:  - supports HTTP deflate (compression) using libz 1.2.8
LogInit:  - other features:
LogInit:      CURL_VERSION_SSL
LogInit:      CURL_VERSION_LIBZ
LogInit:      CURL_VERSION_IPV6
LogInit:      CURL_VERSION_ASYNCHDNS
LogInit:      CURL_VERSION_LARGEFILE
LogInit:      CURL_VERSION_IDN
LogInit:  CurlRequestOptions (configurable via config and command line):
LogInit:  - bVerifyPeer = true  - Libcurl will verify peer certificate
LogInit:  - bUseHttpProxy = false  - Libcurl will NOT use HTTP proxy
LogInit:  - bDontReuseConnections = false  - Libcurl will reuse connections
LogInit:  - MaxHostConnections = 16  - Libcurl will limit the number of connections to a host
LogInit:  - LocalHostAddr = Default
LogInit:  - BufferSize = 65536
LogInit: WinSock: version 1.1 (2.2), MaxSocks=32767, MaxUdp=65467
LogInit: Build: ++UE4+Release-4.22-CL-7053642
LogInit: Engine Version: 4.22.3-7053642+++UE4+Release-4.22
LogInit: Compatible Engine Version: 4.22.0-5660361+++UE4+Release-4.22
LogInit: Net CL: 5660361
LogInit: OS: Windows 10 (Release 1607) (), CPU: Intel(R) Core(TM) i5-6300HQ CPU @ 2.30GHz, GPU: Intel(R) HD Graphics 530
LogInit: Compiled (64-bit): Jun 18 2019 03:09:11
LogInit: Compiled with Visual C++: 19.16.27025.01
LogInit: Build Configuration: Development
LogInit: Branch Name: ++UE4+Release-4.22
LogInit: Command Line:  /Game/ThirdPersonBP/Maps/MainMenu -game -PIEVIACONSOLE -ResX=1280 -ResY=720 -Multiprocess -messaging -SessionName="Play in Standalone Game" -windowed
LogInit: Base Directory: E:/unreal-engine/UE_4.22/Engine/Binaries/Win64/
LogInit: Installed Engine Build: 1
LogDevObjectVersion: Number of dev versions registered: 23
LogDevObjectVersion:   Dev-Blueprints (B0D832E4-1F89-4F0D-ACCF-7EB736FD4AA2): 10
LogDevObjectVersion:   Dev-Build (E1C64328-A22C-4D53-A36C-8E866417BD8C): 0
LogDevObjectVersion:   Dev-Core (375EC13C-06E4-48FB-B500-84F0262A717E): 3
LogDevObjectVersion:   Dev-Editor (E4B068ED-F494-42E9-A231-DA0B2E46BB41): 30
LogDevObjectVersion:   Dev-Framework (CFFC743F-43B0-4480-9391-14DF171D2073): 35
LogDevObjectVersion:   Dev-Mobile (B02B49B5-BB20-44E9-A304-32B752E40360): 2
LogDevObjectVersion:   Dev-Networking (A4E4105C-59A1-49B5-A7C5-40C4547EDFEE): 0
LogDevObjectVersion:   Dev-Online (39C831C9-5AE6-47DC-9A44-9C173E1C8E7C): 0
LogDevObjectVersion:   Dev-Physics (78F01B33-EBEA-4F98-B9B4-84EACCB95AA2): 0
LogDevObjectVersion:   Dev-Platform (6631380F-2D4D-43E0-8009-CF276956A95A): 0
LogDevObjectVersion:   Dev-Rendering (12F88B9F-8875-4AFC-A67C-D90C383ABD29): 28
LogDevObjectVersion:   Dev-Sequencer (7B5AE74C-D270-4C10-A958-57980B212A5A): 11
LogDevObjectVersion:   Dev-VR (D7296918-1DD6-4BDD-9DE2-64A83CC13884): 2
LogDevObjectVersion:   Dev-LoadTimes (C2A15278-BFE7-4AFE-6C17-90FF531DF755): 1
LogDevObjectVersion:   Private-Geometry (6EACA3D4-40EC-4CC1-B786-8BED09428FC5): 3
LogDevObjectVersion:   Dev-AnimPhys (29E575DD-E0A3-4627-9D10-D276232CDCEA): 17
LogDevObjectVersion:   Dev-Anim (AF43A65D-7FD3-4947-9873-3E8ED9C1BB05): 2
LogDevObjectVersion:   Dev-ReflectionCapture (6B266CEC-1EC7-4B8F-A30B-E4D90942FC07): 1
LogDevObjectVersion:   Dev-Automation (0DF73D61-A23F-47EA-B727-89E90C41499A): 1
LogDevObjectVersion:   FortniteMain (601D1886-AC64-4F84-AA16-D3DE0DEAC7D6): 25
LogDevObjectVersion:   Dev-Enterprise (9DFFBCD6-494F-0158-E221-12823C92A888): 6
LogDevObjectVersion:   Dev-Niagara (F2AED0AC-9AFE-416F-8664-AA7FFA26D6FC): 1
LogDevObjectVersion:   Dev-Destruction (174F1F0B-B4C6-45A5-B13F-2EE8D0FB917D): 2
LogInit: Presizing for max 16777216 objects, including 0 objects not considered by GC, pre-allocating 0 bytes for permanent pool.
LogInit: Object subsystem initialized
LogConfig: Setting CVar [[con.DebugEarlyDefault:1]]
LogConfig: Setting CVar [[r.setres:1280x720]]
[2019.08.21-13.57.46:799][  0]LogConfig: Setting CVar [[con.DebugEarlyDefault:1]]
[2019.08.21-13.57.46:799][  0]LogConfig: Setting CVar [[r.setres:1280x720]]
[2019.08.21-13.57.46:799][  0]LogConfig: Applying CVar settings from Section [/Script/Engine.RendererSettings] File [E:/university/github_file/Project-Nezha/Project_Nezha/Saved/Config/Windows/Engine.ini]
[2019.08.21-13.57.46:799][  0]LogConfig: Setting CVar [[r.GPUCrashDebugging:0]]
[2019.08.21-13.57.46:799][  0]LogConfig: Applying CVar settings from Section [/Script/Engine.RendererOverrideSettings] File [E:/university/github_file/Project-Nezha/Project_Nezha/Saved/Config/Windows/Engine.ini]
[2019.08.21-13.57.46:799][  0]LogConfig: Applying CVar settings from Section [/Script/Engine.StreamingSettings] File [E:/university/github_file/Project-Nezha/Project_Nezha/Saved/Config/Windows/Engine.ini]
[2019.08.21-13.57.46:799][  0]LogConfig: Setting CVar [[s.MinBulkDataSizeForAsyncLoading:131072]]
[2019.08.21-13.57.46:799][  0]LogConfig: Setting CVar [[s.AsyncLoadingThreadEnabled:0]]
[2019.08.21-13.57.46:799][  0]LogConfig: Setting CVar [[s.EventDrivenLoaderEnabled:1]]
[2019.08.21-13.57.46:799][  0]LogConfig: Setting CVar [[s.WarnIfTimeLimitExceeded:0]]
[2019.08.21-13.57.46:799][  0]LogConfig: Setting CVar [[s.TimeLimitExceededMultiplier:1.5]]
[2019.08.21-13.57.46:799][  0]LogConfig: Setting CVar [[s.TimeLimitExceededMinTime:0.005]]
[2019.08.21-13.57.46:799][  0]LogConfig: Setting CVar [[s.UseBackgroundLevelStreaming:1]]
[2019.08.21-13.57.46:799][  0]LogConfig: Setting CVar [[s.PriorityAsyncLoadingExtraTime:15.0]]
[2019.08.21-13.57.46:799][  0]LogConfig: Setting CVar [[s.LevelStreamingActorsUpdateTimeLimit:5.0]]
[2019.08.21-13.57.46:799][  0]LogConfig: Setting CVar [[s.PriorityLevelStreamingActorsUpdateExtraTime:5.0]]
[2019.08.21-13.57.46:799][  0]LogConfig: Setting CVar [[s.LevelStreamingComponentsRegistrationGranularity:10]]
[2019.08.21-13.57.46:799][  0]LogConfig: Setting CVar [[s.UnregisterComponentsTimeLimit:1.0]]
[2019.08.21-13.57.46:799][  0]LogConfig: Setting CVar [[s.LevelStreamingComponentsUnregistrationGranularity:5]]
[2019.08.21-13.57.46:800][  0]LogConfig: Applying CVar settings from Section [/Script/Engine.GarbageCollectionSettings] File [E:/university/github_file/Project-Nezha/Project_Nezha/Saved/Config/Windows/Engine.ini]
[2019.08.21-13.57.46:800][  0]LogConfig: Setting CVar [[gc.MaxObjectsNotConsideredByGC:1]]
[2019.08.21-13.57.46:800][  0]LogConfig: Setting CVar [[gc.SizeOfPermanentObjectPool:0]]
[2019.08.21-13.57.46:800][  0]LogConfig: Setting CVar [[gc.FlushStreamingOnGC:0]]
[2019.08.21-13.57.46:800][  0]LogConfig: Setting CVar [[gc.NumRetriesBeforeForcingGC:10]]
[2019.08.21-13.57.46:800][  0]LogConfig: Setting CVar [[gc.AllowParallelGC:1]]
[2019.08.21-13.57.46:800][  0]LogConfig: Setting CVar [[gc.TimeBetweenPurgingPendingKillObjects:61.1]]
[2019.08.21-13.57.46:800][  0]LogConfig: Setting CVar [[gc.MaxObjectsInEditor:16777216]]
[2019.08.21-13.57.46:800][  0]LogConfig: Setting CVar [[gc.IncrementalBeginDestroyEnabled:1]]
[2019.08.21-13.57.46:800][  0]LogConfig: Setting CVar [[gc.CreateGCClusters:1]]
[2019.08.21-13.57.46:800][  0]LogConfig: Setting CVar [[gc.MinGCClusterSize:5]]
[2019.08.21-13.57.46:800][  0]LogConfig: Setting CVar [[gc.ActorClusteringEnabled:0]]
[2019.08.21-13.57.46:800][  0]LogConfig: Setting CVar [[gc.BlueprintClusteringEnabled:0]]
[2019.08.21-13.57.46:800][  0]LogConfig: Setting CVar [[gc.UseDisregardForGCOnDedicatedServers:0]]
[2019.08.21-13.57.46:800][  0]LogConfig: Applying CVar settings from Section [/Script/Engine.NetworkSettings] File [E:/university/github_file/Project-Nezha/Project_Nezha/Saved/Config/Windows/Engine.ini]
[2019.08.21-13.57.46:800][  0]LogConfig: Applying CVar settings from Section [/Script/UnrealEd.CookerSettings] File [E:/university/github_file/Project-Nezha/Project_Nezha/Saved/Config/Windows/Engine.ini]
[2019.08.21-13.57.46:802][  0]LogConfig: Applying CVar settings from Section [ViewDistanceQuality@3] File [E:/university/github_file/Project-Nezha/Project_Nezha/Saved/Config/Windows/Scalability.ini]
[2019.08.21-13.57.46:802][  0]LogConfig: Setting CVar [[r.SkeletalMeshLODBias:0]]
[2019.08.21-13.57.46:802][  0]LogConfig: Setting CVar [[r.ViewDistanceScale:1.0]]
[2019.08.21-13.57.46:802][  0]LogConfig: Applying CVar settings from Section [AntiAliasingQuality@3] File [E:/university/github_file/Project-Nezha/Project_Nezha/Saved/Config/Windows/Scalability.ini]
[2019.08.21-13.57.46:802][  0]LogConfig: Setting CVar [[r.PostProcessAAQuality:4]]
[2019.08.21-13.57.46:803][  0]LogConfig: Applying CVar settings from Section [ShadowQuality@3] File [E:/university/github_file/Project-Nezha/Project_Nezha/Saved/Config/Windows/Scalability.ini]
[2019.08.21-13.57.46:803][  0]LogConfig: Setting CVar [[r.LightFunctionQuality:1]]
[2019.08.21-13.57.46:803][  0]LogConfig: Setting CVar [[r.ShadowQuality:5]]
[2019.08.21-13.57.46:803][  0]LogConfig: Setting CVar [[r.Shadow.CSM.MaxCascades:10]]
[2019.08.21-13.57.46:803][  0]LogConfig: Setting CVar [[r.Shadow.MaxResolution:2048]]
[2019.08.21-13.57.46:803][  0]LogConfig: Setting CVar [[r.Shadow.MaxCSMResolution:2048]]
[2019.08.21-13.57.46:803][  0]LogConfig: Setting CVar [[r.Shadow.RadiusThreshold:0.01]]
[2019.08.21-13.57.46:803][  0]LogConfig: Setting CVar [[r.Shadow.DistanceScale:1.0]]
[2019.08.21-13.57.46:803][  0]LogConfig: Setting CVar [[r.Shadow.CSM.TransitionScale:1.0]]
[2019.08.21-13.57.46:803][  0]LogConfig: Setting CVar [[r.Shadow.PreShadowResolutionFactor:1.0]]
[2019.08.21-13.57.46:803][  0]LogConfig: Setting CVar [[r.DistanceFieldShadowing:1]]
[2019.08.21-13.57.46:803][  0]LogConfig: Setting CVar [[r.DistanceFieldAO:1]]
[2019.08.21-13.57.46:803][  0]LogConfig: Setting CVar [[r.AOQuality:2]]
[2019.08.21-13.57.46:803][  0]LogConfig: Setting CVar [[r.VolumetricFog:1]]
[2019.08.21-13.57.46:803][  0]LogConfig: Setting CVar [[r.VolumetricFog.GridPixelSize:8]]
[2019.08.21-13.57.46:803][  0]LogConfig: Setting CVar [[r.VolumetricFog.GridSizeZ:128]]
[2019.08.21-13.57.46:803][  0]LogConfig: Setting CVar [[r.VolumetricFog.HistoryMissSupersampleCount:4]]
[2019.08.21-13.57.46:803][  0]LogConfig: Setting CVar [[r.LightMaxDrawDistanceScale:1]]
[2019.08.21-13.57.46:803][  0]LogConfig: Setting CVar [[r.CapsuleShadows:1]]
[2019.08.21-13.57.46:803][  0]LogConfig: Applying CVar settings from Section [PostProcessQuality@3] File [E:/university/github_file/Project-Nezha/Project_Nezha/Saved/Config/Windows/Scalability.ini]
[2019.08.21-13.57.46:803][  0]LogConfig: Setting CVar [[r.MotionBlurQuality:4]]
[2019.08.21-13.57.46:803][  0]LogConfig: Setting CVar [[r.AmbientOcclusionMipLevelFactor:0.4]]
[2019.08.21-13.57.46:803][  0]LogConfig: Setting CVar [[r.AmbientOcclusionMaxQuality:100]]
[2019.08.21-13.57.46:803][  0]LogConfig: Setting CVar [[r.AmbientOcclusionLevels:-1]]
[2019.08.21-13.57.46:803][  0]LogConfig: Setting CVar [[r.AmbientOcclusionRadiusScale:1.0]]
[2019.08.21-13.57.46:803][  0]LogConfig: Setting CVar [[r.DepthOfFieldQuality:2]]
[2019.08.21-13.57.46:803][  0]LogConfig: Setting CVar [[r.RenderTargetPoolMin:400]]
[2019.08.21-13.57.46:803][  0]LogConfig: Setting CVar [[r.LensFlareQuality:2]]
[2019.08.21-13.57.46:803][  0]LogConfig: Setting CVar [[r.SceneColorFringeQuality:1]]
[2019.08.21-13.57.46:803][  0]LogConfig: Setting CVar [[r.EyeAdaptationQuality:2]]
[2019.08.21-13.57.46:803][  0]LogConfig: Setting CVar [[r.BloomQuality:5]]
[2019.08.21-13.57.46:803][  0]LogConfig: Setting CVar [[r.FastBlurThreshold:100]]
[2019.08.21-13.57.46:803][  0]LogConfig: Setting CVar [[r.Upscale.Quality:3]]
[2019.08.21-13.57.46:803][  0]LogConfig: Setting CVar [[r.Tonemapper.GrainQuantization:1]]
[2019.08.21-13.57.46:803][  0]LogConfig: Setting CVar [[r.LightShaftQuality:1]]
[2019.08.21-13.57.46:803][  0]LogConfig: Setting CVar [[r.Filter.SizeScale:1]]
[2019.08.21-13.57.46:803][  0]LogConfig: Setting CVar [[r.Tonemapper.Quality:5]]
[2019.08.21-13.57.46:803][  0]LogConfig: Setting CVar [[r.DOF.Gather.AccumulatorQuality:1        ; higher gathering accumulator quality]]
[2019.08.21-13.57.46:803][  0]LogConfig: Setting CVar [[r.DOF.Gather.PostfilterMethod:1          ; Median3x3 postfilering method]]
[2019.08.21-13.57.46:803][  0]LogConfig: Setting CVar [[r.DOF.Gather.EnableBokehSettings:0       ; no bokeh simulation when gathering]]
[2019.08.21-13.57.46:803][  0]LogConfig: Setting CVar [[r.DOF.Gather.RingCount:4                 ; medium number of samples when gathering]]
[2019.08.21-13.57.46:803][  0]LogConfig: Setting CVar [[r.DOF.Scatter.ForegroundCompositing:1    ; additive foreground scattering]]
[2019.08.21-13.57.46:803][  0]LogConfig: Setting CVar [[r.DOF.Scatter.BackgroundCompositing:2    ; additive background scattering]]
[2019.08.21-13.57.46:803][  0]LogConfig: Setting CVar [[r.DOF.Scatter.EnableBokehSettings:1      ; bokeh simulation when scattering]]
[2019.08.21-13.57.46:803][  0]LogConfig: Setting CVar [[r.DOF.Scatter.MaxSpriteRatio:0.1         ; only a maximum of 10% of scattered bokeh]]
[2019.08.21-13.57.46:803][  0]LogConfig: Setting CVar [[r.DOF.Recombine.Quality:1                ; cheap slight out of focus]]
[2019.08.21-13.57.46:803][  0]LogConfig: Setting CVar [[r.DOF.Recombine.EnableBokehSettings:0    ; no bokeh simulation on slight out of focus]]
[2019.08.21-13.57.46:803][  0]LogConfig: Setting CVar [[r.DOF.TemporalAAQuality:1                ; more stable temporal accumulation]]
[2019.08.21-13.57.46:803][  0]LogConfig: Setting CVar [[r.DOF.Kernel.MaxForegroundRadius:0.025]]
[2019.08.21-13.57.46:803][  0]LogConfig: Setting CVar [[r.DOF.Kernel.MaxBackgroundRadius:0.025]]
[2019.08.21-13.57.46:803][  0]LogConfig: Applying CVar settings from Section [TextureQuality@3] File [E:/university/github_file/Project-Nezha/Project_Nezha/Saved/Config/Windows/Scalability.ini]
[2019.08.21-13.57.46:803][  0]LogConfig: Setting CVar [[r.Streaming.MipBias:0]]
[2019.08.21-13.57.46:803][  0]LogConfig: Setting CVar [[r.Streaming.AmortizeCPUToGPUCopy:0]]
[2019.08.21-13.57.46:803][  0]LogConfig: Setting CVar [[r.Streaming.MaxNumTexturesToStreamPerFrame:0]]
[2019.08.21-13.57.46:803][  0]LogConfig: Setting CVar [[r.Streaming.Boost:1]]
[2019.08.21-13.57.46:803][  0]LogConfig: Setting CVar [[r.MaxAnisotropy:8]]
[2019.08.21-13.57.46:803][  0]LogConfig: Setting CVar [[r.Streaming.LimitPoolSizeToVRAM:0]]
[2019.08.21-13.57.46:803][  0]LogConfig: Setting CVar [[r.Streaming.PoolSize:1000]]
[2019.08.21-13.57.46:803][  0]LogConfig: Setting CVar [[r.Streaming.MaxEffectiveScreenSize:0]]
[2019.08.21-13.57.46:803][  0]LogConfig: Applying CVar settings from Section [EffectsQuality@3] File [E:/university/github_file/Project-Nezha/Project_Nezha/Saved/Config/Windows/Scalability.ini]
[2019.08.21-13.57.46:803][  0]LogConfig: Setting CVar [[r.TranslucencyLightingVolumeDim:64]]
[2019.08.21-13.57.46:803][  0]LogConfig: Setting CVar [[r.RefractionQuality:2]]
[2019.08.21-13.57.46:804][  0]LogConfig: Setting CVar [[r.SSR.Quality:3]]
[2019.08.21-13.57.46:804][  0]LogConfig: Setting CVar [[r.SceneColorFormat:4]]
[2019.08.21-13.57.46:804][  0]LogConfig: Setting CVar [[r.DetailMode:2]]
[2019.08.21-13.57.46:804][  0]LogConfig: Setting CVar [[r.TranslucencyVolumeBlur:1]]
[2019.08.21-13.57.46:804][  0]LogConfig: Setting CVar [[r.MaterialQualityLevel:1 ; High quality]]
[2019.08.21-13.57.46:804][  0]LogConfig: Setting CVar [[r.SSS.Scale:1]]
[2019.08.21-13.57.46:804][  0]LogConfig: Setting CVar [[r.SSS.SampleSet:2]]
[2019.08.21-13.57.46:804][  0]LogConfig: Setting CVar [[r.SSS.Quality:1]]
[2019.08.21-13.57.46:804][  0]LogConfig: Setting CVar [[r.SSS.HalfRes:1]]
[2019.08.21-13.57.46:804][  0]LogConfig: Setting CVar [[r.EmitterSpawnRateScale:1.0]]
[2019.08.21-13.57.46:804][  0]LogConfig: Setting CVar [[r.ParticleLightQuality:2]]
[2019.08.21-13.57.46:804][  0]LogConfig: Applying CVar settings from Section [FoliageQuality@3] File [E:/university/github_file/Project-Nezha/Project_Nezha/Saved/Config/Windows/Scalability.ini]
[2019.08.21-13.57.46:804][  0]LogConfig: Setting CVar [[foliage.DensityScale:1.0]]
[2019.08.21-13.57.46:804][  0]LogConfig: Setting CVar [[grass.DensityScale:1.0]]
[2019.08.21-13.57.46:804][  0]LogInit: Selected Device Profile: [Windows]
[2019.08.21-13.57.46:804][  0]LogInit: Applying CVar settings loaded from the selected device profile: [Windows]
[2019.08.21-13.57.46:809][  0]LogHAL: Display: Platform has ~ 8 GB [8475213824 / 8589934592 / 8], which maps to Default [LargestMinGB=32, LargerMinGB=12, DefaultMinGB=8, SmallerMinGB=6, SmallestMinGB=0)
[2019.08.21-13.57.46:809][  0]LogConfig: Setting CVar [[r.Vulkan.UseRealUBs:0		; Required until we fix HLR fall-out]]
[2019.08.21-13.57.46:809][  0]LogInit: Going up to parent DeviceProfile []
[2019.08.21-13.57.46:809][  0]LogConfig: Applying CVar settings from Section [ViewDistanceQuality@3] File [E:/university/github_file/Project-Nezha/Project_Nezha/Saved/Config/Windows/Scalability.ini]
[2019.08.21-13.57.46:809][  0]LogConfig: Setting CVar [[r.SkeletalMeshLODBias:0]]
[2019.08.21-13.57.46:809][  0]LogConfig: Setting CVar [[r.ViewDistanceScale:1.0]]
[2019.08.21-13.57.46:809][  0]LogConfig: Applying CVar settings from Section [AntiAliasingQuality@3] File [E:/university/github_file/Project-Nezha/Project_Nezha/Saved/Config/Windows/Scalability.ini]
[2019.08.21-13.57.46:809][  0]LogConfig: Setting CVar [[r.PostProcessAAQuality:4]]
[2019.08.21-13.57.46:809][  0]LogConfig: Applying CVar settings from Section [ShadowQuality@3] File [E:/university/github_file/Project-Nezha/Project_Nezha/Saved/Config/Windows/Scalability.ini]
[2019.08.21-13.57.46:809][  0]LogConfig: Setting CVar [[r.LightFunctionQuality:1]]
[2019.08.21-13.57.46:809][  0]LogConfig: Setting CVar [[r.ShadowQuality:5]]
[2019.08.21-13.57.46:809][  0]LogConfig: Setting CVar [[r.Shadow.CSM.MaxCascades:10]]
[2019.08.21-13.57.46:809][  0]LogConfig: Setting CVar [[r.Shadow.MaxResolution:2048]]
[2019.08.21-13.57.46:809][  0]LogConfig: Setting CVar [[r.Shadow.MaxCSMResolution:2048]]
[2019.08.21-13.57.46:809][  0]LogConfig: Setting CVar [[r.Shadow.RadiusThreshold:0.01]]
[2019.08.21-13.57.46:809][  0]LogConfig: Setting CVar [[r.Shadow.DistanceScale:1.0]]
[2019.08.21-13.57.46:809][  0]LogConfig: Setting CVar [[r.Shadow.CSM.TransitionScale:1.0]]
[2019.08.21-13.57.46:809][  0]LogConfig: Setting CVar [[r.Shadow.PreShadowResolutionFactor:1.0]]
[2019.08.21-13.57.46:809][  0]LogConfig: Setting CVar [[r.DistanceFieldShadowing:1]]
[2019.08.21-13.57.46:809][  0]LogConfig: Setting CVar [[r.DistanceFieldAO:1]]
[2019.08.21-13.57.46:809][  0]LogConfig: Setting CVar [[r.AOQuality:2]]
[2019.08.21-13.57.46:809][  0]LogConfig: Setting CVar [[r.VolumetricFog:1]]
[2019.08.21-13.57.46:809][  0]LogConfig: Setting CVar [[r.VolumetricFog.GridPixelSize:8]]
[2019.08.21-13.57.46:809][  0]LogConfig: Setting CVar [[r.VolumetricFog.GridSizeZ:128]]
[2019.08.21-13.57.46:809][  0]LogConfig: Setting CVar [[r.VolumetricFog.HistoryMissSupersampleCount:4]]
[2019.08.21-13.57.46:809][  0]LogConfig: Setting CVar [[r.LightMaxDrawDistanceScale:1]]
[2019.08.21-13.57.46:809][  0]LogConfig: Setting CVar [[r.CapsuleShadows:1]]
[2019.08.21-13.57.46:809][  0]LogConfig: Applying CVar settings from Section [PostProcessQuality@3] File [E:/university/github_file/Project-Nezha/Project_Nezha/Saved/Config/Windows/Scalability.ini]
[2019.08.21-13.57.46:809][  0]LogConfig: Setting CVar [[r.MotionBlurQuality:4]]
[2019.08.21-13.57.46:809][  0]LogConfig: Setting CVar [[r.AmbientOcclusionMipLevelFactor:0.4]]
[2019.08.21-13.57.46:809][  0]LogConfig: Setting CVar [[r.AmbientOcclusionMaxQuality:100]]
[2019.08.21-13.57.46:809][  0]LogConfig: Setting CVar [[r.AmbientOcclusionLevels:-1]]
[2019.08.21-13.57.46:809][  0]LogConfig: Setting CVar [[r.AmbientOcclusionRadiusScale:1.0]]
[2019.08.21-13.57.46:809][  0]LogConfig: Setting CVar [[r.DepthOfFieldQuality:2]]
[2019.08.21-13.57.46:809][  0]LogConfig: Setting CVar [[r.RenderTargetPoolMin:400]]
[2019.08.21-13.57.46:809][  0]LogConfig: Setting CVar [[r.LensFlareQuality:2]]
[2019.08.21-13.57.46:809][  0]LogConfig: Setting CVar [[r.SceneColorFringeQuality:1]]
[2019.08.21-13.57.46:809][  0]LogConfig: Setting CVar [[r.EyeAdaptationQuality:2]]
[2019.08.21-13.57.46:809][  0]LogConfig: Setting CVar [[r.BloomQuality:5]]
[2019.08.21-13.57.46:809][  0]LogConfig: Setting CVar [[r.FastBlurThreshold:100]]
[2019.08.21-13.57.46:809][  0]LogConfig: Setting CVar [[r.Upscale.Quality:3]]
[2019.08.21-13.57.46:809][  0]LogConfig: Setting CVar [[r.Tonemapper.GrainQuantization:1]]
[2019.08.21-13.57.46:809][  0]LogConfig: Setting CVar [[r.LightShaftQuality:1]]
[2019.08.21-13.57.46:809][  0]LogConfig: Setting CVar [[r.Filter.SizeScale:1]]
[2019.08.21-13.57.46:809][  0]LogConfig: Setting CVar [[r.Tonemapper.Quality:5]]
[2019.08.21-13.57.46:809][  0]LogConfig: Setting CVar [[r.DOF.Gather.AccumulatorQuality:1        ; higher gathering accumulator quality]]
[2019.08.21-13.57.46:809][  0]LogConfig: Setting CVar [[r.DOF.Gather.PostfilterMethod:1          ; Median3x3 postfilering method]]
[2019.08.21-13.57.46:809][  0]LogConfig: Setting CVar [[r.DOF.Gather.EnableBokehSettings:0       ; no bokeh simulation when gathering]]
[2019.08.21-13.57.46:809][  0]LogConfig: Setting CVar [[r.DOF.Gather.RingCount:4                 ; medium number of samples when gathering]]
[2019.08.21-13.57.46:809][  0]LogConfig: Setting CVar [[r.DOF.Scatter.ForegroundCompositing:1    ; additive foreground scattering]]
[2019.08.21-13.57.46:809][  0]LogConfig: Setting CVar [[r.DOF.Scatter.BackgroundCompositing:2    ; additive background scattering]]
[2019.08.21-13.57.46:809][  0]LogConfig: Setting CVar [[r.DOF.Scatter.EnableBokehSettings:1      ; bokeh simulation when scattering]]
[2019.08.21-13.57.46:809][  0]LogConfig: Setting CVar [[r.DOF.Scatter.MaxSpriteRatio:0.1         ; only a maximum of 10% of scattered bokeh]]
[2019.08.21-13.57.46:809][  0]LogConfig: Setting CVar [[r.DOF.Recombine.Quality:1                ; cheap slight out of focus]]
[2019.08.21-13.57.46:809][  0]LogConfig: Setting CVar [[r.DOF.Recombine.EnableBokehSettings:0    ; no bokeh simulation on slight out of focus]]
[2019.08.21-13.57.46:809][  0]LogConfig: Setting CVar [[r.DOF.TemporalAAQuality:1                ; more stable temporal accumulation]]
[2019.08.21-13.57.46:809][  0]LogConfig: Setting CVar [[r.DOF.Kernel.MaxForegroundRadius:0.025]]
[2019.08.21-13.57.46:810][  0]LogConfig: Setting CVar [[r.DOF.Kernel.MaxBackgroundRadius:0.025]]
[2019.08.21-13.57.46:810][  0]LogConfig: Applying CVar settings from Section [TextureQuality@3] File [E:/university/github_file/Project-Nezha/Project_Nezha/Saved/Config/Windows/Scalability.ini]
[2019.08.21-13.57.46:810][  0]LogConfig: Setting CVar [[r.Streaming.MipBias:0]]
[2019.08.21-13.57.46:810][  0]LogConfig: Setting CVar [[r.Streaming.AmortizeCPUToGPUCopy:0]]
[2019.08.21-13.57.46:810][  0]LogConfig: Setting CVar [[r.Streaming.MaxNumTexturesToStreamPerFrame:0]]
[2019.08.21-13.57.46:810][  0]LogConfig: Setting CVar [[r.Streaming.Boost:1]]
[2019.08.21-13.57.46:810][  0]LogConfig: Setting CVar [[r.MaxAnisotropy:8]]
[2019.08.21-13.57.46:810][  0]LogConfig: Setting CVar [[r.Streaming.LimitPoolSizeToVRAM:0]]
[2019.08.21-13.57.46:810][  0]LogConfig: Setting CVar [[r.Streaming.PoolSize:1000]]
[2019.08.21-13.57.46:810][  0]LogConfig: Setting CVar [[r.Streaming.MaxEffectiveScreenSize:0]]
[2019.08.21-13.57.46:810][  0]LogConfig: Applying CVar settings from Section [EffectsQuality@3] File [E:/university/github_file/Project-Nezha/Project_Nezha/Saved/Config/Windows/Scalability.ini]
[2019.08.21-13.57.46:810][  0]LogConfig: Setting CVar [[r.TranslucencyLightingVolumeDim:64]]
[2019.08.21-13.57.46:810][  0]LogConfig: Setting CVar [[r.RefractionQuality:2]]
[2019.08.21-13.57.46:810][  0]LogConfig: Setting CVar [[r.SSR.Quality:3]]
[2019.08.21-13.57.46:810][  0]LogConfig: Setting CVar [[r.SceneColorFormat:4]]
[2019.08.21-13.57.46:810][  0]LogConfig: Setting CVar [[r.DetailMode:2]]
[2019.08.21-13.57.46:810][  0]LogConfig: Setting CVar [[r.TranslucencyVolumeBlur:1]]
[2019.08.21-13.57.46:810][  0]LogConfig: Setting CVar [[r.MaterialQualityLevel:1 ; High quality]]
[2019.08.21-13.57.46:810][  0]LogConfig: Setting CVar [[r.SSS.Scale:1]]
[2019.08.21-13.57.46:810][  0]LogConfig: Setting CVar [[r.SSS.SampleSet:2]]
[2019.08.21-13.57.46:810][  0]LogConfig: Setting CVar [[r.SSS.Quality:1]]
[2019.08.21-13.57.46:810][  0]LogConfig: Setting CVar [[r.SSS.HalfRes:1]]
[2019.08.21-13.57.46:810][  0]LogConfig: Setting CVar [[r.EmitterSpawnRateScale:1.0]]
[2019.08.21-13.57.46:810][  0]LogConfig: Setting CVar [[r.ParticleLightQuality:2]]
[2019.08.21-13.57.46:810][  0]LogConfig: Applying CVar settings from Section [FoliageQuality@3] File [E:/university/github_file/Project-Nezha/Project_Nezha/Saved/Config/Windows/Scalability.ini]
[2019.08.21-13.57.46:810][  0]LogConfig: Setting CVar [[foliage.DensityScale:1.0]]
[2019.08.21-13.57.46:810][  0]LogConfig: Setting CVar [[grass.DensityScale:1.0]]
[2019.08.21-13.57.46:810][  0]LogConfig: Applying CVar settings from Section [Startup] File [../../../Engine/Config/ConsoleVariables.ini]
[2019.08.21-13.57.46:810][  0]LogConfig: Setting CVar [[net.UseAdaptiveNetUpdateFrequency:0]]
[2019.08.21-13.57.46:810][  0]LogConfig: Setting CVar [[p.chaos.AllowCreatePhysxBodies:1]]
[2019.08.21-13.57.46:810][  0]LogConfig: Applying CVar settings from Section [ConsoleVariables] File [E:/university/github_file/Project-Nezha/Project_Nezha/Saved/Config/Windows/Engine.ini]
[2019.08.21-13.57.46:810][  0]LogInit: Computer: LIANG
[2019.08.21-13.57.46:810][  0]LogInit: User: Aliang
[2019.08.21-13.57.46:810][  0]LogInit: CPU Page size=4096, Cores=4
[2019.08.21-13.57.46:810][  0]LogInit: High frequency timer resolution =2.250004 MHz
[2019.08.21-13.57.46:811][  0]LogMemory: Memory total: Physical=7.9GB (8GB approx)
[2019.08.21-13.57.46:811][  0]LogMemory: Platform Memory Stats for Windows
[2019.08.21-13.57.46:811][  0]LogMemory: Process Physical Memory: 98.05 MB used, 98.05 MB peak
[2019.08.21-13.57.46:811][  0]LogMemory: Process Virtual Memory: 93.02 MB used, 93.02 MB peak
[2019.08.21-13.57.46:811][  0]LogMemory: Physical Memory: 5291.36 MB used,  2791.23 MB free, 8082.59 MB total
[2019.08.21-13.57.46:811][  0]LogMemory: Virtual Memory: 554.95 MB used,  134217176.00 MB free, 134217728.00 MB total
[2019.08.21-13.57.46:837][  0]LogInit: Using OS detected language (zh-CN).
[2019.08.21-13.57.46:837][  0]LogInit: Using OS detected locale (zh-CN).
[2019.08.21-13.57.46:837][  0]LogTextLocalizationManager: No specific localization for 'zh-CN' exists, so the 'zh-Hans' localization will be used.
[2019.08.21-13.57.46:838][  0]LogTextLocalizationResource: LocRes '../../../Engine/Content/Localization/Editor/zh-Hans/Editor.locres' could not be opened for reading!
[2019.08.21-13.57.46:838][  0]LogTextLocalizationResource: LocRes '../../../Engine/Content/Localization/EditorTutorials/zh-Hans/EditorTutorials.locres' could not be opened for reading!
[2019.08.21-13.57.46:838][  0]LogTextLocalizationResource: LocRes '../../../Engine/Content/Localization/Keywords/zh-Hans/Keywords.locres' could not be opened for reading!
[2019.08.21-13.57.46:838][  0]LogTextLocalizationResource: LocRes '../../../Engine/Content/Localization/Category/zh-Hans/Category.locres' could not be opened for reading!
[2019.08.21-13.57.46:838][  0]LogTextLocalizationResource: LocRes '../../../Engine/Content/Localization/ToolTips/zh-Hans/ToolTips.locres' could not be opened for reading!
[2019.08.21-13.57.46:838][  0]LogTextLocalizationResource: LocRes '../../../Engine/Content/Localization/Engine/zh-Hans/Engine.locres' could not be opened for reading!
[2019.08.21-13.57.46:880][  0]LogTextLocalizationResource: LocRes '../../../Engine/Content/Localization/Editor/zh/Editor.locres' could not be opened for reading!
[2019.08.21-13.57.46:880][  0]LogTextLocalizationResource: LocRes '../../../Engine/Content/Localization/EditorTutorials/zh/EditorTutorials.locres' could not be opened for reading!
[2019.08.21-13.57.46:880][  0]LogTextLocalizationResource: LocRes '../../../Engine/Content/Localization/Keywords/zh/Keywords.locres' could not be opened for reading!
[2019.08.21-13.57.46:880][  0]LogTextLocalizationResource: LocRes '../../../Engine/Content/Localization/Category/zh/Category.locres' could not be opened for reading!
[2019.08.21-13.57.46:880][  0]LogTextLocalizationResource: LocRes '../../../Engine/Content/Localization/ToolTips/zh/ToolTips.locres' could not be opened for reading!
[2019.08.21-13.57.46:880][  0]LogTextLocalizationResource: LocRes '../../../Engine/Content/Localization/Engine/zh/Engine.locres' could not be opened for reading!
[2019.08.21-13.57.46:880][  0]LogTextLocalizationResource: LocRes '../../../Engine/Plugins/Online/Android/OnlineSubsystemGooglePlay/Content/Localization/OnlineSubsystemGooglePlay/zh/OnlineSubsystemGooglePlay.locres' could not be opened for reading!
[2019.08.21-13.57.46:880][  0]LogTextLocalizationResource: LocRes '../../../Engine/Plugins/Online/IOS/OnlineSubsystemIOS/Content/Localization/OnlineSubsystemIOS/zh/OnlineSubsystemIOS.locres' could not be opened for reading!
[2019.08.21-13.57.46:880][  0]LogTextLocalizationResource: LocRes '../../../Engine/Plugins/Online/OnlineSubsystem/Content/Localization/OnlineSubsystem/zh/OnlineSubsystem.locres' could not be opened for reading!
[2019.08.21-13.57.46:880][  0]LogTextLocalizationResource: LocRes '../../../Engine/Plugins/Online/OnlineSubsystemUtils/Content/Localization/OnlineSubsystemUtils/zh/OnlineSubsystemUtils.locres' could not be opened for reading!
[2019.08.21-13.57.46:933][  0]LogSlate: New Slate User Created.  User Index 0, Is Virtual User: 0
[2019.08.21-13.57.46:933][  0]LogSlate: Slate User Registered.  User Index 0, Is Virtual User: 0
[2019.08.21-13.57.46:969][  0]LogHMD: Failed to initialize OpenVR with code 110
[2019.08.21-13.57.46:969][  0]LogD3D11RHI: D3D11 adapters:
[2019.08.21-13.57.47:042][  0]LogD3D11RHI:    0. 'NVIDIA GeForce GTX 950M' (Feature Level 11_0)
[2019.08.21-13.57.47:043][  0]LogD3D11RHI:       2010/0/4041 MB DedicatedVideo/DedicatedSystem/SharedSystem, Outputs:1, VendorId:0x10de
[2019.08.21-13.57.47:051][  0]LogD3D11RHI:    1. 'Intel(R) HD Graphics 530' (Feature Level 11_0)
[2019.08.21-13.57.47:051][  0]LogD3D11RHI:       128/0/4041 MB DedicatedVideo/DedicatedSystem/SharedSystem, Outputs:0, VendorId:0x8086
[2019.08.21-13.57.47:053][  0]LogD3D11RHI:    2. 'Microsoft Basic Render Driver' (Feature Level 11_0)
[2019.08.21-13.57.47:053][  0]LogD3D11RHI:       0/0/4041 MB DedicatedVideo/DedicatedSystem/SharedSystem, Outputs:0, VendorId:0x1414
[2019.08.21-13.57.47:053][  0]LogD3D11RHI: Chosen D3D11 Adapter: 0
[2019.08.21-13.57.47:056][  0]LogD3D11RHI: Creating new Direct3DDevice
[2019.08.21-13.57.47:057][  0]LogD3D11RHI:     GPU DeviceId: 0x139a (for the marketing name, search the web for "GPU Device Id")
[2019.08.21-13.57.47:057][  0]LogWindows: EnumDisplayDevices:
[2019.08.21-13.57.47:057][  0]LogWindows:    0. 'Intel(R) HD Graphics 530' (P:1 D:1)
[2019.08.21-13.57.47:057][  0]LogWindows:    1. 'Intel(R) HD Graphics 530' (P:0 D:0)
[2019.08.21-13.57.47:058][  0]LogWindows:    2. 'Intel(R) HD Graphics 530' (P:0 D:0)
[2019.08.21-13.57.47:058][  0]LogWindows: DebugString: PrimaryIsNotTheChoosenAdapter PrimaryIsNotTheChoosenAdapter PrimaryIsNotTheChoosenAdapter FoundDriverCount:0 
[2019.08.21-13.57.47:058][  0]LogD3D11RHI:     Adapter Name: NVIDIA GeForce GTX 950M
[2019.08.21-13.57.47:058][  0]LogD3D11RHI:   Driver Version: Unknown (internal:Unknown, unified:Unknown)
[2019.08.21-13.57.47:058][  0]LogD3D11RHI:      Driver Date: Unknown
[2019.08.21-13.57.47:059][  0]LogRHI: Texture pool is 1407 MB (70% of 2010 MB)
[2019.08.21-13.57.47:105][  0]LogD3D11RHI: Async texture creation enabled
[2019.08.21-13.57.47:109][  0]LogRendererCore: FGlobalReadBuffer::InitRHI
[2019.08.21-13.57.47:109][  0]LogRendererCore: FGlobalReadBuffer::InitRHI
[2019.08.21-13.57.47:109][  0]LogRendererCore: FGlobalReadBuffer::InitRHI
[2019.08.21-13.57.47:121][  0]LogD3D11RHI: GPU Timing Frequency: 1000.000000 (Debug: 2 2)
[2019.08.21-13.57.47:951][  0]LogTemp: Display: Module 'WindowsClientTargetPlatform' loaded TargetPlatform 'WindowsClient'
[2019.08.21-13.57.47:967][  0]LogTemp: Display: Module 'WindowsNoEditorTargetPlatform' loaded TargetPlatform 'WindowsNoEditor'
[2019.08.21-13.57.47:983][  0]LogTemp: Display: Module 'WindowsServerTargetPlatform' loaded TargetPlatform 'WindowsServer'
[2019.08.21-13.57.47:990][  0]LogTemp: Display: Module 'WindowsTargetPlatform' loaded TargetPlatform 'Windows'
[2019.08.21-13.57.47:990][  0]LogTargetPlatformManager: Display: Building Assets For Windows
[2019.08.21-13.57.48:000][  0]LogAudioDebug: Display: Lib vorbis DLL was dynamically loaded.
[2019.08.21-13.57.48:050][  0]LogShaderCompilers: Guid format shader working directory is -12 characters bigger than the processId version (../../../../../university/github_file/Project-Nezha/Project_Nezha/Intermediate/Shaders/WorkingDirectory/14584/).
[2019.08.21-13.57.48:050][  0]LogShaderCompilers: Cleaned the shader compiler working directory 'C:/Users/Administrator/AppData/Local/Temp/UnrealShaderWorkingDir/04318E054585178074D9A6813D5EFA61/'.
[2019.08.21-13.57.48:053][  0]LogXGEController: Cannot use XGE Controller as Incredibuild is not installed on this machine.
[2019.08.21-13.57.48:053][  0]LogShaderCompilers: Cannot use XGE Shader Compiler as Incredibuild is not installed on this machine.
[2019.08.21-13.57.48:053][  0]LogShaderCompilers: Display: Using Local Shader Compiler.
[2019.08.21-13.57.48:743][  0]LogDerivedDataCache: Display: Max Cache Size: 512 MB
[2019.08.21-13.57.48:801][  0]LogDerivedDataCache: Loaded boot cache 0.06s 71MB C:/Users/Administrator/AppData/Local/UnrealEngine/4.22/DerivedDataCache/Boot.ddc.
[2019.08.21-13.57.48:801][  0]LogDerivedDataCache: Display: Loaded Boot cache: C:/Users/Administrator/AppData/Local/UnrealEngine/4.22/DerivedDataCache/Boot.ddc
[2019.08.21-13.57.48:802][  0]LogDerivedDataCache: FDerivedDataBackendGraph:  Pak pak cache file ../../../../../university/github_file/Project-Nezha/Project_Nezha/DerivedDataCache/DDC.ddp not found, will not use a pak cache.
[2019.08.21-13.57.48:802][  0]LogDerivedDataCache: Unable to find inner node Pak for hierarchical cache Hierarchy.
[2019.08.21-13.57.48:802][  0]LogDerivedDataCache: FDerivedDataBackendGraph:  CompressedPak pak cache file ../../../../../university/github_file/Project-Nezha/Project_Nezha/DerivedDataCache/Compressed.ddp not found, will not use a pak cache.
[2019.08.21-13.57.48:802][  0]LogDerivedDataCache: Unable to find inner node CompressedPak for hierarchical cache Hierarchy.
[2019.08.21-13.57.48:817][  0]LogDerivedDataCache: Display: Pak cache opened for reading ../../../Engine/DerivedDataCache/Compressed.ddp.
[2019.08.21-13.57.48:818][  0]LogDerivedDataCache: FDerivedDataBackendGraph:  EnterprisePak pak cache file ../../../Enterprise/DerivedDataCache/Compressed.ddp not found, will not use a pak cache.
[2019.08.21-13.57.48:818][  0]LogDerivedDataCache: Unable to find inner node EnterprisePak for hierarchical cache Hierarchy.
[2019.08.21-13.57.48:830][  0]LogDerivedDataCache: Using Local data cache path C:/Users/Administrator/AppData/Local/UnrealEngine/Common/DerivedDataCache: Writable
[2019.08.21-13.57.48:830][  0]LogDerivedDataCache: Shared data cache path not found in *engine.ini, will not use an Shared cache.
[2019.08.21-13.57.48:830][  0]LogDerivedDataCache: Unable to find inner node Shared for hierarchical cache Hierarchy.
[2019.08.21-13.57.48:858][  0]LogMaterial: Verifying Global Shaders for PCD3D_SM5
[2019.08.21-13.57.48:889][  0]LogSlate: Using FreeType 2.6.0
[2019.08.21-13.57.48:889][  0]LogSlate: SlateFontServices - WITH_FREETYPE: 1, WITH_HARFBUZZ: 1
[2019.08.21-13.57.49:024][  0]LogWindowsTextInputMethodSystem: Display: IME system now deactivated.
[2019.08.21-13.57.49:165][  0]LogInit: Using OS detected language (zh-CN).
[2019.08.21-13.57.49:165][  0]LogInit: Using OS detected locale (zh-CN).
[2019.08.21-13.57.49:166][  0]LogTextLocalizationManager: No localization for 'zh-CN' exists, so 'en' will be used for the language.
[2019.08.21-13.57.49:166][  0]LogTextLocalizationManager: No localization for 'zh-CN' exists, so 'en' will be used for the locale.
[2019.08.21-13.57.49:166][  0]LogSlate: FontCache flush requested. Reason: Culture for localization was changed
[2019.08.21-13.57.49:166][  0]LogSlate: FontCache flush requested. Reason: Culture for localization was changed
[2019.08.21-13.57.49:172][  0]LogTextLocalizationManager: Compacting localization data took   0.02ms
[2019.08.21-13.57.49:194][  0]LogAssetRegistry: FAssetRegistry took 0.0128 seconds to start up
[2019.08.21-13.57.49:433][  0]LogPackageLocalizationCache: Processed 10 localized package path(s) for 1 prioritized culture(s) in 0.000567 seconds
[2019.08.21-13.57.49:581][  0]LogInit: Selected Device Profile: [Windows]
[2019.08.21-13.57.49:733][  0]LogMeshReduction: Using QuadricMeshReduction for automatic static mesh reduction
[2019.08.21-13.57.49:733][  0]LogMeshReduction: Using SimplygonMeshReduction for automatic skeletal mesh reduction
[2019.08.21-13.57.49:733][  0]LogMeshReduction: Using ProxyLODMeshReduction for automatic mesh merging
[2019.08.21-13.57.49:733][  0]LogMeshReduction: No distributed automatic mesh merging module available
[2019.08.21-13.57.49:733][  0]LogMeshMerging: No distributed automatic mesh merging module available
[2019.08.21-13.57.49:744][  0]LogNetVersion: Project_Nezha 1.0.0, NetCL: 5660361, EngineNetVer: 10, GameNetVer: 0 (Checksum: 5268980)
[2019.08.21-13.57.50:338][  0]LogMoviePlayer: Initializing movie player
[2019.08.21-13.57.50:558][  0]LogTcpMessaging: Initializing TcpMessaging bridge
[2019.08.21-13.57.50:571][  0]LogUdpMessaging: Initializing bridge on interface 0.0.0.0:0 to multicast group 230.0.0.1:6666.
[2019.08.21-13.57.50:572][  0]FUdpSocketBuilder: Failed to bind UdpMessageMulticastSocket to 0.0.0.0:6666
[2019.08.21-13.57.50:572][  0]FUdpSocketBuilder: Failed to configure multicast for UdpMessageMulticastSocket (loopback: 1, ttl: 1)
[2019.08.21-13.57.50:572][  0]FUdpSocketBuilder: Failed to create and initialize socket UdpMessageMulticastSocket (last error: 0)
[2019.08.21-13.57.50:572][  0]LogUdpMessaging: Warning: StartTransport failed to create multicast socket on 0.0.0.0:0, joined to 230.0.0.1:6666 with TTL 1
[2019.08.21-13.57.50:688][  0]SourceControl: Source control is disabled
[2019.08.21-13.57.50:688][  0]SourceControl: Source control is disabled
[2019.08.21-13.57.50:691][  0]SourceControl: Source control is disabled
[2019.08.21-13.57.50:760][  0]LogAndroidPermission: UAndroidPermissionCallbackProxy::GetInstance
[2019.08.21-13.57.50:828][  0]LogOcInput: OculusInput pre-init called
[2019.08.21-13.57.50:853][  0]LogUObjectArray: 46459 objects as part of root set at end of initial load.
[2019.08.21-13.57.50:854][  0]LogUObjectAllocator: 8159704 out of 0 bytes used by permanent object pool.
[2019.08.21-13.57.50:854][  0]LogUObjectArray: CloseDisregardForGC: 0/0 objects in disregard for GC pool
[2019.08.21-13.57.51:049][  0]LogEngine: Initializing Engine...
[2019.08.21-13.57.51:050][  0]LogHMD: Failed to initialize OpenVR with code 110
[2019.08.21-13.57.51:062][  0]LogStats: UGameplayTagsManager::InitializeManager -  0.000 s
[2019.08.21-13.57.51:247][  0]LogInit: Initializing FReadOnlyCVARCache
[2019.08.21-13.57.51:257][  0]LogInit: XAudio2 using '扬声器 (Realtek High Definition Audio)' : 2 channels at 48 kHz using 32 bits per sample (channel mask 0x3)
[2019.08.21-13.57.51:287][  0]LogInit: FAudioDevice initialized.
[2019.08.21-13.57.51:298][  0]LogNetVersion: Set ProjectVersion to 1.0.0.0. Version Checksum will be recalculated on next use.
[2019.08.21-13.57.51:299][  0]LogInit: Texture streaming: Enabled
[2019.08.21-13.57.51:694][  0]LogSlate: Updating window title bar state: overlay mode, drag disabled, window buttons hidden, title bar hidden
[2019.08.21-13.57.51:694][  0]LogInit: Display: Game Engine Initialized.
[2019.08.21-13.57.51:786][  0]LogInit: Display: Starting Game.
[2019.08.21-13.57.51:786][  0]LogNet: Browse: /Game/ThirdPersonBP/Maps/MainMenu?Name=Player
[2019.08.21-13.57.51:786][  0]LogLoad: LoadMap: /Game/ThirdPersonBP/Maps/MainMenu?Name=Player
[2019.08.21-13.57.51:817][  0]LogUObjectHash: Compacting FUObjectHashTables data took   1.53ms
[2019.08.21-13.57.51:966][  0]LogBlueprint: Warning: [Compiler combo1] idle to dodge_F  will never be taken, please connect something to  Can Enter Transition
[2019.08.21-13.57.51:967][  0]LogBlueprint: Warning: [Compiler combo1] idle to dodge_B  will never be taken, please connect something to  Can Enter Transition
[2019.08.21-13.57.51:967][  0]LogBlueprint: Warning: [Compiler combo1] idle to dodge_L  will never be taken, please connect something to  Can Enter Transition
[2019.08.21-13.57.51:967][  0]LogBlueprint: Warning: [Compiler combo1] idle to dodge_R  will never be taken, please connect something to  Can Enter Transition
[2019.08.21-13.57.51:967][  0]LogBlueprint: Warning: [Compiler combo1] run/walk to dodge_F  will never be taken, please connect something to  Can Enter Transition
[2019.08.21-13.57.51:967][  0]LogBlueprint: Warning: [Compiler combo1] run/walk to dodge_B  will never be taken, please connect something to  Can Enter Transition
[2019.08.21-13.57.51:967][  0]LogBlueprint: Warning: [Compiler combo1] run/walk to dodge_L  will never be taken, please connect something to  Can Enter Transition
[2019.08.21-13.57.51:967][  0]LogBlueprint: Warning: [Compiler combo1] run/walk to dodge_R  will never be taken, please connect something to  Can Enter Transition
[2019.08.21-13.57.52:020][  0]LogBlueprint: Warning: [Compiler combo1] [0006.81] Compile of combo1 successful, but with 8 Warning(s) [in 100 ms] (/Game/ThirdPersonBP/combo1.combo1)
[2019.08.21-13.57.52:190][  0]LogAIModule: Creating AISystem for world MainMenu
[2019.08.21-13.57.52:193][  0]LogLoad: Game class is 'ThirdPersonGameMode_C'
[2019.08.21-13.57.52:236][  0]LogWorld: Bringing World /Game/ThirdPersonBP/Maps/MainMenu.MainMenu up for play (max tick rate 0) at 2019.08.21-23.57.52
[2019.08.21-13.57.52:237][  0]LogWorld: Bringing up level for play took: 0.012233
[2019.08.21-13.57.52:252][  0]LogPlayerController: Error: InputMode:UIOnly - Attempting to focus Non-Focusable widget SObjectWidget [Widget.cpp(710)]!
[2019.08.21-13.57.52:252][  0]LogLoad: Took 0.465535 seconds to LoadMap(/Game/ThirdPersonBP/Maps/MainMenu)
[2019.08.21-13.57.52:320][  0]LogRenderer: Reallocating scene render targets to support 1280x720 Format 10 NumSamples 1 (Frame:1).
[2019.08.21-13.57.52:320][  0]LogLoad: (Engine Initialization) Total time: 7.11 seconds
[2019.08.21-13.57.52:320][  0]LogLoad: (Engine Initialization) Total Blueprint compile time: 0.00 seconds
[2019.08.21-13.57.52:366][  0]LogContentStreaming: Texture pool size now 1000 MB
[2019.08.21-13.57.52:604][  0]LogRenderer: Reallocating scene render targets to support 128x128 Format 10 NumSamples 1 (Frame:1).
[2019.08.21-13.57.52:642][  0]LogRenderer: Reallocating scene render targets to support 1280x720 Format 10 NumSamples 1 (Frame:2).
[2019.08.21-13.58.21:990][818]LogSlate: FSceneViewport::OnFocusLost() reason 0
[2019.08.21-13.58.22:292][824]LogPackageName: SearchForPackageOnDisk took   0.187s to resolve Level1.umap.
[2019.08.21-13.58.22:469][824]LogPackageName: SearchForPackageOnDisk took   0.177s to resolve Level1.umap.
[2019.08.21-13.58.22:469][824]LogNet: Browse: /Game/ThirdPersonBP/Maps/Level1
[2019.08.21-13.58.22:469][824]LogLoad: LoadMap: /Game/ThirdPersonBP/Maps/Level1
[2019.08.21-13.58.22:634][824]LogUObjectHash: Compacting FUObjectHashTables data took   7.19ms
[2019.08.21-13.58.22:923][824]LogBlueprint: Warning: [Compiler combo1] idle to dodge_F  will never be taken, please connect something to  Can Enter Transition
[2019.08.21-13.58.22:923][824]LogBlueprint: Warning: [Compiler combo1] idle to dodge_B  will never be taken, please connect something to  Can Enter Transition
[2019.08.21-13.58.22:923][824]LogBlueprint: Warning: [Compiler combo1] idle to dodge_L  will never be taken, please connect something to  Can Enter Transition
[2019.08.21-13.58.22:923][824]LogBlueprint: Warning: [Compiler combo1] idle to dodge_R  will never be taken, please connect something to  Can Enter Transition
[2019.08.21-13.58.22:924][824]LogBlueprint: Warning: [Compiler combo1] run/walk to dodge_F  will never be taken, please connect something to  Can Enter Transition
[2019.08.21-13.58.22:924][824]LogBlueprint: Warning: [Compiler combo1] run/walk to dodge_B  will never be taken, please connect something to  Can Enter Transition
[2019.08.21-13.58.22:924][824]LogBlueprint: Warning: [Compiler combo1] run/walk to dodge_L  will never be taken, please connect something to  Can Enter Transition
[2019.08.21-13.58.22:924][824]LogBlueprint: Warning: [Compiler combo1] run/walk to dodge_R  will never be taken, please connect something to  Can Enter Transition
[2019.08.21-13.58.23:028][824]LogBlueprint: Warning: [Compiler combo1] [0037.82] Compile of combo1 successful, but with 8 Warning(s) [in 194 ms] (/Game/ThirdPersonBP/combo1.combo1)
[2019.08.21-13.58.23:214][824]LogAIModule: Creating AISystem for world Level1
[2019.08.21-13.58.23:219][824]LogLoad: Game class is 'ThirdPersonGameMode_C'
[2019.08.21-13.58.23:230][824]LogWorld: Bringing World /Game/ThirdPersonBP/Maps/Level1.Level1 up for play (max tick rate 0) at 2019.08.21-23.58.23
[2019.08.21-13.58.23:231][824]LogWorld: Bringing up level for play took: 0.010674
[2019.08.21-13.58.23:233][824]LogLoad: Took 0.764029 seconds to LoadMap(/Game/ThirdPersonBP/Maps/Level1)
[2019.08.21-13.58.25:853][975]LogPlayerController: Error: InputMode:UIOnly - Attempting to focus Non-Focusable widget SObjectWidget [Widget.cpp(710)]!
[2019.08.21-13.58.27:094][ 52]LogSlate: FSceneViewport::OnFocusLost() reason 0
[2019.08.21-13.58.27:191][ 58]LogNet: Browse: /Game/ThirdPersonBP/Maps/Level1
[2019.08.21-13.58.27:191][ 58]LogLoad: LoadMap: /Game/ThirdPersonBP/Maps/Level1
[2019.08.21-13.58.27:250][ 58]LogUObjectHash: Compacting FUObjectHashTables data took   1.01ms
[2019.08.21-13.58.27:476][ 58]LogBlueprint: Warning: [Compiler combo1] idle to dodge_F  will never be taken, please connect something to  Can Enter Transition
[2019.08.21-13.58.27:477][ 58]LogBlueprint: Warning: [Compiler combo1] idle to dodge_B  will never be taken, please connect something to  Can Enter Transition
[2019.08.21-13.58.27:477][ 58]LogBlueprint: Warning: [Compiler combo1] idle to dodge_L  will never be taken, please connect something to  Can Enter Transition
[2019.08.21-13.58.27:477][ 58]LogBlueprint: Warning: [Compiler combo1] idle to dodge_R  will never be taken, please connect something to  Can Enter Transition
[2019.08.21-13.58.27:477][ 58]LogBlueprint: Warning: [Compiler combo1] run/walk to dodge_F  will never be taken, please connect something to  Can Enter Transition
[2019.08.21-13.58.27:477][ 58]LogBlueprint: Warning: [Compiler combo1] run/walk to dodge_B  will never be taken, please connect something to  Can Enter Transition
[2019.08.21-13.58.27:477][ 58]LogBlueprint: Warning: [Compiler combo1] run/walk to dodge_L  will never be taken, please connect something to  Can Enter Transition
[2019.08.21-13.58.27:477][ 58]LogBlueprint: Warning: [Compiler combo1] run/walk to dodge_R  will never be taken, please connect something to  Can Enter Transition
[2019.08.21-13.58.27:567][ 58]LogBlueprint: Warning: [Compiler combo1] [0042.36] Compile of combo1 successful, but with 8 Warning(s) [in 167 ms] (/Game/ThirdPersonBP/combo1.combo1)
[2019.08.21-13.58.27:798][ 58]LogAIModule: Creating AISystem for world Level1
[2019.08.21-13.58.27:803][ 58]LogLoad: Game class is 'ThirdPersonGameMode_C'
[2019.08.21-13.58.27:808][ 58]LogWorld: Bringing World /Game/ThirdPersonBP/Maps/Level1.Level1 up for play (max tick rate 0) at 2019.08.21-23.58.27
[2019.08.21-13.58.27:808][ 58]LogWorld: Bringing up level for play took: 0.004169
[2019.08.21-13.58.27:812][ 58]LogLoad: Took 0.620432 seconds to LoadMap(/Game/ThirdPersonBP/Maps/Level1)
[2019.08.21-13.58.29:250][139]LogPlayerController: Error: InputMode:UIOnly - Attempting to focus Non-Focusable widget SObjectWidget [Widget.cpp(710)]!
[2019.08.21-13.58.30:362][208]LogSlate: FSceneViewport::OnFocusLost() reason 0
[2019.08.21-13.58.30:597][213]LogPackageName: SearchForPackageOnDisk took   0.154s to resolve MainMenu.umap.
[2019.08.21-13.58.30:752][213]LogPackageName: SearchForPackageOnDisk took   0.155s to resolve MainMenu.umap.
[2019.08.21-13.58.30:752][213]LogNet: Browse: /Game/ThirdPersonBP/Maps/MainMenu
[2019.08.21-13.58.30:752][213]LogLoad: LoadMap: /Game/ThirdPersonBP/Maps/MainMenu
[2019.08.21-13.58.30:811][213]LogUObjectHash: Compacting FUObjectHashTables data took   1.01ms
[2019.08.21-13.58.31:038][213]LogBlueprint: Warning: [Compiler combo1] idle to dodge_F  will never be taken, please connect something to  Can Enter Transition
[2019.08.21-13.58.31:039][213]LogBlueprint: Warning: [Compiler combo1] idle to dodge_B  will never be taken, please connect something to  Can Enter Transition
[2019.08.21-13.58.31:039][213]LogBlueprint: Warning: [Compiler combo1] idle to dodge_L  will never be taken, please connect something to  Can Enter Transition
[2019.08.21-13.58.31:039][213]LogBlueprint: Warning: [Compiler combo1] idle to dodge_R  will never be taken, please connect something to  Can Enter Transition
[2019.08.21-13.58.31:039][213]LogBlueprint: Warning: [Compiler combo1] run/walk to dodge_F  will never be taken, please connect something to  Can Enter Transition
[2019.08.21-13.58.31:039][213]LogBlueprint: Warning: [Compiler combo1] run/walk to dodge_B  will never be taken, please connect something to  Can Enter Transition
[2019.08.21-13.58.31:039][213]LogBlueprint: Warning: [Compiler combo1] run/walk to dodge_L  will never be taken, please connect something to  Can Enter Transition
[2019.08.21-13.58.31:039][213]LogBlueprint: Warning: [Compiler combo1] run/walk to dodge_R  will never be taken, please connect something to  Can Enter Transition
[2019.08.21-13.58.31:124][213]LogBlueprint: Warning: [Compiler combo1] [0045.91] Compile of combo1 successful, but with 8 Warning(s) [in 163 ms] (/Game/ThirdPersonBP/combo1.combo1)
[2019.08.21-13.58.31:265][213]LogAIModule: Creating AISystem for world MainMenu
[2019.08.21-13.58.31:269][213]LogLoad: Game class is 'ThirdPersonGameMode_C'
[2019.08.21-13.58.31:273][213]LogWorld: Bringing World /Game/ThirdPersonBP/Maps/MainMenu.MainMenu up for play (max tick rate 0) at 2019.08.21-23.58.31
[2019.08.21-13.58.31:273][213]LogWorld: Bringing up level for play took: 0.002996
[2019.08.21-13.58.31:275][213]LogPlayerController: Error: InputMode:UIOnly - Attempting to focus Non-Focusable widget SObjectWidget [Widget.cpp(710)]!
[2019.08.21-13.58.31:275][213]LogLoad: Took 0.523354 seconds to LoadMap(/Game/ThirdPersonBP/Maps/MainMenu)
[2019.08.21-13.58.37:176][569]LogSlate: FSceneViewport::OnFocusLost() reason 0
[2019.08.21-13.58.38:192][632]Closing by request
[2019.08.21-13.58.38:213][632]LogWindows: FPlatformMisc::RequestExit(0)
[2019.08.21-13.58.39:137][633]LogSlate: Window 'Project_Nezha (64-bit Development PCD3D_SM5) ' being destroyed
[2019.08.21-13.58.39:139][633]LogWindowsTextInputMethodSystem: Display: IME system now deactivated.
[2019.08.21-13.58.39:146][633]LogWindowsTextInputMethodSystem: Display: IME system now deactivated.
[2019.08.21-13.58.39:186][633]LogExit: Preparing to exit.
[2019.08.21-13.58.39:186][633]LogMoviePlayer: Shutting down movie player
[2019.08.21-13.58.39:947][633]LogSlate: Updating window title bar state: overlay mode, drag disabled, window buttons hidden, title bar hidden
[2019.08.21-13.58.40:111][633]LogExit: Game engine shut down
[2019.08.21-13.58.41:339][633]LogExit: Object subsystem successfully closed.
[2019.08.21-13.58.41:578][633]LogShaderCompilers: Display: Shaders left to compile 0
[2019.08.21-13.58.41:604][633]LogD3D11RHI: Shutdown
[2019.08.21-13.58.41:604][633]LogD3D11RHI: CleanupD3DDevice
[2019.08.21-13.58.41:624][633]LogRendererCore: FGlobalReadBuffer::ReleaseRHI
[2019.08.21-13.58.41:624][633]LogRendererCore: FGlobalDynamicReadBuffer::Cleanup()
[2019.08.21-13.58.41:634][633]LogRendererCore: FGlobalReadBuffer::ReleaseRHI
[2019.08.21-13.58.41:634][633]LogRendererCore: FGlobalDynamicReadBuffer::Cleanup()
[2019.08.21-13.58.41:634][633]LogRendererCore: FGlobalReadBuffer::ReleaseRHI
[2019.08.21-13.58.41:634][633]LogRendererCore: FGlobalDynamicReadBuffer::Cleanup()
[2019.08.21-13.58.41:742][633]LogD3D11RHI: ~FD3D11DynamicRHI
[2019.08.21-13.58.42:539][633]LogModuleManager: Shutting down and abandoning module SequenceRecorderSections (398)
[2019.08.21-13.58.42:548][633]LogModuleManager: Shutting down and abandoning module SequenceRecorder (396)
[2019.08.21-13.58.42:560][633]LogModuleManager: Shutting down and abandoning module AutomationController (394)
[2019.08.21-13.58.42:612][633]LogModuleManager: Shutting down and abandoning module AutomationWorker (392)
[2019.08.21-13.58.42:621][633]LogModuleManager: Shutting down and abandoning module Voice (390)
[2019.08.21-13.58.42:629][633]LogModuleManager: Shutting down and abandoning module AIModule (388)
[2019.08.21-13.58.42:639][633]LogModuleManager: Shutting down and abandoning module GameplayDebugger (387)
[2019.08.21-13.58.42:654][633]LogModuleManager: Shutting down and abandoning module AITestSuite (385)
[2019.08.21-13.58.42:670][633]LogModuleManager: Shutting down and abandoning module NavigationSystem (383)
[2019.08.21-13.58.42:670][633]LogModuleManager: Shutting down and abandoning module OculusMR (380)
[2019.08.21-13.58.42:670][633]LogModuleManager: Shutting down and abandoning module WmfMediaFactory (378)
[2019.08.21-13.58.42:670][633]LogModuleManager: Shutting down and abandoning module WebMMediaFactory (376)
[2019.08.21-13.58.42:670][633]LogModuleManager: Shutting down and abandoning module WebMMedia (374)
[2019.08.21-13.58.42:679][633]LogModuleManager: Shutting down and abandoning module OpenExrWrapper (372)
[2019.08.21-13.58.42:679][633]LogModuleManager: Shutting down and abandoning module ImgMediaFactory (370)
[2019.08.21-13.58.42:679][633]LogModuleManager: Shutting down and abandoning module AvfMediaFactory (368)
[2019.08.21-13.58.42:679][633]LogModuleManager: Shutting down and abandoning module MagicLeapCameraPreviewFactory (366)
[2019.08.21-13.58.42:679][633]LogModuleManager: Shutting down and abandoning module MagicLeapMediaCodecFactory (364)
[2019.08.21-13.58.42:679][633]LogModuleManager: Shutting down and abandoning module MagicLeapMediaFactory (362)
[2019.08.21-13.58.42:679][633]LogModuleManager: Shutting down and abandoning module CharacterAI (360)
[2019.08.21-13.58.42:679][633]LogModuleManager: Shutting down and abandoning module SessionServices (358)
[2019.08.21-13.58.42:679][633]LogModuleManager: Shutting down and abandoning module MovieSceneCapture (356)
[2019.08.21-13.58.42:679][633]LogModuleManager: Shutting down and abandoning module LiveCoding (354)
[2019.08.21-13.58.42:688][633]LogModuleManager: Shutting down and abandoning module LevelSequence (352)
[2019.08.21-13.58.42:688][633]LogModuleManager: Shutting down and abandoning module MovieSceneTracks (350)
[2019.08.21-13.58.42:688][633]LogModuleManager: Shutting down and abandoning module MovieScene (348)
[2019.08.21-13.58.42:688][633]LogModuleManager: Shutting down and abandoning module StreamingPauseRendering (346)
[2019.08.21-13.58.42:698][633]LogModuleManager: Shutting down and abandoning module PortalServices (344)
[2019.08.21-13.58.42:698][633]LogModuleManager: Shutting down and abandoning module PortalRpc (342)
[2019.08.21-13.58.42:698][633]LogModuleManager: Shutting down and abandoning module MessagingRpc (340)
[2019.08.21-13.58.42:698][633]LogModuleManager: Shutting down and abandoning module ImageWriteQueue (338)
[2019.08.21-13.58.42:702][633]LogModuleManager: Shutting down and abandoning module ProfilerService (336)
[2019.08.21-13.58.42:940][633]LogModuleManager: Shutting down and abandoning module TaskGraph (334)
[2019.08.21-13.58.42:961][633]LogModuleManager: Shutting down and abandoning module SteamVRController (332)
[2019.08.21-13.58.42:961][633]LogModuleManager: Shutting down and abandoning module ProceduralMeshComponent (330)
[2019.08.21-13.58.42:961][633]LogModuleManager: Shutting down and abandoning module OculusInput (328)
[2019.08.21-13.58.42:961][633]LogModuleManager: Shutting down and abandoning module MobilePatchingUtils (326)
[2019.08.21-13.58.42:961][633]LogModuleManager: Shutting down and abandoning module EditableMesh (324)
[2019.08.21-13.58.42:975][633]LogModuleManager: Shutting down and abandoning module CustomMeshComponent (322)
[2019.08.21-13.58.42:975][633]LogModuleManager: Shutting down and abandoning module CableComponent (320)
[2019.08.21-13.58.42:988][633]LogModuleManager: Shutting down and abandoning module AudioCapture (318)
[2019.08.21-13.58.42:988][633]LogModuleManager: Shutting down and abandoning module ArchVisCharacter (316)
[2019.08.21-13.58.42:988][633]LogModuleManager: Shutting down and abandoning module AndroidPermission (314)
[2019.08.21-13.58.42:988][633]LogModuleManager: Shutting down and abandoning module NUTUnrealEngine4 (312)
[2019.08.21-13.58.42:995][633]LogModuleManager: Shutting down and abandoning module NetcodeUnitTest (310)
[2019.08.21-13.58.42:998][633]LogModuleManager: Shutting down and abandoning module MediaCompositing (308)
[2019.08.21-13.58.42:998][633]LogModuleManager: Shutting down and abandoning module LinearTimecode (306)
[2019.08.21-13.58.42:998][633]LogModuleManager: Shutting down and abandoning module ImgMedia (304)
[2019.08.21-13.58.42:998][633]LogModuleManager: Shutting down and abandoning module MagicLeapHelperVulkan (302)
[2019.08.21-13.58.42:998][633]LogModuleManager: Shutting down and abandoning module MagicLeapHelperOpenGL (300)
[2019.08.21-13.58.43:012][633]LogModuleManager: Shutting down and abandoning module MagicLeapAudio (298)
[2019.08.21-13.58.43:017][633]LogModuleManager: Shutting down and abandoning module HTML5Networking (296)
[2019.08.21-13.58.43:017][633]LogModuleManager: Shutting down and abandoning module GeometryCacheTracks (294)
[2019.08.21-13.58.43:017][633]LogModuleManager: Shutting down and abandoning module GeometryCacheSequencer (293)
[2019.08.21-13.58.43:017][633]LogModuleManager: Shutting down and abandoning module GeometryCache (290)
[2019.08.21-13.58.43:017][633]LogModuleManager: Shutting down and abandoning module GeometryCacheEd (289)
[2019.08.21-13.58.43:017][633]LogModuleManager: Shutting down and abandoning module BackChannel (286)
[2019.08.21-13.58.43:026][633]LogModuleManager: Shutting down and abandoning module AppleVision (284)
[2019.08.21-13.58.43:026][633]LogModuleManager: Shutting down and abandoning module AppleImageUtilsBlueprintSupport (282)
[2019.08.21-13.58.43:026][633]LogModuleManager: Shutting down and abandoning module AppleImageUtils (280)
[2019.08.21-13.58.43:026][633]LogModuleManager: Shutting down and abandoning module VariantManagerContent (278)
[2019.08.21-13.58.43:026][633]LogModuleManager: Shutting down and abandoning module CryptoKeysOpenSSL (276)
[2019.08.21-13.58.43:026][633]LogModuleManager: Shutting down and abandoning module CryptoKeys (274)
[2019.08.21-13.58.43:026][633]LogModuleManager: Shutting down and abandoning module VisualStudioSourceCodeAccess (272)
[2019.08.21-13.58.43:042][633]LogModuleManager: Shutting down and abandoning module HotReload (271)
[2019.08.21-13.58.43:057][633]LogModuleManager: Shutting down and abandoning module DirectoryWatcher (270)
[2019.08.21-13.58.43:057][633]LogModuleManager: Shutting down and abandoning module VisualStudioCodeSourceCodeAccess (266)
[2019.08.21-13.58.43:057][633]LogModuleManager: Shutting down and abandoning module UObjectPlugin (264)
[2019.08.21-13.58.43:057][633]LogModuleManager: Shutting down and abandoning module SubversionSourceControl (262)
[2019.08.21-13.58.43:102][633]LogModuleManager: Shutting down and abandoning module PerforceSourceControl (260)
[2019.08.21-13.58.43:118][633]LogModuleManager: Shutting down and abandoning module SourceControl (259)
[2019.08.21-13.58.43:124][633]LogModuleManager: Shutting down and abandoning module CLionSourceCodeAccess (256)
[2019.08.21-13.58.43:124][633]LogModuleManager: Shutting down and abandoning module ActorLayerUtilities (254)
[2019.08.21-13.58.43:124][633]LogModuleManager: Shutting down and abandoning module SignificanceManager (252)
[2019.08.21-13.58.43:124][633]LogModuleManager: Shutting down and abandoning module RuntimePhysXCooking (250)
[2019.08.21-13.58.43:124][633]LogModuleManager: Shutting down and abandoning module PhysXVehiclesEditor (248)
[2019.08.21-13.58.43:124][633]LogModuleManager: Shutting down and abandoning module PhysXVehicles (246)
[2019.08.21-13.58.43:124][633]LogModuleManager: Shutting down and abandoning module LocationServicesBPLibrary (244)
[2019.08.21-13.58.43:124][633]LogModuleManager: Shutting down and abandoning module ActorSequence (242)
[2019.08.21-13.58.43:124][633]LogModuleManager: Shutting down and abandoning module UdpMessaging (240)
[2019.08.21-13.58.43:236][633]LogModuleManager: Shutting down and abandoning module TcpMessaging (238)
[2019.08.21-13.58.43:350][633]LogModuleManager: Shutting down and abandoning module MagicLeapIdentity (236)
[2019.08.21-13.58.43:350][633]LogModuleManager: Shutting down and abandoning module MagicLeapSecureStorage (234)
[2019.08.21-13.58.43:350][633]LogModuleManager: Shutting down and abandoning module MagicLeapHandTracking (232)
[2019.08.21-13.58.43:366][633]LogModuleManager: Shutting down and abandoning module MagicLeapEyeTracker (230)
[2019.08.21-13.58.43:366][633]LogModuleManager: Shutting down and abandoning module MagicLeapController (228)
[2019.08.21-13.58.43:375][633]LogSlate: Slate User Destroyed.  User Index 0, Is Virtual User: 0
[2019.08.21-13.58.43:375][633]LogModuleManager: Shutting down and abandoning module MagicLeapAR (226)
[2019.08.21-13.58.43:375][633]LogModuleManager: Shutting down and abandoning module AugmentedReality (225)
[2019.08.21-13.58.43:375][633]LogModuleManager: Shutting down and abandoning module GameplayTagsEditor (222)
[2019.08.21-13.58.43:375][633]LogModuleManager: Shutting down and abandoning module FacialAnimation (220)
[2019.08.21-13.58.43:375][633]LogModuleManager: Shutting down and abandoning module DataValidation (218)
[2019.08.21-13.58.43:375][633]LogModuleManager: Shutting down and abandoning module AssetManagerEditor (216)
[2019.08.21-13.58.43:407][633]LogModuleManager: Shutting down and abandoning module TreeMap (215)
[2019.08.21-13.58.43:420][633]LogModuleManager: Shutting down and abandoning module AnimationSharing (212)
[2019.08.21-13.58.43:420][633]LogModuleManager: Shutting down and abandoning module LightPropagationVolumeRuntime (210)
[2019.08.21-13.58.43:420][633]LogModuleManager: Shutting down and abandoning module AISupportModule (208)
[2019.08.21-13.58.43:420][633]LogModuleManager: Shutting down and abandoning module Paper2D (206)
[2019.08.21-13.58.43:424][633]LogModuleManager: Shutting down and abandoning module WindowsMoviePlayer (204)
[2019.08.21-13.58.43:434][633]LogModuleManager: Shutting down and abandoning module WebMMoviePlayer (202)
[2019.08.21-13.58.43:450][633]LogModuleManager: Shutting down and abandoning module PacketHandler (200)
[2019.08.21-13.58.43:450][633]LogModuleManager: Shutting down and abandoning module ClothingSystemEditor (198)
[2019.08.21-13.58.43:450][633]LogModuleManager: Shutting down and abandoning module ClothingSystemRuntime (196)
[2019.08.21-13.58.43:458][633]LogModuleManager: Shutting down and abandoning module MediaAssets (194)
[2019.08.21-13.58.43:458][633]LogModuleManager: Shutting down and abandoning module Overlay (192)
[2019.08.21-13.58.43:458][633]LogModuleManager: Shutting down and abandoning module OverlayEditor (191)
[2019.08.21-13.58.43:458][633]LogModuleManager: Shutting down and abandoning module VREditor (188)
[2019.08.21-13.58.43:474][633]LogModuleManager: Shutting down and abandoning module StringTableEditor (186)
[2019.08.21-13.58.43:498][633]LogModuleManager: Shutting down and abandoning module GameplayTasksEditor (184)
[2019.08.21-13.58.43:499][633]LogModuleManager: Shutting down and abandoning module BehaviorTreeEditor (182)
[2019.08.21-13.58.43:523][633]LogModuleManager: Shutting down and abandoning module FunctionalTesting (180)
[2019.08.21-13.58.43:532][633]LogModuleManager: Shutting down and abandoning module CollisionAnalyzer (178)
[2019.08.21-13.58.43:591][633]LogModuleManager: Shutting down and abandoning module WorkspaceMenuStructure (177)
[2019.08.21-13.58.43:591][633]LogModuleManager: Shutting down and abandoning module UMG (174)
[2019.08.21-13.58.43:591][633]LogModuleManager: Shutting down and abandoning module UMGEditor (173)
[2019.08.21-13.58.43:591][633]LogModuleManager: Shutting down and abandoning module Sequencer (172)
[2019.08.21-13.58.43:591][633]LogModuleManager: Shutting down and abandoning module MessageLog (169)
[2019.08.21-13.58.43:591][633]LogModuleManager: Shutting down and abandoning module SlateReflector (164)
[2019.08.21-13.58.43:637][633]LogModuleManager: Shutting down and abandoning module Slate (162)
[2019.08.21-13.58.43:637][633]LogModuleManager: Shutting down and abandoning module EditorStyle (160)
[2019.08.21-13.58.43:638][633]LogModuleManager: Shutting down and abandoning module UnrealEd (158)
[2019.08.21-13.58.43:649][633]LogModuleManager: Shutting down and abandoning module MRMesh (156)
[2019.08.21-13.58.43:649][633]LogModuleManager: Shutting down and abandoning module Messaging (154)
[2019.08.21-13.58.43:649][633]LogModuleManager: Shutting down and abandoning module SourceCodeAccess (152)
[2019.08.21-13.58.43:649][633]LogModuleManager: Shutting down and abandoning module HeadMountedDisplay (150)
[2019.08.21-13.58.43:649][633]LogModuleManager: Shutting down and abandoning module XAudio2 (148)
[2019.08.21-13.58.43:649][633]LogModuleManager: Shutting down and abandoning module Networking (146)
[2019.08.21-13.58.43:649][633]LogModuleManager: Shutting down and abandoning module Core (144)
[2019.08.21-13.58.43:649][633]LogModuleManager: Shutting down and abandoning module KismetCompiler (142)
[2019.08.21-13.58.43:649][633]LogModuleManager: Shutting down and abandoning module MeshUtilities (140)
[2019.08.21-13.58.43:649][633]LogModuleManager: Shutting down and abandoning module MeshMergeUtilities (139)
[2019.08.21-13.58.43:657][633]LogModuleManager: Shutting down and abandoning module MeshReductionInterface (138)
[2019.08.21-13.58.43:657][633]LogModuleManager: Shutting down and abandoning module SkeletalMeshReduction (137)
[2019.08.21-13.58.43:662][633]LogModuleManager: Shutting down and abandoning module ProxyLODMeshReduction (135)
[2019.08.21-13.58.43:688][633]LogModuleManager: Shutting down and abandoning module QuadricMeshReduction (133)
[2019.08.21-13.58.43:697][633]LogModuleManager: Shutting down and abandoning module MaterialBaking (129)
[2019.08.21-13.58.43:711][633]LogModuleManager: Shutting down and abandoning module PIEPreviewDeviceProfileSelector (124)
[2019.08.21-13.58.43:726][633]LogModuleManager: Shutting down and abandoning module DerivedDataCache (122)
[2019.08.21-13.58.43:908][633]LogDerivedDataCache: Shutdown
[2019.08.21-13.58.43:908][633]LogModuleManager: Shutting down and abandoning module XGEController (120)
[2019.08.21-13.58.43:924][633]LogModuleManager: Shutting down and abandoning module TargetPlatform (118)
[2019.08.21-13.58.43:939][633]LogModuleManager: Shutting down and abandoning module VulkanShaderFormat (117)
[2019.08.21-13.58.43:945][633]LogModuleManager: Shutting down and abandoning module ShaderFormatVectorVM (115)
[2019.08.21-13.58.43:958][633]LogModuleManager: Shutting down and abandoning module ShaderFormatOpenGL (113)
[2019.08.21-13.58.43:968][633]LogModuleManager: Shutting down and abandoning module ShaderFormatD3D (111)
[2019.08.21-13.58.43:982][633]LogModuleManager: Shutting down and abandoning module MetalShaderFormat (109)
[2019.08.21-13.58.43:996][633]LogModuleManager: Shutting down and abandoning module TextureFormatUncompressed (107)
[2019.08.21-13.58.43:996][633]LogModuleManager: Shutting down and abandoning module TextureFormatPVR (105)
[2019.08.21-13.58.43:996][633]LogModuleManager: Shutting down and abandoning module TextureFormatDXT (103)
[2019.08.21-13.58.44:001][633]LogModuleManager: Shutting down and abandoning module TextureFormatIntelISPCTexComp (101)
[2019.08.21-13.58.44:013][633]LogModuleManager: Shutting down and abandoning module TextureFormatASTC (99)
[2019.08.21-13.58.44:013][633]LogModuleManager: Shutting down and abandoning module ImageWrapper (98)
[2019.08.21-13.58.44:013][633]LogModuleManager: Shutting down and abandoning module TextureFormatAndroid (95)
[2019.08.21-13.58.44:013][633]LogModuleManager: Shutting down and abandoning module AudioFormatOpus (93)
[2019.08.21-13.58.44:026][633]LogModuleManager: Shutting down and abandoning module AudioFormatOgg (91)
[2019.08.21-13.58.44:026][633]LogModuleManager: Shutting down and abandoning module AudioFormatADPCM (89)
[2019.08.21-13.58.44:039][633]LogModuleManager: Shutting down and abandoning module WindowsTargetPlatform (87)
[2019.08.21-13.58.44:039][633]LogModuleManager: Shutting down and abandoning module WindowsServerTargetPlatform (85)
[2019.08.21-13.58.44:039][633]LogModuleManager: Shutting down and abandoning module WindowsNoEditorTargetPlatform (83)
[2019.08.21-13.58.44:039][633]LogModuleManager: Shutting down and abandoning module WindowsClientTargetPlatform (81)
[2019.08.21-13.58.44:039][633]LogModuleManager: Shutting down and abandoning module InputCore (78)
[2019.08.21-13.58.44:039][633]LogModuleManager: Shutting down and abandoning module Settings (76)
[2019.08.21-13.58.44:039][633]LogModuleManager: Shutting down and abandoning module PhysXCooking (74)
[2019.08.21-13.58.44:039][633]LogModuleManager: Shutting down and abandoning module SteamVR (72)
[2019.08.21-13.58.44:088][633]LogHMD: Freeing OpenVRDLLHandle.
[2019.08.21-13.58.44:088][633]LogModuleManager: Shutting down and abandoning module OculusHMD (70)
[2019.08.21-13.58.44:108][633]LogModuleManager: Shutting down and abandoning module ExampleDeviceProfileSelector (68)
[2019.08.21-13.58.44:108][633]LogModuleManager: Shutting down and abandoning module LauncherChunkInstaller (66)
[2019.08.21-13.58.44:108][633]LogModuleManager: Shutting down and abandoning module OnlineBlueprintSupport (64)
[2019.08.21-13.58.44:108][633]LogModuleManager: Shutting down and abandoning module OnlineSubsystem (60)
[2019.08.21-13.58.44:109][633]LogModuleManager: Shutting down and abandoning module XMPP (55)
[2019.08.21-13.58.44:126][633]LogModuleManager: Shutting down and abandoning module WebSockets (54)
[2019.08.21-13.58.44:182][633]LogModuleManager: Shutting down and abandoning module HTTP (51)
[2019.08.21-13.58.44:196][633]LogModuleManager: Shutting down and abandoning module SSL (50)
[2019.08.21-13.58.44:198][633]LogModuleManager: Shutting down and abandoning module WmfMedia (46)
[2019.08.21-13.58.44:211][633]LogModuleManager: Shutting down and abandoning module Media (45)
[2019.08.21-13.58.44:218][633]LogModuleManager: Shutting down and abandoning module MagicLeap (42)
[2019.08.21-13.58.44:232][633]LogModuleManager: Shutting down and abandoning module DatasmithContent (40)
[2019.08.21-13.58.44:233][633]LogModuleManager: Shutting down and abandoning module AnimationModifiers (38)
[2019.08.21-13.58.44:249][633]LogModuleManager: Shutting down and abandoning module PropertyEditor (37)
[2019.08.21-13.58.44:265][633]LogModuleManager: Shutting down and abandoning module AudioEditor (34)
[2019.08.21-13.58.44:352][633]LogModuleManager: Shutting down and abandoning module TextureCompressor (32)
[2019.08.21-13.58.44:390][633]LogModuleManager: Shutting down and abandoning module RenderCore (30)
[2019.08.21-13.58.44:390][633]LogModuleManager: Shutting down and abandoning module Landscape (28)
[2019.08.21-13.58.44:390][633]LogModuleManager: Shutting down and abandoning module SlateRHIRenderer (26)
[2019.08.21-13.58.44:416][633]LogModuleManager: Shutting down and abandoning module OpenGLDrv (24)
[2019.08.21-13.58.44:437][633]LogModuleManager: Shutting down and abandoning module D3D11RHI (22)
[2019.08.21-13.58.44:437][633]LogModuleManager: Shutting down and abandoning module AnimGraphRuntime (20)
[2019.08.21-13.58.44:441][633]LogModuleManager: Shutting down and abandoning module Renderer (18)
[2019.08.21-13.58.44:441][633]LogModuleManager: Shutting down and abandoning module Engine (16)
[2019.08.21-13.58.44:441][633]LogModuleManager: Shutting down and abandoning module CoreUObject (14)
[2019.08.21-13.58.44:441][633]LogModuleManager: Shutting down and abandoning module NetworkFile (12)
[2019.08.21-13.58.44:441][633]LogModuleManager: Shutting down and abandoning module CookedIterativeFile (10)
[2019.08.21-13.58.44:441][633]LogModuleManager: Shutting down and abandoning module StreamingFile (8)
[2019.08.21-13.58.44:450][633]LogModuleManager: Shutting down and abandoning module SandboxFile (6)
[2019.08.21-13.58.44:450][633]LogModuleManager: Shutting down and abandoning module PakFile (4)
[2019.08.21-13.58.44:462][633]LogModuleManager: Shutting down and abandoning module RSA (3)
[2019.08.21-13.58.44:479][633]LogExit: Exiting.
[2019.08.21-13.58.44:512][633]Log file closed, 08/21/19 23:58:44
